#
# There is insufficient memory for the Java Runtime Environment to continue.
# Native memory allocation (malloc) failed to allocate 32744 bytes for Chunk::new
# Possible reasons:
#   The system is out of physical RAM or swap space
#   The process is running with CompressedOops enabled, and the Java Heap may be blocking the growth of the native heap
# Possible solutions:
#   Reduce memory load on the system
#   Increase physical memory or swap space
#   Check if swap backing store is full
#   Decrease Java heap size (-Xmx/-Xms)
#   Decrease number of Java threads
#   Decrease Java thread stack sizes (-Xss)
#   Set larger code cache with -XX:ReservedCodeCacheSize=
#   JVM is running with Zero Based Compressed Oops mode in which the Java heap is
#     placed in the first 32GB address space. The Java Heap base address is the
#     maximum limit for the native heap growth. Please use -XX:HeapBaseMinAddress
#     to set the Java Heap base and to place the Java Heap above 32GB virtual address.
# This output file may be truncated or incomplete.
#
#  Out of Memory Error (arena.cpp:168), pid=4304, tid=38652
#
# JRE version: Java(TM) SE Runtime Environment (21.0.5+9) (build 21.0.5+9-LTS-239)
# Java VM: Java HotSpot(TM) 64-Bit Server VM (21.0.5+9-LTS-239, mixed mode, sharing, tiered, compressed oops, compressed class ptrs, g1 gc, windows-amd64)
# No core dump will be written. Minidumps are not enabled by default on client versions of Windows
#

---------------  S U M M A R Y ------------

Command Line: -Dclassworlds.conf=C:\apache-maven-3.9.9\bin\m2.conf -Dmaven.home=C:\apache-maven-3.9.9 -Dlibrary.jansi.path=C:\apache-maven-3.9.9\lib\jansi-native -Dmaven.multiModuleProjectDirectory=C:\Users\zoro\Downloads\Compressed\here\TrainSchedules\frontEnd org.codehaus.plexus.classworlds.launcher.Launcher clean javafx:run

Host: Intel(R) Core(TM) i7-6820HQ CPU @ 2.70GHz, 8 cores, 15G,  Windows 10 , 64 bit Build 19041 (10.0.19041.5198)
Time: Wed Dec 18 22:48:21 2024 Morocco Daylight Time elapsed time: 38.156978 seconds (0d 0h 0m 38s)

---------------  T H R E A D  ---------------

Current thread (0x00000275a3cde1b0):  JavaThread "C2 CompilerThread0" daemon [_thread_in_native, id=38652, stack(0x000000a49e200000,0x000000a49e300000) (1024K)]


Current CompileTask:
C2:  38157 9188       4       org.fusesource.jansi.io.AnsiOutputStream::write (898 bytes)

Stack: [0x000000a49e200000,0x000000a49e300000]
Native frames: (J=compiled Java code, j=interpreted, Vv=VM code, C=native code)
V  [jvm.dll+0x6ca289]
V  [jvm.dll+0x854a51]
V  [jvm.dll+0x856f7e]
V  [jvm.dll+0x857653]
V  [jvm.dll+0x27dd26]
V  [jvm.dll+0xc4c2d]
V  [jvm.dll+0xc5163]
V  [jvm.dll+0x6a5f5d]
V  [jvm.dll+0x65b5e5]
V  [jvm.dll+0x65995d]
V  [jvm.dll+0x246795]
V  [jvm.dll+0x245eef]
V  [jvm.dll+0x1c6d0e]
V  [jvm.dll+0x2554d9]
V  [jvm.dll+0x253a6a]
V  [jvm.dll+0x3ee136]
V  [jvm.dll+0x7fee9b]
V  [jvm.dll+0x6c896d]
C  [ucrtbase.dll+0x21bb2]
C  [KERNEL32.DLL+0x17374]
C  [ntdll.dll+0x4cc91]


---------------  P R O C E S S  ---------------

Threads class SMR info:
_java_thread_list=0x00000275ea66b070, length=15, elements={
0x000002758293f6d0, 0x00000275a3cc0cd0, 0x00000275a3cc1d90, 0x00000275a3cc7030,
0x00000275a3cc7a80, 0x00000275a3cc8b90, 0x00000275a3cc9790, 0x00000275a3cde1b0,
0x00000275a3cd2f30, 0x00000275e9185960, 0x00000275e9189b90, 0x00000275e9d51910,
0x00000275eaf20ba0, 0x00000275eaf1f160, 0x00000275eaf21230
}

Java Threads: ( => current thread )
  0x000002758293f6d0 JavaThread "main"                              [_thread_in_native, id=37848, stack(0x000000a49d400000,0x000000a49d500000) (1024K)]
  0x00000275a3cc0cd0 JavaThread "Reference Handler"          daemon [_thread_blocked, id=38396, stack(0x000000a49dc00000,0x000000a49dd00000) (1024K)]
  0x00000275a3cc1d90 JavaThread "Finalizer"                  daemon [_thread_blocked, id=31216, stack(0x000000a49dd00000,0x000000a49de00000) (1024K)]
  0x00000275a3cc7030 JavaThread "Signal Dispatcher"          daemon [_thread_blocked, id=35412, stack(0x000000a49de00000,0x000000a49df00000) (1024K)]
  0x00000275a3cc7a80 JavaThread "Attach Listener"            daemon [_thread_blocked, id=5068, stack(0x000000a49df00000,0x000000a49e000000) (1024K)]
  0x00000275a3cc8b90 JavaThread "Service Thread"             daemon [_thread_blocked, id=1812, stack(0x000000a49e000000,0x000000a49e100000) (1024K)]
  0x00000275a3cc9790 JavaThread "Monitor Deflation Thread"   daemon [_thread_blocked, id=29800, stack(0x000000a49e100000,0x000000a49e200000) (1024K)]
=>0x00000275a3cde1b0 JavaThread "C2 CompilerThread0"         daemon [_thread_in_native, id=38652, stack(0x000000a49e200000,0x000000a49e300000) (1024K)]
  0x00000275a3cd2f30 JavaThread "C1 CompilerThread0"         daemon [_thread_blocked, id=37376, stack(0x000000a49e300000,0x000000a49e400000) (1024K)]
  0x00000275e9185960 JavaThread "Notification Thread"        daemon [_thread_blocked, id=21928, stack(0x000000a49e400000,0x000000a49e500000) (1024K)]
  0x00000275e9189b90 JavaThread "Common-Cleaner"             daemon [_thread_blocked, id=36276, stack(0x000000a49e500000,0x000000a49e600000) (1024K)]
  0x00000275e9d51910 JavaThread "Thread-1"                   daemon [_thread_blocked, id=29112, stack(0x000000a49ed00000,0x000000a49ee00000) (1024K)]
  0x00000275eaf20ba0 JavaThread "Exec Stream Pumper"         daemon [_thread_in_native, id=35384, stack(0x000000a49ef00000,0x000000a49f000000) (1024K)]
  0x00000275eaf1f160 JavaThread "Exec Stream Pumper"         daemon [_thread_in_native, id=7436, stack(0x000000a49f000000,0x000000a49f100000) (1024K)]
  0x00000275eaf21230 JavaThread "Exec Input Stream Pumper"   daemon [_thread_blocked, id=19792, stack(0x000000a49f100000,0x000000a49f200000) (1024K)]
Total: 15

Other Threads:
  0x00000275a3ca4370 VMThread "VM Thread"                           [id=38816, stack(0x000000a49db00000,0x000000a49dc00000) (1024K)]
  0x00000275a3c929b0 WatcherThread "VM Periodic Task Thread"        [id=29768, stack(0x000000a49da00000,0x000000a49db00000) (1024K)]
  0x0000027584b81f30 WorkerThread "GC Thread#0"                     [id=25176, stack(0x000000a49d500000,0x000000a49d600000) (1024K)]
  0x00000275e9c053c0 WorkerThread "GC Thread#1"                     [id=33916, stack(0x000000a49e600000,0x000000a49e700000) (1024K)]
  0x00000275e9c05760 WorkerThread "GC Thread#2"                     [id=29292, stack(0x000000a49e700000,0x000000a49e800000) (1024K)]
  0x00000275e9b1cba0 WorkerThread "GC Thread#3"                     [id=24852, stack(0x000000a49e800000,0x000000a49e900000) (1024K)]
  0x00000275e9b1d2e0 WorkerThread "GC Thread#4"                     [id=30120, stack(0x000000a49e900000,0x000000a49ea00000) (1024K)]
  0x00000275e9b1e160 WorkerThread "GC Thread#5"                     [id=34156, stack(0x000000a49ea00000,0x000000a49eb00000) (1024K)]
  0x00000275e9b1cf40 WorkerThread "GC Thread#6"                     [id=33816, stack(0x000000a49eb00000,0x000000a49ec00000) (1024K)]
  0x00000275e9b1d680 WorkerThread "GC Thread#7"                     [id=18080, stack(0x000000a49ec00000,0x000000a49ed00000) (1024K)]
  0x0000027584b92e90 ConcurrentGCThread "G1 Main Marker"            [id=8252, stack(0x000000a49d600000,0x000000a49d700000) (1024K)]
  0x0000027584b94040 WorkerThread "G1 Conc#0"                       [id=29684, stack(0x000000a49d700000,0x000000a49d800000) (1024K)]
  0x00000275e9cd24e0 WorkerThread "G1 Conc#1"                       [id=24968, stack(0x000000a49ee00000,0x000000a49ef00000) (1024K)]
  0x0000027584beeac0 ConcurrentGCThread "G1 Refine#0"               [id=1992, stack(0x000000a49d800000,0x000000a49d900000) (1024K)]
  0x00000275a3b557c0 ConcurrentGCThread "G1 Service"                [id=35636, stack(0x000000a49d900000,0x000000a49da00000) (1024K)]
Total: 15

Threads with active compile tasks:
C2 CompilerThread0    38203 9188       4       org.fusesource.jansi.io.AnsiOutputStream::write (898 bytes)
Total: 1

VM state: not at safepoint (normal execution)

VM Mutex/Monitor currently owned by a thread: None

Heap address: 0x0000000701400000, size: 4076 MB, Compressed Oops mode: Zero based, Oop shift amount: 3

CDS archive(s) mapped at: [0x00000275a4000000-0x00000275a4c90000-0x00000275a4c90000), size 13172736, SharedBaseAddress: 0x00000275a4000000, ArchiveRelocationMode: 1.
Compressed class space mapped at: 0x00000275a5000000-0x00000275e5000000, reserved size: 1073741824
Narrow klass base: 0x00000275a4000000, Narrow klass shift: 0, Narrow klass range: 0x100000000

GC Precious Log:
 CardTable entry size: 512
 Card Set container configuration: InlinePtr #cards 4 size 8 Array Of Cards #cards 16 size 48 Howl #buckets 8 coarsen threshold 3686 Howl Bitmap #cards 512 size 80 coarsen threshold 460 Card regions per heap region 1 cards per card region 4096
 CPUs: 8 total, 8 available
 Memory: 16299M
 Large Page Support: Disabled
 NUMA Support: Disabled
 Compressed Oops: Enabled (Zero based)
 Heap Region Size: 2M
 Heap Min Capacity: 8M
 Heap Initial Capacity: 256M
 Heap Max Capacity: 4076M
 Pre-touch: Disabled
 Parallel Workers: 8
 Concurrent Workers: 2
 Concurrent Refinement Workers: 8
 Periodic GC: Disabled

Heap:
 garbage-first heap   total 96256K, used 52970K [0x0000000701400000, 0x0000000800000000)
  region size 2048K, 14 young (28672K), 4 survivors (8192K)
 Metaspace       used 32131K, committed 32512K, reserved 1114112K
  class space    used 3560K, committed 3712K, reserved 1048576K

Heap Regions: E=young(eden), S=young(survivor), O=old, HS=humongous(starts), HC=humongous(continues), CS=collection set, F=free, TAMS=top-at-mark-start, PB=parsable bottom
|   0|0x0000000701400000, 0x0000000701600000, 0x0000000701600000|100%| O|  |TAMS 0x0000000701400000| PB 0x0000000701400000| Untracked 
|   1|0x0000000701600000, 0x0000000701800000, 0x0000000701800000|100%|HS|  |TAMS 0x0000000701600000| PB 0x0000000701600000| Complete 
|   2|0x0000000701800000, 0x0000000701a00000, 0x0000000701a00000|100%| O|  |TAMS 0x0000000701800000| PB 0x0000000701800000| Untracked 
|   3|0x0000000701a00000, 0x0000000701c00000, 0x0000000701c00000|100%| O|  |TAMS 0x0000000701a00000| PB 0x0000000701a00000| Untracked 
|   4|0x0000000701c00000, 0x0000000701e00000, 0x0000000701e00000|100%| O|  |TAMS 0x0000000701c00000| PB 0x0000000701c00000| Untracked 
|   5|0x0000000701e00000, 0x0000000702000000, 0x0000000702000000|100%| O|  |TAMS 0x0000000701e00000| PB 0x0000000701e00000| Untracked 
|   6|0x0000000702000000, 0x0000000702200000, 0x0000000702200000|100%| O|  |TAMS 0x0000000702000000| PB 0x0000000702000000| Untracked 
|   7|0x0000000702200000, 0x0000000702400000, 0x0000000702400000|100%| O|  |TAMS 0x0000000702200000| PB 0x0000000702200000| Untracked 
|   8|0x0000000702400000, 0x0000000702600000, 0x0000000702600000|100%| O|  |TAMS 0x0000000702400000| PB 0x0000000702400000| Untracked 
|   9|0x0000000702600000, 0x0000000702800000, 0x0000000702800000|100%| O|  |TAMS 0x0000000702600000| PB 0x0000000702600000| Untracked 
|  10|0x0000000702800000, 0x0000000702a00000, 0x0000000702a00000|100%| O|  |TAMS 0x0000000702800000| PB 0x0000000702800000| Untracked 
|  11|0x0000000702a00000, 0x0000000702c00000, 0x0000000702c00000|100%| O|  |TAMS 0x0000000702a00000| PB 0x0000000702a00000| Untracked 
|  12|0x0000000702c00000, 0x0000000702e00000, 0x0000000702e00000|100%| O|  |TAMS 0x0000000702c00000| PB 0x0000000702c00000| Untracked 
|  13|0x0000000702e00000, 0x0000000703000000, 0x0000000703000000|100%| O|  |TAMS 0x0000000702e00000| PB 0x0000000702e00000| Untracked 
|  14|0x0000000703000000, 0x00000007030feff0, 0x0000000703200000| 49%| O|  |TAMS 0x0000000703000000| PB 0x0000000703000000| Untracked 
|  15|0x0000000703200000, 0x0000000703200000, 0x0000000703400000|  0%| F|  |TAMS 0x0000000703200000| PB 0x0000000703200000| Untracked 
|  16|0x0000000703400000, 0x0000000703400000, 0x0000000703600000|  0%| F|  |TAMS 0x0000000703400000| PB 0x0000000703400000| Untracked 
|  17|0x0000000703600000, 0x0000000703600000, 0x0000000703800000|  0%| F|  |TAMS 0x0000000703600000| PB 0x0000000703600000| Untracked 
|  18|0x0000000703800000, 0x00000007038bb940, 0x0000000703a00000| 36%| S|CS|TAMS 0x0000000703800000| PB 0x0000000703800000| Complete 
|  19|0x0000000703a00000, 0x0000000703c00000, 0x0000000703c00000|100%| S|CS|TAMS 0x0000000703a00000| PB 0x0000000703a00000| Complete 
|  20|0x0000000703c00000, 0x0000000703e00000, 0x0000000703e00000|100%| S|CS|TAMS 0x0000000703c00000| PB 0x0000000703c00000| Complete 
|  21|0x0000000703e00000, 0x0000000704000000, 0x0000000704000000|100%| S|CS|TAMS 0x0000000703e00000| PB 0x0000000703e00000| Complete 
|  22|0x0000000704000000, 0x0000000704000000, 0x0000000704200000|  0%| F|  |TAMS 0x0000000704000000| PB 0x0000000704000000| Untracked 
|  23|0x0000000704200000, 0x0000000704200000, 0x0000000704400000|  0%| F|  |TAMS 0x0000000704200000| PB 0x0000000704200000| Untracked 
|  24|0x0000000704400000, 0x0000000704400000, 0x0000000704600000|  0%| F|  |TAMS 0x0000000704400000| PB 0x0000000704400000| Untracked 
|  25|0x0000000704600000, 0x0000000704600000, 0x0000000704800000|  0%| F|  |TAMS 0x0000000704600000| PB 0x0000000704600000| Untracked 
|  26|0x0000000704800000, 0x0000000704800000, 0x0000000704a00000|  0%| F|  |TAMS 0x0000000704800000| PB 0x0000000704800000| Untracked 
|  27|0x0000000704a00000, 0x0000000704a00000, 0x0000000704c00000|  0%| F|  |TAMS 0x0000000704a00000| PB 0x0000000704a00000| Untracked 
|  28|0x0000000704c00000, 0x0000000704c00000, 0x0000000704e00000|  0%| F|  |TAMS 0x0000000704c00000| PB 0x0000000704c00000| Untracked 
|  29|0x0000000704e00000, 0x0000000704e00000, 0x0000000705000000|  0%| F|  |TAMS 0x0000000704e00000| PB 0x0000000704e00000| Untracked 
|  30|0x0000000705000000, 0x0000000705000000, 0x0000000705200000|  0%| F|  |TAMS 0x0000000705000000| PB 0x0000000705000000| Untracked 
|  31|0x0000000705200000, 0x0000000705200000, 0x0000000705400000|  0%| F|  |TAMS 0x0000000705200000| PB 0x0000000705200000| Untracked 
|  32|0x0000000705400000, 0x0000000705400000, 0x0000000705600000|  0%| F|  |TAMS 0x0000000705400000| PB 0x0000000705400000| Untracked 
|  33|0x0000000705600000, 0x0000000705600000, 0x0000000705800000|  0%| F|  |TAMS 0x0000000705600000| PB 0x0000000705600000| Untracked 
|  34|0x0000000705800000, 0x0000000705800000, 0x0000000705a00000|  0%| F|  |TAMS 0x0000000705800000| PB 0x0000000705800000| Untracked 
|  35|0x0000000705a00000, 0x0000000705a00000, 0x0000000705c00000|  0%| F|  |TAMS 0x0000000705a00000| PB 0x0000000705a00000| Untracked 
|  36|0x0000000705c00000, 0x0000000705c00000, 0x0000000705e00000|  0%| F|  |TAMS 0x0000000705c00000| PB 0x0000000705c00000| Untracked 
|  37|0x0000000705e00000, 0x0000000705e00800, 0x0000000706000000|  0%| E|  |TAMS 0x0000000705e00000| PB 0x0000000705e00000| Complete 
|  38|0x0000000706000000, 0x0000000706200000, 0x0000000706200000|100%| E|CS|TAMS 0x0000000706000000| PB 0x0000000706000000| Complete 
|  39|0x0000000706200000, 0x0000000706400000, 0x0000000706400000|100%| E|CS|TAMS 0x0000000706200000| PB 0x0000000706200000| Complete 
|  40|0x0000000706400000, 0x0000000706600000, 0x0000000706600000|100%| E|CS|TAMS 0x0000000706400000| PB 0x0000000706400000| Complete 
|  78|0x000000070b000000, 0x000000070b200000, 0x000000070b200000|100%| E|  |TAMS 0x000000070b000000| PB 0x000000070b000000| Complete 
|  79|0x000000070b200000, 0x000000070b400000, 0x000000070b400000|100%| E|CS|TAMS 0x000000070b200000| PB 0x000000070b200000| Complete 
|  80|0x000000070b400000, 0x000000070b600000, 0x000000070b600000|100%| E|CS|TAMS 0x000000070b400000| PB 0x000000070b400000| Complete 
|  81|0x000000070b600000, 0x000000070b800000, 0x000000070b800000|100%| E|CS|TAMS 0x000000070b600000| PB 0x000000070b600000| Complete 
|  82|0x000000070b800000, 0x000000070ba00000, 0x000000070ba00000|100%| E|CS|TAMS 0x000000070b800000| PB 0x000000070b800000| Complete 
| 127|0x0000000711200000, 0x0000000711400000, 0x0000000711400000|100%| E|CS|TAMS 0x0000000711200000| PB 0x0000000711200000| Complete 

Card table byte_map: [0x000002759cae0000,0x000002759d2e0000] _byte_map_base: 0x00000275992d6000

Marking Bits: (CMBitMap*) 0x0000027584b82540
 Bits: [0x000002759d2e0000, 0x00000275a1290000)

Polling page: 0x0000027582b00000

Metaspace:

Usage:
  Non-class:     27.90 MB used.
      Class:      3.48 MB used.
       Both:     31.38 MB used.

Virtual space:
  Non-class space:       64.00 MB reserved,      28.12 MB ( 44%) committed,  1 nodes.
      Class space:        1.00 GB reserved,       3.62 MB ( <1%) committed,  1 nodes.
             Both:        1.06 GB reserved,      31.75 MB (  3%) committed. 

Chunk freelists:
   Non-Class:  3.16 MB
       Class:  12.32 MB
        Both:  15.48 MB

MaxMetaspaceSize: unlimited
CompressedClassSpaceSize: 1.00 GB
Initial GC threshold: 21.00 MB
Current GC threshold: 35.25 MB
CDS: on
 - commit_granule_bytes: 65536.
 - commit_granule_words: 8192.
 - virtual_space_node_default_size: 8388608.
 - enlarge_chunks_in_place: 1.
 - use_allocation_guard: 0.


Internal statistics:

num_allocs_failed_limit: 3.
num_arena_births: 354.
num_arena_deaths: 0.
num_vsnodes_births: 2.
num_vsnodes_deaths: 0.
num_space_committed: 508.
num_space_uncommitted: 0.
num_chunks_returned_to_freelist: 3.
num_chunks_taken_from_freelist: 1478.
num_chunk_merges: 3.
num_chunk_splits: 1069.
num_chunks_enlarged: 858.
num_inconsistent_stats: 0.

CodeHeap 'non-profiled nmethods': size=120000Kb used=3395Kb max_used=3395Kb free=116604Kb
 bounds [0x0000027594a80000, 0x0000027594de0000, 0x000002759bfb0000]
CodeHeap 'profiled nmethods': size=120000Kb used=20159Kb max_used=20159Kb free=99840Kb
 bounds [0x000002758cfb0000, 0x000002758e360000, 0x00000275944e0000]
CodeHeap 'non-nmethods': size=5760Kb used=1460Kb max_used=1536Kb free=4299Kb
 bounds [0x00000275944e0000, 0x0000027594750000, 0x0000027594a80000]
 total_blobs=9726 nmethods=9183 adapters=447
 compilation: enabled
              stopped_count=0, restarted_count=0
 full_count=0

Compilation events (20 events):
Event: 12.125 Thread 0x00000275a3cde1b0 nmethod 9158 0x0000027594dcc810 code [0x0000027594dcc9a0, 0x0000027594dcca68]
Event: 12.125 Thread 0x00000275a3cde1b0 9170       4       java.util.HashMap::<init> (98 bytes)
Event: 12.127 Thread 0x00000275a3cde1b0 nmethod 9170 0x0000027594dccb10 code [0x0000027594dccca0, 0x0000027594dcce40]
Event: 12.127 Thread 0x00000275a3cde1b0 9156       4       java.util.ImmutableCollections$List12::get (35 bytes)
Event: 12.128 Thread 0x00000275a3cde1b0 nmethod 9156 0x0000027594dccf90 code [0x0000027594dcd120, 0x0000027594dcd208]
Event: 12.129 Thread 0x00000275a3cde1b0 9159       4       java.util.stream.Collectors$$Lambda/0x80000003a::accept (14 bytes)
Event: 12.130 Thread 0x00000275a3cde1b0 nmethod 9159 0x0000027594dcd310 code [0x0000027594dcd4a0, 0x0000027594dcd598]
Event: 12.130 Thread 0x00000275a3cde1b0 9148       4       java.util.zip.ZipFile::getZipEntry (322 bytes)
Event: 12.170 Thread 0x00000275a3cde1b0 nmethod 9148 0x0000027594dcd690 code [0x0000027594dcd8e0, 0x0000027594dcee18]
Event: 12.171 Thread 0x00000275a3cde1b0 9151       4       java.util.zip.ZipEntry::<init> (84 bytes)
Event: 12.174 Thread 0x00000275a3cde1b0 nmethod 9151 0x0000027594dcfa10 code [0x0000027594dcfba0, 0x0000027594dcfda8]
Event: 12.174 Thread 0x00000275a3cde1b0 9138       4       jdk.internal.misc.Unsafe::getShortUnaligned (12 bytes)
Event: 12.175 Thread 0x00000275a3cde1b0 nmethod 9138 0x0000027594dcff10 code [0x0000027594dd00a0, 0x0000027594dd0178]
Event: 12.175 Thread 0x00000275a3cde1b0 9149       4       java.util.zip.ZipFile$Source::getEntryPos (9 bytes)
Event: 12.176 Thread 0x00000275a3cde1b0 nmethod 9149 0x0000027594dd0290 code [0x0000027594dd0420, 0x0000027594dd04f8]
Event: 15.813 Thread 0x00000275a3cd2f30 9185   !   3       java.io.FileInputStream::available (24 bytes)
Event: 15.813 Thread 0x00000275a3cd2f30 nmethod 9185 0x000002758e35fa90 code [0x000002758e35fc60, 0x000002758e35fe70]
Event: 26.456 Thread 0x00000275a3cd2f30 9186       1       jdk.internal.event.ThreadSleepEvent::isEnabled (2 bytes)
Event: 26.456 Thread 0x00000275a3cd2f30 nmethod 9186 0x0000027594dd0990 code [0x0000027594dd0b20, 0x0000027594dd0be8]
Event: 38.139 Thread 0x00000275a3cde1b0 9188       4       org.fusesource.jansi.io.AnsiOutputStream::write (898 bytes)

GC Heap History (18 events):
Event: 0.949 GC heap before
{Heap before GC invocations=0 (full 0):
 garbage-first heap   total 262144K, used 22528K [0x0000000701400000, 0x0000000800000000)
  region size 2048K, 11 young (22528K), 0 survivors (0K)
 Metaspace       used 5643K, committed 5824K, reserved 1114112K
  class space    used 651K, committed 768K, reserved 1048576K
}
Event: 0.954 GC heap after
{Heap after GC invocations=1 (full 0):
 garbage-first heap   total 262144K, used 3931K [0x0000000701400000, 0x0000000800000000)
  region size 2048K, 2 young (4096K), 2 survivors (4096K)
 Metaspace       used 5643K, committed 5824K, reserved 1114112K
  class space    used 651K, committed 768K, reserved 1048576K
}
Event: 1.992 GC heap before
{Heap before GC invocations=1 (full 0):
 garbage-first heap   total 262144K, used 36699K [0x0000000701400000, 0x0000000800000000)
  region size 2048K, 18 young (36864K), 2 survivors (4096K)
 Metaspace       used 10373K, committed 10560K, reserved 1114112K
  class space    used 1224K, committed 1344K, reserved 1048576K
}
Event: 1.998 GC heap after
{Heap after GC invocations=2 (full 0):
 garbage-first heap   total 262144K, used 5783K [0x0000000701400000, 0x0000000800000000)
  region size 2048K, 2 young (4096K), 2 survivors (4096K)
 Metaspace       used 10373K, committed 10560K, reserved 1114112K
  class space    used 1224K, committed 1344K, reserved 1048576K
}
Event: 5.969 GC heap before
{Heap before GC invocations=2 (full 0):
 garbage-first heap   total 262144K, used 91799K [0x0000000701400000, 0x0000000800000000)
  region size 2048K, 45 young (92160K), 2 survivors (4096K)
 Metaspace       used 21196K, committed 21504K, reserved 1114112K
  class space    used 2466K, committed 2624K, reserved 1048576K
}
Event: 5.979 GC heap after
{Heap after GC invocations=3 (full 0):
 garbage-first heap   total 262144K, used 12663K [0x0000000701400000, 0x0000000800000000)
  region size 2048K, 5 young (10240K), 5 survivors (10240K)
 Metaspace       used 21196K, committed 21504K, reserved 1114112K
  class space    used 2466K, committed 2624K, reserved 1048576K
}
Event: 7.372 GC heap before
{Heap before GC invocations=4 (full 0):
 garbage-first heap   total 55296K, used 53623K [0x0000000701400000, 0x0000000800000000)
  region size 2048K, 25 young (51200K), 5 survivors (10240K)
 Metaspace       used 26532K, committed 26944K, reserved 1114112K
  class space    used 3007K, committed 3200K, reserved 1048576K
}
Event: 7.395 GC heap after
{Heap after GC invocations=5 (full 0):
 garbage-first heap   total 73728K, used 21793K [0x0000000701400000, 0x0000000800000000)
  region size 2048K, 9 young (18432K), 9 survivors (18432K)
 Metaspace       used 26532K, committed 26944K, reserved 1114112K
  class space    used 3007K, committed 3200K, reserved 1048576K
}
Event: 7.754 GC heap before
{Heap before GC invocations=5 (full 0):
 garbage-first heap   total 73728K, used 46369K [0x0000000701400000, 0x0000000800000000)
  region size 2048K, 21 young (43008K), 9 survivors (18432K)
 Metaspace       used 27009K, committed 27456K, reserved 1114112K
  class space    used 3064K, committed 3264K, reserved 1048576K
}
Event: 7.780 GC heap after
{Heap after GC invocations=6 (full 0):
 garbage-first heap   total 73728K, used 25100K [0x0000000701400000, 0x0000000800000000)
  region size 2048K, 3 young (6144K), 3 survivors (6144K)
 Metaspace       used 27009K, committed 27456K, reserved 1114112K
  class space    used 3064K, committed 3264K, reserved 1048576K
}
Event: 8.396 GC heap before
{Heap before GC invocations=6 (full 0):
 garbage-first heap   total 73728K, used 57868K [0x0000000701400000, 0x0000000800000000)
  region size 2048K, 18 young (36864K), 3 survivors (6144K)
 Metaspace       used 28406K, committed 28800K, reserved 1114112K
  class space    used 3212K, committed 3392K, reserved 1048576K
}
Event: 8.418 GC heap after
{Heap after GC invocations=7 (full 0):
 garbage-first heap   total 73728K, used 29285K [0x0000000701400000, 0x0000000800000000)
  region size 2048K, 3 young (6144K), 3 survivors (6144K)
 Metaspace       used 28406K, committed 28800K, reserved 1114112K
  class space    used 3212K, committed 3392K, reserved 1048576K
}
Event: 9.378 GC heap before
{Heap before GC invocations=7 (full 0):
 garbage-first heap   total 73728K, used 57957K [0x0000000701400000, 0x0000000800000000)
  region size 2048K, 17 young (34816K), 3 survivors (6144K)
 Metaspace       used 29801K, committed 30208K, reserved 1114112K
  class space    used 3334K, committed 3520K, reserved 1048576K
}
Event: 9.397 GC heap after
{Heap after GC invocations=8 (full 0):
 garbage-first heap   total 96256K, used 32231K [0x0000000701400000, 0x0000000800000000)
  region size 2048K, 2 young (4096K), 2 survivors (4096K)
 Metaspace       used 29801K, committed 30208K, reserved 1114112K
  class space    used 3334K, committed 3520K, reserved 1048576K
}
Event: 10.535 GC heap before
{Heap before GC invocations=8 (full 0):
 garbage-first heap   total 96256K, used 77287K [0x0000000701400000, 0x0000000800000000)
  region size 2048K, 24 young (49152K), 2 survivors (4096K)
 Metaspace       used 30345K, committed 30784K, reserved 1114112K
  class space    used 3350K, committed 3520K, reserved 1048576K
}
Event: 10.552 GC heap after
{Heap after GC invocations=9 (full 0):
 garbage-first heap   total 96256K, used 34080K [0x0000000701400000, 0x0000000800000000)
  region size 2048K, 3 young (6144K), 3 survivors (6144K)
 Metaspace       used 30345K, committed 30784K, reserved 1114112K
  class space    used 3350K, committed 3520K, reserved 1048576K
}
Event: 11.733 GC heap before
{Heap before GC invocations=9 (full 0):
 garbage-first heap   total 96256K, used 79136K [0x0000000701400000, 0x0000000800000000)
  region size 2048K, 25 young (51200K), 3 survivors (6144K)
 Metaspace       used 30868K, committed 31360K, reserved 1114112K
  class space    used 3365K, committed 3584K, reserved 1048576K
}
Event: 11.747 GC heap after
{Heap after GC invocations=10 (full 0):
 garbage-first heap   total 96256K, used 36586K [0x0000000701400000, 0x0000000800000000)
  region size 2048K, 4 young (8192K), 4 survivors (8192K)
 Metaspace       used 30868K, committed 31360K, reserved 1114112K
  class space    used 3365K, committed 3584K, reserved 1048576K
}

Dll operation events (8 events):
Event: 0.011 Loaded shared library C:\Program Files\Java\jdk-21\bin\java.dll
Event: 0.058 Loaded shared library C:\Program Files\Java\jdk-21\bin\jsvml.dll
Event: 0.085 Loaded shared library C:\Program Files\Java\jdk-21\bin\net.dll
Event: 0.088 Loaded shared library C:\Program Files\Java\jdk-21\bin\nio.dll
Event: 0.092 Loaded shared library C:\Program Files\Java\jdk-21\bin\zip.dll
Event: 0.269 Loaded shared library C:\Program Files\Java\jdk-21\bin\jimage.dll
Event: 0.270 Loaded shared library C:\apache-maven-3.9.9\lib\jansi-native\Windows\x86_64\jansi.dll
Event: 0.295 Loaded shared library C:\Program Files\Java\jdk-21\bin\verify.dll

Deoptimization events (20 events):
Event: 12.027 Thread 0x000002758293f6d0 Uncommon trap: trap_request=0xffffffc6 fr.pc=0x0000027594d43800 relative=0x0000000000000960
Event: 12.027 Thread 0x000002758293f6d0 Uncommon trap: reason=bimorphic_or_optimized_type_check action=maybe_recompile pc=0x0000027594d43800 method=java.util.stream.ReferencePipeline.forEachWithCancel(Ljava/util/Spliterator;Ljava/util/stream/Sink;)Z @ 13 c2
Event: 12.027 Thread 0x000002758293f6d0 DEOPT PACKING pc=0x0000027594d43800 sp=0x000000a49d4fdf10
Event: 12.027 Thread 0x000002758293f6d0 DEOPT UNPACKING pc=0x00000275945346a2 sp=0x000000a49d4fddf8 mode 2
Event: 12.052 Thread 0x000002758293f6d0 Uncommon trap: trap_request=0xffffffc6 fr.pc=0x0000027594d43800 relative=0x0000000000000960
Event: 12.052 Thread 0x000002758293f6d0 Uncommon trap: reason=bimorphic_or_optimized_type_check action=maybe_recompile pc=0x0000027594d43800 method=java.util.stream.ReferencePipeline.forEachWithCancel(Ljava/util/Spliterator;Ljava/util/stream/Sink;)Z @ 13 c2
Event: 12.052 Thread 0x000002758293f6d0 DEOPT PACKING pc=0x0000027594d43800 sp=0x000000a49d4fdf10
Event: 12.052 Thread 0x000002758293f6d0 DEOPT UNPACKING pc=0x00000275945346a2 sp=0x000000a49d4fddf8 mode 2
Event: 12.067 Thread 0x000002758293f6d0 Uncommon trap: trap_request=0xffffffbe fr.pc=0x0000027594c4116c relative=0x000000000000124c
Event: 12.067 Thread 0x000002758293f6d0 Uncommon trap: reason=profile_predicate action=maybe_recompile pc=0x0000027594c4116c method=java.util.TimSort.binarySort([Ljava/lang/Object;IIILjava/util/Comparator;)V @ 34 c2
Event: 12.067 Thread 0x000002758293f6d0 DEOPT PACKING pc=0x0000027594c4116c sp=0x000000a49d4fdb70
Event: 12.067 Thread 0x000002758293f6d0 DEOPT UNPACKING pc=0x00000275945346a2 sp=0x000000a49d4fdb40 mode 2
Event: 12.067 Thread 0x000002758293f6d0 Uncommon trap: trap_request=0xffffffbe fr.pc=0x0000027594c4116c relative=0x000000000000124c
Event: 12.067 Thread 0x000002758293f6d0 Uncommon trap: reason=profile_predicate action=maybe_recompile pc=0x0000027594c4116c method=java.util.TimSort.binarySort([Ljava/lang/Object;IIILjava/util/Comparator;)V @ 34 c2
Event: 12.067 Thread 0x000002758293f6d0 DEOPT PACKING pc=0x0000027594c4116c sp=0x000000a49d4fdb70
Event: 12.067 Thread 0x000002758293f6d0 DEOPT UNPACKING pc=0x00000275945346a2 sp=0x000000a49d4fdb40 mode 2
Event: 12.067 Thread 0x000002758293f6d0 Uncommon trap: trap_request=0xffffffbe fr.pc=0x0000027594c4116c relative=0x000000000000124c
Event: 12.067 Thread 0x000002758293f6d0 Uncommon trap: reason=profile_predicate action=maybe_recompile pc=0x0000027594c4116c method=java.util.TimSort.binarySort([Ljava/lang/Object;IIILjava/util/Comparator;)V @ 34 c2
Event: 12.068 Thread 0x000002758293f6d0 DEOPT PACKING pc=0x0000027594c4116c sp=0x000000a49d4fdb70
Event: 12.068 Thread 0x000002758293f6d0 DEOPT UNPACKING pc=0x00000275945346a2 sp=0x000000a49d4fdb40 mode 2

Classes loaded (20 events):
Event: 12.087 Loading class jdk/internal/logger/LazyLoggers
Event: 12.088 Loading class jdk/internal/logger/LazyLoggers done
Event: 12.088 Loading class jdk/internal/logger/LazyLoggers$1
Event: 12.088 Loading class jdk/internal/logger/LazyLoggers$1 done
Event: 12.088 Loading class jdk/internal/logger/LazyLoggers$LazyLoggerFactories
Event: 12.088 Loading class jdk/internal/logger/LazyLoggers$LazyLoggerFactories done
Event: 12.090 Loading class jdk/internal/logger/LoggerFinderLoader
Event: 12.092 Loading class jdk/internal/logger/LoggerFinderLoader done
Event: 12.092 Loading class jdk/internal/logger/LoggerFinderLoader$TemporaryLoggerFinder
Event: 12.096 Loading class jdk/internal/logger/LoggerFinderLoader$TemporaryLoggerFinder done
Event: 12.097 Loading class sun/util/logging/internal/LoggingProviderImpl$JULWrapper
Event: 12.097 Loading class sun/util/logging/PlatformLogger$ConfigurableBridge$LoggerConfiguration
Event: 12.098 Loading class sun/util/logging/PlatformLogger$ConfigurableBridge$LoggerConfiguration done
Event: 12.098 Loading class sun/util/logging/internal/LoggingProviderImpl$JULWrapper done
Event: 12.098 Loading class java/lang/System$Logger$Level
Event: 12.098 Loading class java/lang/System$Logger$Level done
Event: 12.099 Loading class java/io/PipedOutputStream
Event: 12.099 Loading class java/io/PipedOutputStream done
Event: 12.101 Loading class jdk/internal/event/ThreadSleepEvent
Event: 12.101 Loading class jdk/internal/event/ThreadSleepEvent done

Classes unloaded (0 events):
No events

Classes redefined (0 events):
No events

Internal exceptions (20 events):
Event: 10.306 Thread 0x000002758293f6d0 Exception <a 'sun/nio/fs/WindowsException'{0x0000000704caa700}> (0x0000000704caa700) 
thrown [s\open\src\hotspot\share\prims\jni.cpp, line 520]
Event: 10.306 Thread 0x000002758293f6d0 Exception <a 'sun/nio/fs/WindowsException'{0x0000000704caae90}> (0x0000000704caae90) 
thrown [s\open\src\hotspot\share\prims\jni.cpp, line 520]
Event: 10.350 Thread 0x000002758293f6d0 Exception <a 'sun/nio/fs/WindowsException'{0x0000000704ce2d18}> (0x0000000704ce2d18) 
thrown [s\open\src\hotspot\share\prims\jni.cpp, line 520]
Event: 10.398 Thread 0x000002758293f6d0 Exception <a 'sun/nio/fs/WindowsException'{0x0000000704a37448}> (0x0000000704a37448) 
thrown [s\open\src\hotspot\share\prims\jni.cpp, line 520]
Event: 10.447 Thread 0x000002758293f6d0 Exception <a 'sun/nio/fs/WindowsException'{0x000000070480d8f0}> (0x000000070480d8f0) 
thrown [s\open\src\hotspot\share\prims\jni.cpp, line 520]
Event: 10.455 Thread 0x000002758293f6d0 Exception <a 'sun/nio/fs/WindowsException'{0x00000007048425f0}> (0x00000007048425f0) 
thrown [s\open\src\hotspot\share\prims\jni.cpp, line 520]
Event: 10.501 Thread 0x000002758293f6d0 Exception <a 'sun/nio/fs/WindowsException'{0x00000007046734a8}> (0x00000007046734a8) 
thrown [s\open\src\hotspot\share\prims\jni.cpp, line 520]
Event: 10.561 Thread 0x000002758293f6d0 Exception <a 'sun/nio/fs/WindowsException'{0x0000000711257d08}> (0x0000000711257d08) 
thrown [s\open\src\hotspot\share\prims\jni.cpp, line 520]
Event: 10.676 Thread 0x000002758293f6d0 Exception <a 'sun/nio/fs/WindowsException'{0x000000070b77b428}> (0x000000070b77b428) 
thrown [s\open\src\hotspot\share\prims\jni.cpp, line 520]
Event: 10.687 Thread 0x000002758293f6d0 Exception <a 'sun/nio/fs/WindowsException'{0x000000070b7f0210}> (0x000000070b7f0210) 
thrown [s\open\src\hotspot\share\prims\jni.cpp, line 520]
Event: 10.776 Thread 0x000002758293f6d0 Exception <a 'sun/nio/fs/WindowsException'{0x000000070b1211e0}> (0x000000070b1211e0) 
thrown [s\open\src\hotspot\share\prims\jni.cpp, line 520]
Event: 10.785 Thread 0x000002758293f6d0 Exception <a 'sun/nio/fs/WindowsException'{0x000000070b18ed30}> (0x000000070b18ed30) 
thrown [s\open\src\hotspot\share\prims\jni.cpp, line 520]
Event: 10.796 Thread 0x000002758293f6d0 Exception <a 'sun/nio/fs/WindowsException'{0x000000070b1e6870}> (0x000000070b1e6870) 
thrown [s\open\src\hotspot\share\prims\jni.cpp, line 520]
Event: 10.799 Thread 0x000002758293f6d0 Exception <a 'sun/nio/fs/WindowsException'{0x000000070b1ebbb0}> (0x000000070b1ebbb0) 
thrown [s\open\src\hotspot\share\prims\jni.cpp, line 520]
Event: 11.966 Thread 0x000002758293f6d0 Exception <a 'sun/nio/fs/WindowsException'{0x000000070b2a9918}> (0x000000070b2a9918) 
thrown [s\open\src\hotspot\share\prims\jni.cpp, line 520]
Event: 11.966 Thread 0x000002758293f6d0 Exception <a 'sun/nio/fs/WindowsException'{0x000000070b2aa158}> (0x000000070b2aa158) 
thrown [s\open\src\hotspot\share\prims\jni.cpp, line 520]
Event: 12.075 Thread 0x000002758293f6d0 Exception <a 'java/lang/NoSuchMethodError'{0x00000007060d5a90}: 'void java.lang.invoke.DirectMethodHandle$Holder.invokeStatic(java.lang.Object, long)'> (0x00000007060d5a90) 
thrown [s\open\src\hotspot\share\interpreter\linkResolver.cpp, line 773]
Event: 12.075 Thread 0x000002758293f6d0 Exception <a 'java/lang/NoSuchMethodError'{0x00000007060da838}: 'java.lang.Object java.lang.invoke.DirectMethodHandle$Holder.newInvokeSpecial(java.lang.Object, long)'> (0x00000007060da838) 
thrown [s\open\src\hotspot\share\interpreter\linkResolver.cpp, line 773]
Event: 12.078 Thread 0x000002758293f6d0 Exception <a 'java/lang/NoSuchMethodError'{0x00000007060e1228}: 'java.lang.Object java.lang.invoke.DirectMethodHandle$Holder.invokeStatic(java.lang.Object, long, java.lang.Object)'> (0x00000007060e1228) 
thrown [s\open\src\hotspot\share\interpreter\linkResolver.cpp, line 773]
Event: 12.079 Thread 0x000002758293f6d0 Exception <a 'java/lang/NoSuchMethodError'{0x00000007060e4890}: 'java.lang.Object java.lang.invoke.DirectMethodHandle$Holder.invokeStaticInit(java.lang.Object, long, java.lang.Object)'> (0x00000007060e4890) 
thrown [s\open\src\hotspot\share\interpreter\linkResolver.cpp, line 773]

ZGC Phase Switch (0 events):
No events

VM Operations (20 events):
Event: 10.235 Executing VM operation: ICBufferFull
Event: 10.235 Executing VM operation: ICBufferFull done
Event: 10.535 Executing VM operation: G1CollectForAllocation (G1 Evacuation Pause)
Event: 10.552 Executing VM operation: G1CollectForAllocation (G1 Evacuation Pause) done
Event: 10.881 Executing VM operation: ICBufferFull
Event: 10.882 Executing VM operation: ICBufferFull done
Event: 11.494 Executing VM operation: ICBufferFull
Event: 11.494 Executing VM operation: ICBufferFull done
Event: 11.733 Executing VM operation: G1CollectForAllocation (G1 Evacuation Pause)
Event: 11.747 Executing VM operation: G1CollectForAllocation (G1 Evacuation Pause) done
Event: 11.852 Executing VM operation: HandshakeAllThreads (Deoptimize)
Event: 11.852 Executing VM operation: HandshakeAllThreads (Deoptimize) done
Event: 11.864 Executing VM operation: HandshakeAllThreads (Deoptimize)
Event: 11.864 Executing VM operation: HandshakeAllThreads (Deoptimize) done
Event: 11.972 Executing VM operation: HandshakeAllThreads (Deoptimize)
Event: 11.972 Executing VM operation: HandshakeAllThreads (Deoptimize) done
Event: 12.087 Executing VM operation: HandshakeAllThreads (Deoptimize)
Event: 12.087 Executing VM operation: HandshakeAllThreads (Deoptimize) done
Event: 13.095 Executing VM operation: Cleanup
Event: 13.095 Executing VM operation: Cleanup done

Events (17 events):
Event: 0.034 Thread 0x000002758293f6d0 Thread added: 0x000002758293f6d0
Event: 0.055 Thread 0x00000275a3cc0cd0 Thread added: 0x00000275a3cc0cd0
Event: 0.055 Thread 0x00000275a3cc1d90 Thread added: 0x00000275a3cc1d90
Event: 0.055 Thread 0x00000275a3cc7030 Thread added: 0x00000275a3cc7030
Event: 0.055 Thread 0x00000275a3cc7a80 Thread added: 0x00000275a3cc7a80
Event: 0.055 Thread 0x00000275a3cc8b90 Thread added: 0x00000275a3cc8b90
Event: 0.055 Thread 0x00000275a3cc9790 Thread added: 0x00000275a3cc9790
Event: 0.056 Thread 0x00000275a3cde1b0 Thread added: 0x00000275a3cde1b0
Event: 0.056 Thread 0x00000275a3cd2f30 Thread added: 0x00000275a3cd2f30
Event: 0.078 Thread 0x00000275e9185960 Thread added: 0x00000275e9185960
Event: 0.081 Thread 0x00000275e9189b90 Thread added: 0x00000275e9189b90
Event: 0.266 Thread 0x00000275e9214e80 Thread added: 0x00000275e9214e80
Event: 0.278 Thread 0x00000275e9214e80 Thread exited: 0x00000275e9214e80
Event: 2.675 Thread 0x00000275e9d51910 Thread added: 0x00000275e9d51910
Event: 12.100 Thread 0x00000275eaf20ba0 Thread added: 0x00000275eaf20ba0
Event: 12.101 Thread 0x00000275eaf1f160 Thread added: 0x00000275eaf1f160
Event: 12.101 Thread 0x00000275eaf21230 Thread added: 0x00000275eaf21230


Dynamic libraries:
0x00007ff647b10000 - 0x00007ff647b20000 	C:\Program Files\Java\jdk-21\bin\java.exe
0x00007ffd4e410000 - 0x00007ffd4e608000 	C:\Windows\SYSTEM32\ntdll.dll
0x00007ffd4e300000 - 0x00007ffd4e3c2000 	C:\Windows\System32\KERNEL32.DLL
0x00007ffd4bb60000 - 0x00007ffd4be5e000 	C:\Windows\System32\KERNELBASE.dll
0x00007ffd4bf00000 - 0x00007ffd4c000000 	C:\Windows\System32\ucrtbase.dll
0x00007ffd40430000 - 0x00007ffd40449000 	C:\Program Files\Java\jdk-21\bin\jli.dll
0x00007ffd14f10000 - 0x00007ffd14f2b000 	C:\Program Files\Java\jdk-21\bin\VCRUNTIME140.dll
0x00007ffd4d1a0000 - 0x00007ffd4d251000 	C:\Windows\System32\ADVAPI32.dll
0x00007ffd4ceb0000 - 0x00007ffd4cf4e000 	C:\Windows\System32\msvcrt.dll
0x00007ffd4cf50000 - 0x00007ffd4cfef000 	C:\Windows\System32\sechost.dll
0x00007ffd4dbc0000 - 0x00007ffd4dce3000 	C:\Windows\System32\RPCRT4.dll
0x00007ffd4c000000 - 0x00007ffd4c027000 	C:\Windows\System32\bcrypt.dll
0x00007ffd4c430000 - 0x00007ffd4c5cd000 	C:\Windows\System32\USER32.dll
0x00007ffd310e0000 - 0x00007ffd3137a000 	C:\Windows\WinSxS\amd64_microsoft.windows.common-controls_6595b64144ccf1df_6.0.19041.4355_none_60b8b9eb71f62e16\COMCTL32.dll
0x00007ffd4c250000 - 0x00007ffd4c272000 	C:\Windows\System32\win32u.dll
0x00007ffd4d270000 - 0x00007ffd4d29b000 	C:\Windows\System32\GDI32.dll
0x00007ffd4c280000 - 0x00007ffd4c397000 	C:\Windows\System32\gdi32full.dll
0x00007ffd4be60000 - 0x00007ffd4befd000 	C:\Windows\System32\msvcp_win.dll
0x00007ffd3eb40000 - 0x00007ffd3eb4a000 	C:\Windows\SYSTEM32\VERSION.dll
0x00007ffd4e1b0000 - 0x00007ffd4e1df000 	C:\Windows\System32\IMM32.DLL
0x00007ffd449e0000 - 0x00007ffd449ec000 	C:\Program Files\Java\jdk-21\bin\vcruntime140_1.dll
0x00007ffd02a50000 - 0x00007ffd02ade000 	C:\Program Files\Java\jdk-21\bin\msvcp140.dll
0x00007ffcb0340000 - 0x00007ffcb1058000 	C:\Program Files\Java\jdk-21\bin\server\jvm.dll
0x00007ffd4e1e0000 - 0x00007ffd4e24b000 	C:\Windows\System32\WS2_32.dll
0x00007ffd4afb0000 - 0x00007ffd4affb000 	C:\Windows\SYSTEM32\POWRPROF.dll
0x00007ffd3c2a0000 - 0x00007ffd3c2c7000 	C:\Windows\SYSTEM32\WINMM.dll
0x00007ffd4ae70000 - 0x00007ffd4ae82000 	C:\Windows\SYSTEM32\UMPDC.dll
0x00007ffd4a290000 - 0x00007ffd4a2a2000 	C:\Windows\SYSTEM32\kernel.appcore.dll
0x00007ffd41610000 - 0x00007ffd4161a000 	C:\Program Files\Java\jdk-21\bin\jimage.dll
0x00007ffd497e0000 - 0x00007ffd499c4000 	C:\Windows\SYSTEM32\DBGHELP.DLL
0x00007ffd2ca90000 - 0x00007ffd2cac4000 	C:\Windows\SYSTEM32\dbgcore.DLL
0x00007ffd4c3a0000 - 0x00007ffd4c422000 	C:\Windows\System32\bcryptPrimitives.dll
0x00007ffd088a0000 - 0x00007ffd088bf000 	C:\Program Files\Java\jdk-21\bin\java.dll
0x00007ffd4d330000 - 0x00007ffd4da9d000 	C:\Windows\System32\SHELL32.dll
0x00007ffd499d0000 - 0x00007ffd4a174000 	C:\Windows\SYSTEM32\windows.storage.dll
0x00007ffd4dcf0000 - 0x00007ffd4e043000 	C:\Windows\System32\combase.dll
0x00007ffd4b400000 - 0x00007ffd4b42e000 	C:\Windows\SYSTEM32\Wldp.dll
0x00007ffd4e0e0000 - 0x00007ffd4e1ad000 	C:\Windows\System32\OLEAUT32.dll
0x00007ffd4ce00000 - 0x00007ffd4cead000 	C:\Windows\System32\SHCORE.dll
0x00007ffd4c5d0000 - 0x00007ffd4c625000 	C:\Windows\System32\shlwapi.dll
0x00007ffd4b9e0000 - 0x00007ffd4ba04000 	C:\Windows\SYSTEM32\profapi.dll
0x00007ffcdbe80000 - 0x00007ffcdbf57000 	C:\Program Files\Java\jdk-21\bin\jsvml.dll
0x00007ffd3ab90000 - 0x00007ffd3aba0000 	C:\Program Files\Java\jdk-21\bin\net.dll
0x00007ffd40660000 - 0x00007ffd4076d000 	C:\Windows\SYSTEM32\WINHTTP.dll
0x00007ffd4b1e0000 - 0x00007ffd4b24a000 	C:\Windows\system32\mswsock.dll
0x00007ffd06050000 - 0x00007ffd06066000 	C:\Program Files\Java\jdk-21\bin\nio.dll
0x00007ffd049f0000 - 0x00007ffd04a08000 	C:\Program Files\Java\jdk-21\bin\zip.dll
0x00007ffd035f0000 - 0x00007ffd03614000 	C:\apache-maven-3.9.9\lib\jansi-native\Windows\x86_64\jansi.dll
0x00007ffd44a00000 - 0x00007ffd44a10000 	C:\Program Files\Java\jdk-21\bin\verify.dll
0x00007ffd4ad00000 - 0x00007ffd4ad33000 	C:\Windows\SYSTEM32\ntmarta.dll

dbghelp: loaded successfully - version: 4.0.5 - missing functions: none
symbol engine: initialized successfully - sym options: 0x614 - pdb path: .;C:\Program Files\Java\jdk-21\bin;C:\Windows\SYSTEM32;C:\Windows\WinSxS\amd64_microsoft.windows.common-controls_6595b64144ccf1df_6.0.19041.4355_none_60b8b9eb71f62e16;C:\Program Files\Java\jdk-21\bin\server;C:\apache-maven-3.9.9\lib\jansi-native\Windows\x86_64

VM Arguments:
jvm_args: -Dclassworlds.conf=C:\apache-maven-3.9.9\bin\m2.conf -Dmaven.home=C:\apache-maven-3.9.9 -Dlibrary.jansi.path=C:\apache-maven-3.9.9\lib\jansi-native -Dmaven.multiModuleProjectDirectory=C:\Users\zoro\Downloads\Compressed\here\TrainSchedules\frontEnd 
java_command: org.codehaus.plexus.classworlds.launcher.Launcher clean javafx:run
java_class_path (initial): C:\apache-maven-3.9.9\boot\plexus-classworlds-2.8.0.jar
Launcher Type: SUN_STANDARD

[Global flags]
     intx CICompilerCount                          = 4                                         {product} {ergonomic}
     uint ConcGCThreads                            = 2                                         {product} {ergonomic}
     uint G1ConcRefinementThreads                  = 8                                         {product} {ergonomic}
   size_t G1HeapRegionSize                         = 2097152                                   {product} {ergonomic}
    uintx GCDrainStackTargetSize                   = 64                                        {product} {ergonomic}
   size_t InitialHeapSize                          = 268435456                                 {product} {ergonomic}
   size_t MarkStackSize                            = 4194304                                   {product} {ergonomic}
   size_t MaxHeapSize                              = 4273995776                                {product} {ergonomic}
   size_t MaxNewSize                               = 2562719744                                {product} {ergonomic}
   size_t MinHeapDeltaBytes                        = 2097152                                   {product} {ergonomic}
   size_t MinHeapSize                              = 8388608                                   {product} {ergonomic}
    uintx NonNMethodCodeHeapSize                   = 5839372                                {pd product} {ergonomic}
    uintx NonProfiledCodeHeapSize                  = 122909434                              {pd product} {ergonomic}
    uintx ProfiledCodeHeapSize                     = 122909434                              {pd product} {ergonomic}
    uintx ReservedCodeCacheSize                    = 251658240                              {pd product} {ergonomic}
     bool SegmentedCodeCache                       = true                                      {product} {ergonomic}
   size_t SoftMaxHeapSize                          = 4273995776                             {manageable} {ergonomic}
     bool UseCompressedOops                        = true                           {product lp64_product} {ergonomic}
     bool UseG1GC                                  = true                                      {product} {ergonomic}
     bool UseLargePagesIndividualAllocation        = false                                  {pd product} {ergonomic}

Logging:
Log output configuration:
 #0: stdout all=warning uptime,level,tags foldmultilines=false
 #1: stderr all=off uptime,level,tags foldmultilines=false

Environment Variables:
JAVA_HOME=C:\Program Files\Java\jdk-21
PATH=C:\Windows\System32;C:\Program Files\Docker\Docker\resources\bin;C:\Users\zoro\AppData\Local\Programs\Python\Launcher\;C:\Program Files\MySQL\MySQL Shell 8.0\bin\;C:\Users\zoro\AppData\Local\Microsoft\WindowsApps;C:\Users\zoro\AppData\Local\GitHubDesktop\bin;C:\Users\zoro\AppData\Local\Programs\Microsoft VS Code\bin;C:\hadoop\bin;C:\spark\spark-3.5.3-bin-hadoop3\bin;C:\hadoop\bin;C:\Program Files\Java\jdk-21\bin;C:\apache-maven-3.9.9\bin;C:\Windows\System32\WindowsPowerShell\v1.0\;C:\Windows\System32\OpenSSH;C:\Users\zoro\AppData\Local\Programs\Python\Python313;C:\Users\zoro\AppData\Local\Programs\Python\Python313\Scripts;C:\kafka\bin\windows;C:\Users\zoro\AppData\Local\Programs\Windsurf\bin
USERNAME=zoro
LANG=en_US.UTF-8
OS=Windows_NT
PROCESSOR_IDENTIFIER=Intel64 Family 6 Model 94 Stepping 3, GenuineIntel
TMP=C:\Users\zoro\AppData\Local\Temp
TEMP=C:\Users\zoro\AppData\Local\Temp




Periodic native trim disabled

---------------  S Y S T E M  ---------------

OS:
 Windows 10 , 64 bit Build 19041 (10.0.19041.5198)
OS uptime: 2 days 0:31 hours
Hyper-V role detected

CPU: total 8 (initial active 8) (4 cores per cpu, 2 threads per core) family 6 model 94 stepping 3 microcode 0xf0, cx8, cmov, fxsr, ht, mmx, 3dnowpref, sse, sse2, sse3, ssse3, sse4.1, sse4.2, popcnt, lzcnt, tsc, tscinvbit, avx, avx2, aes, erms, clmul, bmi1, bmi2, rtm, adx, fma, vzeroupper, clflush, clflushopt, hv, rdtscp, f16c
Processor Information for all 8 processors :
  Max Mhz: 2712, Current Mhz: 2712, Mhz Limit: 2712

Memory: 4k page, system-wide physical 16299M (80M free)
TotalPageFile size 51764M (AvailPageFile size 12M)
current process WorkingSet (physical memory assigned to process): 216M, peak: 233M
current process commit charge ("private bytes"): 247M, peak: 397M

vm_info: Java HotSpot(TM) 64-Bit Server VM (21.0.5+9-LTS-239) for windows-amd64 JRE (21.0.5+9-LTS-239), built on 2024-09-30T05:17:38Z by "mach5one" with MS VC++ 17.6 (VS2022)

END.
