#
# There is insufficient memory for the Java Runtime Environment to continue.
# Native memory allocation (malloc) failed to allocate 755584 bytes for Chunk::new
# Possible reasons:
#   The system is out of physical RAM or swap space
#   The process is running with CompressedOops enabled, and the Java Heap may be blocking the growth of the native heap
# Possible solutions:
#   Reduce memory load on the system
#   Increase physical memory or swap space
#   Check if swap backing store is full
#   Decrease Java heap size (-Xmx/-Xms)
#   Decrease number of Java threads
#   Decrease Java thread stack sizes (-Xss)
#   Set larger code cache with -XX:ReservedCodeCacheSize=
#   JVM is running with Zero Based Compressed Oops mode in which the Java heap is
#     placed in the first 32GB address space. The Java Heap base address is the
#     maximum limit for the native heap growth. Please use -XX:HeapBaseMinAddress
#     to set the Java Heap base and to place the Java Heap above 32GB virtual address.
# This output file may be truncated or incomplete.
#
#  Out of Memory Error (arena.cpp:168), pid=35476, tid=24208
#
# JRE version: Java(TM) SE Runtime Environment (21.0.5+9) (build 21.0.5+9-LTS-239)
# Java VM: Java HotSpot(TM) 64-Bit Server VM (21.0.5+9-LTS-239, mixed mode, sharing, tiered, compressed oops, compressed class ptrs, g1 gc, windows-amd64)
# No core dump will be written. Minidumps are not enabled by default on client versions of Windows
#

---------------  S U M M A R Y ------------

Command Line: -Dclassworlds.conf=C:\apache-maven-3.9.9\bin\m2.conf -Dmaven.home=C:\apache-maven-3.9.9 -Dlibrary.jansi.path=C:\apache-maven-3.9.9\lib\jansi-native -Dmaven.multiModuleProjectDirectory=C:\Users\zoro\Downloads\Compressed\here\TrainSchedules\frontEnd org.codehaus.plexus.classworlds.launcher.Launcher clean javafx:run

Host: Intel(R) Core(TM) i7-6820HQ CPU @ 2.70GHz, 8 cores, 15G,  Windows 10 , 64 bit Build 19041 (10.0.19041.5198)
Time: Thu Dec 19 00:19:13 2024 Morocco Daylight Time elapsed time: 12.137226 seconds (0d 0h 0m 12s)

---------------  T H R E A D  ---------------

Current thread (0x0000021d6bb74180):  JavaThread "C2 CompilerThread0" daemon [_thread_in_native, id=24208, stack(0x000000ede8100000,0x000000ede8200000) (1024K)]


Current CompileTask:
C2:  12137 7565   !   4       com.sun.tools.javac.code.Types$MembersClosureCache::visitClassType (216 bytes)

Stack: [0x000000ede8100000,0x000000ede8200000]
Native frames: (J=compiled Java code, j=interpreted, Vv=VM code, C=native code)
V  [jvm.dll+0x6ca289]
V  [jvm.dll+0x854a51]
V  [jvm.dll+0x856f7e]
V  [jvm.dll+0x857653]
V  [jvm.dll+0x27dd26]
V  [jvm.dll+0xc4c2d]
V  [jvm.dll+0xc5163]
V  [jvm.dll+0x3b4d3c]
V  [jvm.dll+0x3814b5]
V  [jvm.dll+0x38092a]
V  [jvm.dll+0x246910]
V  [jvm.dll+0x245eef]
V  [jvm.dll+0x1c6d0e]
V  [jvm.dll+0x2554d9]
V  [jvm.dll+0x253a6a]
V  [jvm.dll+0x3ee136]
V  [jvm.dll+0x7fee9b]
V  [jvm.dll+0x6c896d]
C  [ucrtbase.dll+0x21bb2]
C  [KERNEL32.DLL+0x17374]
C  [ntdll.dll+0x4cc91]


---------------  P R O C E S S  ---------------

Threads class SMR info:
_java_thread_list=0x0000021d7155f620, length=12, elements={
0x0000021d4a7dd310, 0x0000021d6bb6c930, 0x0000021d6bb6d840, 0x0000021d6bb71510,
0x0000021d6bb71f60, 0x0000021d6bb729b0, 0x0000021d6bb73400, 0x0000021d6bb74180,
0x0000021d6bb783d0, 0x0000021d701430b0, 0x0000021d70149730, 0x0000021d71019050
}

Java Threads: ( => current thread )
  0x0000021d4a7dd310 JavaThread "main"                              [_thread_in_Java, id=31524, stack(0x000000ede7300000,0x000000ede7400000) (1024K)]
  0x0000021d6bb6c930 JavaThread "Reference Handler"          daemon [_thread_blocked, id=15720, stack(0x000000ede7b00000,0x000000ede7c00000) (1024K)]
  0x0000021d6bb6d840 JavaThread "Finalizer"                  daemon [_thread_blocked, id=38828, stack(0x000000ede7c00000,0x000000ede7d00000) (1024K)]
  0x0000021d6bb71510 JavaThread "Signal Dispatcher"          daemon [_thread_blocked, id=22500, stack(0x000000ede7d00000,0x000000ede7e00000) (1024K)]
  0x0000021d6bb71f60 JavaThread "Attach Listener"            daemon [_thread_blocked, id=34080, stack(0x000000ede7e00000,0x000000ede7f00000) (1024K)]
  0x0000021d6bb729b0 JavaThread "Service Thread"             daemon [_thread_blocked, id=18176, stack(0x000000ede7f00000,0x000000ede8000000) (1024K)]
  0x0000021d6bb73400 JavaThread "Monitor Deflation Thread"   daemon [_thread_blocked, id=38464, stack(0x000000ede8000000,0x000000ede8100000) (1024K)]
=>0x0000021d6bb74180 JavaThread "C2 CompilerThread0"         daemon [_thread_in_native, id=24208, stack(0x000000ede8100000,0x000000ede8200000) (1024K)]
  0x0000021d6bb783d0 JavaThread "C1 CompilerThread0"         daemon [_thread_blocked, id=9636, stack(0x000000ede8200000,0x000000ede8300000) (1024K)]
  0x0000021d701430b0 JavaThread "Notification Thread"        daemon [_thread_blocked, id=35276, stack(0x000000ede8300000,0x000000ede8400000) (1024K)]
  0x0000021d70149730 JavaThread "Common-Cleaner"             daemon [_thread_blocked, id=28352, stack(0x000000ede8400000,0x000000ede8500000) (1024K)]
  0x0000021d71019050 JavaThread "Thread-1"                   daemon [_thread_blocked, id=20972, stack(0x000000ede8c00000,0x000000ede8d00000) (1024K)]
Total: 12

Other Threads:
  0x0000021d6bb4f830 VMThread "VM Thread"                           [id=27636, stack(0x000000ede7a00000,0x000000ede7b00000) (1024K)]
  0x0000021d6bb3ba00 WatcherThread "VM Periodic Task Thread"        [id=29784, stack(0x000000ede7900000,0x000000ede7a00000) (1024K)]
  0x0000021d4aa60890 WorkerThread "GC Thread#0"                     [id=31876, stack(0x000000ede7400000,0x000000ede7500000) (1024K)]
  0x0000021d70834d40 WorkerThread "GC Thread#1"                     [id=14780, stack(0x000000ede8500000,0x000000ede8600000) (1024K)]
  0x0000021d708350e0 WorkerThread "GC Thread#2"                     [id=37592, stack(0x000000ede8600000,0x000000ede8700000) (1024K)]
  0x0000021d70da4480 WorkerThread "GC Thread#3"                     [id=16232, stack(0x000000ede8700000,0x000000ede8800000) (1024K)]
  0x0000021d70da4c30 WorkerThread "GC Thread#4"                     [id=25512, stack(0x000000ede8800000,0x000000ede8900000) (1024K)]
  0x0000021d70d08ca0 WorkerThread "GC Thread#5"                     [id=30732, stack(0x000000ede8900000,0x000000ede8a00000) (1024K)]
  0x0000021d70d093e0 WorkerThread "GC Thread#6"                     [id=34400, stack(0x000000ede8a00000,0x000000ede8b00000) (1024K)]
  0x0000021d70d08900 WorkerThread "GC Thread#7"                     [id=35996, stack(0x000000ede8b00000,0x000000ede8c00000) (1024K)]
  0x0000021d4aa71730 ConcurrentGCThread "G1 Main Marker"            [id=37964, stack(0x000000ede7500000,0x000000ede7600000) (1024K)]
  0x0000021d4aa72230 WorkerThread "G1 Conc#0"                       [id=28232, stack(0x000000ede7600000,0x000000ede7700000) (1024K)]
  0x0000021d703f8db0 WorkerThread "G1 Conc#1"                       [id=21804, stack(0x000000ede8d00000,0x000000ede8e00000) (1024K)]
  0x0000021d6b9fc520 ConcurrentGCThread "G1 Refine#0"               [id=31568, stack(0x000000ede7700000,0x000000ede7800000) (1024K)]
  0x0000021d6b9ff0a0 ConcurrentGCThread "G1 Service"                [id=28976, stack(0x000000ede7800000,0x000000ede7900000) (1024K)]
Total: 15

Threads with active compile tasks:
C2 CompilerThread0    12187 7565   !   4       com.sun.tools.javac.code.Types$MembersClosureCache::visitClassType (216 bytes)
Total: 1

VM state: not at safepoint (normal execution)

VM Mutex/Monitor currently owned by a thread: None

Heap address: 0x0000000701400000, size: 4076 MB, Compressed Oops mode: Zero based, Oop shift amount: 3

CDS archive(s) mapped at: [0x0000021d00000000-0x0000021d00c90000-0x0000021d00c90000), size 13172736, SharedBaseAddress: 0x0000021d00000000, ArchiveRelocationMode: 1.
Compressed class space mapped at: 0x0000021d01000000-0x0000021d41000000, reserved size: 1073741824
Narrow klass base: 0x0000021d00000000, Narrow klass shift: 0, Narrow klass range: 0x100000000

GC Precious Log:
 CardTable entry size: 512
 Card Set container configuration: InlinePtr #cards 4 size 8 Array Of Cards #cards 16 size 48 Howl #buckets 8 coarsen threshold 3686 Howl Bitmap #cards 512 size 80 coarsen threshold 460 Card regions per heap region 1 cards per card region 4096
 CPUs: 8 total, 8 available
 Memory: 16299M
 Large Page Support: Disabled
 NUMA Support: Disabled
 Compressed Oops: Enabled (Zero based)
 Heap Region Size: 2M
 Heap Min Capacity: 8M
 Heap Initial Capacity: 256M
 Heap Max Capacity: 4076M
 Pre-touch: Disabled
 Parallel Workers: 8
 Concurrent Workers: 2
 Concurrent Refinement Workers: 8
 Periodic GC: Disabled

Heap:
 garbage-first heap   total 90112K, used 45548K [0x0000000701400000, 0x0000000800000000)
  region size 2048K, 9 young (18432K), 2 survivors (4096K)
 Metaspace       used 30050K, committed 30464K, reserved 1114112K
  class space    used 3329K, committed 3520K, reserved 1048576K

Heap Regions: E=young(eden), S=young(survivor), O=old, HS=humongous(starts), HC=humongous(continues), CS=collection set, F=free, TAMS=top-at-mark-start, PB=parsable bottom
|   0|0x0000000701400000, 0x0000000701600000, 0x0000000701600000|100%| O|  |TAMS 0x0000000701400000| PB 0x0000000701400000| Untracked 
|   1|0x0000000701600000, 0x0000000701800000, 0x0000000701800000|100%|HS|  |TAMS 0x0000000701600000| PB 0x0000000701600000| Complete 
|   2|0x0000000701800000, 0x0000000701a00000, 0x0000000701a00000|100%| O|  |TAMS 0x0000000701800000| PB 0x0000000701800000| Untracked 
|   3|0x0000000701a00000, 0x0000000701c00000, 0x0000000701c00000|100%| O|  |TAMS 0x0000000701a00000| PB 0x0000000701a00000| Untracked 
|   4|0x0000000701c00000, 0x0000000701e00000, 0x0000000701e00000|100%| O|  |TAMS 0x0000000701c00000| PB 0x0000000701c00000| Untracked 
|   5|0x0000000701e00000, 0x0000000702000000, 0x0000000702000000|100%| O|  |TAMS 0x0000000701e00000| PB 0x0000000701e00000| Untracked 
|   6|0x0000000702000000, 0x0000000702200000, 0x0000000702200000|100%| O|  |TAMS 0x0000000702000000| PB 0x0000000702000000| Untracked 
|   7|0x0000000702200000, 0x0000000702400000, 0x0000000702400000|100%| O|  |TAMS 0x0000000702200000| PB 0x0000000702200000| Untracked 
|   8|0x0000000702400000, 0x0000000702600000, 0x0000000702600000|100%| O|  |TAMS 0x0000000702400000| PB 0x0000000702400000| Untracked 
|   9|0x0000000702600000, 0x0000000702800000, 0x0000000702800000|100%| O|  |TAMS 0x0000000702600000| PB 0x0000000702600000| Untracked 
|  10|0x0000000702800000, 0x0000000702a00000, 0x0000000702a00000|100%| O|  |TAMS 0x0000000702800000| PB 0x0000000702800000| Untracked 
|  11|0x0000000702a00000, 0x0000000702c00000, 0x0000000702c00000|100%| O|  |TAMS 0x0000000702a00000| PB 0x0000000702a00000| Untracked 
|  12|0x0000000702c00000, 0x0000000702e00000, 0x0000000702e00000|100%| O|  |TAMS 0x0000000702c00000| PB 0x0000000702c00000| Untracked 
|  13|0x0000000702e00000, 0x0000000703000000, 0x0000000703000000|100%| O|  |TAMS 0x0000000702e00000| PB 0x0000000702e00000| Untracked 
|  14|0x0000000703000000, 0x0000000703000000, 0x0000000703200000|  0%| F|  |TAMS 0x0000000703000000| PB 0x0000000703000000| Untracked 
|  15|0x0000000703200000, 0x0000000703400000, 0x0000000703400000|100%| O|  |TAMS 0x0000000703200000| PB 0x0000000703200000| Untracked 
|  16|0x0000000703400000, 0x0000000703400000, 0x0000000703600000|  0%| F|  |TAMS 0x0000000703400000| PB 0x0000000703400000| Untracked 
|  17|0x0000000703600000, 0x0000000703600000, 0x0000000703800000|  0%| F|  |TAMS 0x0000000703600000| PB 0x0000000703600000| Untracked 
|  18|0x0000000703800000, 0x0000000703800000, 0x0000000703a00000|  0%| F|  |TAMS 0x0000000703800000| PB 0x0000000703800000| Untracked 
|  19|0x0000000703a00000, 0x0000000703a00000, 0x0000000703c00000|  0%| F|  |TAMS 0x0000000703a00000| PB 0x0000000703a00000| Untracked 
|  20|0x0000000703c00000, 0x0000000703c00000, 0x0000000703e00000|  0%| F|  |TAMS 0x0000000703c00000| PB 0x0000000703c00000| Untracked 
|  21|0x0000000703e00000, 0x0000000703e7b230, 0x0000000704000000| 24%| S|CS|TAMS 0x0000000703e00000| PB 0x0000000703e00000| Complete 
|  22|0x0000000704000000, 0x0000000704200000, 0x0000000704200000|100%| S|CS|TAMS 0x0000000704000000| PB 0x0000000704000000| Complete 
|  23|0x0000000704200000, 0x0000000704200000, 0x0000000704400000|  0%| F|  |TAMS 0x0000000704200000| PB 0x0000000704200000| Untracked 
|  24|0x0000000704400000, 0x0000000704400000, 0x0000000704600000|  0%| F|  |TAMS 0x0000000704400000| PB 0x0000000704400000| Untracked 
|  25|0x0000000704600000, 0x0000000704600000, 0x0000000704800000|  0%| F|  |TAMS 0x0000000704600000| PB 0x0000000704600000| Untracked 
|  26|0x0000000704800000, 0x0000000704800000, 0x0000000704a00000|  0%| F|  |TAMS 0x0000000704800000| PB 0x0000000704800000| Untracked 
|  27|0x0000000704a00000, 0x0000000704a00000, 0x0000000704c00000|  0%| F|  |TAMS 0x0000000704a00000| PB 0x0000000704a00000| Untracked 
|  28|0x0000000704c00000, 0x0000000704c00000, 0x0000000704e00000|  0%| F|  |TAMS 0x0000000704c00000| PB 0x0000000704c00000| Untracked 
|  29|0x0000000704e00000, 0x0000000704e00000, 0x0000000705000000|  0%| F|  |TAMS 0x0000000704e00000| PB 0x0000000704e00000| Untracked 
|  30|0x0000000705000000, 0x0000000705000000, 0x0000000705200000|  0%| F|  |TAMS 0x0000000705000000| PB 0x0000000705000000| Untracked 
|  31|0x0000000705200000, 0x0000000705200000, 0x0000000705400000|  0%| F|  |TAMS 0x0000000705200000| PB 0x0000000705200000| Untracked 
|  32|0x0000000705400000, 0x0000000705400000, 0x0000000705600000|  0%| F|  |TAMS 0x0000000705400000| PB 0x0000000705400000| Untracked 
|  33|0x0000000705600000, 0x0000000705600000, 0x0000000705800000|  0%| F|  |TAMS 0x0000000705600000| PB 0x0000000705600000| Untracked 
|  34|0x0000000705800000, 0x0000000705800000, 0x0000000705a00000|  0%| F|  |TAMS 0x0000000705800000| PB 0x0000000705800000| Untracked 
|  35|0x0000000705a00000, 0x0000000705a00000, 0x0000000705c00000|  0%| F|  |TAMS 0x0000000705a00000| PB 0x0000000705a00000| Untracked 
|  36|0x0000000705c00000, 0x0000000705c00000, 0x0000000705e00000|  0%| F|  |TAMS 0x0000000705c00000| PB 0x0000000705c00000| Untracked 
|  37|0x0000000705e00000, 0x0000000706000000, 0x0000000706000000|100%| E|  |TAMS 0x0000000705e00000| PB 0x0000000705e00000| Complete 
|  80|0x000000070b400000, 0x000000070b600000, 0x000000070b600000|100%| E|CS|TAMS 0x000000070b400000| PB 0x000000070b400000| Complete 
|  81|0x000000070b600000, 0x000000070b800000, 0x000000070b800000|100%| E|CS|TAMS 0x000000070b600000| PB 0x000000070b600000| Complete 
|  82|0x000000070b800000, 0x000000070ba00000, 0x000000070ba00000|100%| E|CS|TAMS 0x000000070b800000| PB 0x000000070b800000| Complete 
|  83|0x000000070ba00000, 0x000000070bc00000, 0x000000070bc00000|100%| E|CS|TAMS 0x000000070ba00000| PB 0x000000070ba00000| Complete 
|  84|0x000000070bc00000, 0x000000070be00000, 0x000000070be00000|100%| E|CS|TAMS 0x000000070bc00000| PB 0x000000070bc00000| Complete 
| 127|0x0000000711200000, 0x0000000711400000, 0x0000000711400000|100%| E|CS|TAMS 0x0000000711200000| PB 0x0000000711200000| Complete 

Card table byte_map: [0x0000021d648f0000,0x0000021d650f0000] _byte_map_base: 0x0000021d610e6000

Marking Bits: (CMBitMap*) 0x0000021d4aa60f90
 Bits: [0x0000021d650f0000, 0x0000021d690a0000)

Polling page: 0x0000021d4aad0000

Metaspace:

Usage:
  Non-class:     26.09 MB used.
      Class:      3.25 MB used.
       Both:     29.35 MB used.

Virtual space:
  Non-class space:       64.00 MB reserved,      26.31 MB ( 41%) committed,  1 nodes.
      Class space:        1.00 GB reserved,       3.44 MB ( <1%) committed,  1 nodes.
             Both:        1.06 GB reserved,      29.75 MB (  3%) committed. 

Chunk freelists:
   Non-Class:  5.66 MB
       Class:  12.53 MB
        Both:  18.18 MB

MaxMetaspaceSize: unlimited
CompressedClassSpaceSize: 1.00 GB
Initial GC threshold: 21.00 MB
Current GC threshold: 35.88 MB
CDS: on
 - commit_granule_bytes: 65536.
 - commit_granule_words: 8192.
 - virtual_space_node_default_size: 8388608.
 - enlarge_chunks_in_place: 1.
 - use_allocation_guard: 0.


Internal statistics:

num_allocs_failed_limit: 6.
num_arena_births: 336.
num_arena_deaths: 0.
num_vsnodes_births: 2.
num_vsnodes_deaths: 0.
num_space_committed: 476.
num_space_uncommitted: 0.
num_chunks_returned_to_freelist: 6.
num_chunks_taken_from_freelist: 1364.
num_chunk_merges: 6.
num_chunk_splits: 1001.
num_chunks_enlarged: 809.
num_inconsistent_stats: 0.

CodeHeap 'non-profiled nmethods': size=120000Kb used=3505Kb max_used=3505Kb free=116494Kb
 bounds [0x0000021d5c150000, 0x0000021d5c4c0000, 0x0000021d63680000]
CodeHeap 'profiled nmethods': size=120000Kb used=17897Kb max_used=17897Kb free=102102Kb
 bounds [0x0000021d54680000, 0x0000021d55800000, 0x0000021d5bbb0000]
CodeHeap 'non-nmethods': size=5760Kb used=1455Kb max_used=1521Kb free=4304Kb
 bounds [0x0000021d5bbb0000, 0x0000021d5be20000, 0x0000021d5c150000]
 total_blobs=8131 nmethods=7592 adapters=443
 compilation: enabled
              stopped_count=0, restarted_count=0
 full_count=0

Compilation events (20 events):
Event: 11.931 Thread 0x0000021d6bb74180 nmethod 7494 0x0000021d5c4b8590 code [0x0000021d5c4b8960, 0x0000021d5c4ba510]
Event: 11.931 Thread 0x0000021d6bb74180 7565   !   4       com.sun.tools.javac.code.Types$MembersClosureCache::visitClassType (216 bytes)
Event: 11.939 Thread 0x0000021d6bb783d0 7585       3       com.sun.tools.javac.comp.Flow$AssignAnalyzer::letInit (245 bytes)
Event: 11.941 Thread 0x0000021d6bb783d0 nmethod 7585 0x0000021d557db190 code [0x0000021d557db480, 0x0000021d557dc618]
Event: 11.941 Thread 0x0000021d6bb783d0 7587   !   3       com.sun.tools.javac.comp.Check::isUnchecked (16 bytes)
Event: 11.941 Thread 0x0000021d6bb783d0 nmethod 7587 0x0000021d557dca90 code [0x0000021d557dcc40, 0x0000021d557dce48]
Event: 11.941 Thread 0x0000021d6bb783d0 7586       3       com.sun.tools.javac.tree.JCTree$JCThrow::accept (6 bytes)
Event: 11.941 Thread 0x0000021d6bb783d0 nmethod 7586 0x0000021d557dcf90 code [0x0000021d557dd140, 0x0000021d557dd320]
Event: 11.941 Thread 0x0000021d6bb783d0 7588       3       com.sun.tools.javac.main.JavaCompiler::shouldStop (32 bytes)
Event: 11.942 Thread 0x0000021d6bb783d0 nmethod 7588 0x0000021d557dd410 code [0x0000021d557dd5e0, 0x0000021d557dd8f0]
Event: 11.943 Thread 0x0000021d6bb783d0 7589       3       com.sun.tools.javac.comp.Lower::visitBinary (186 bytes)
Event: 11.944 Thread 0x0000021d6bb783d0 nmethod 7589 0x0000021d557dda10 code [0x0000021d557ddda0, 0x0000021d557df798]
Event: 11.987 Thread 0x0000021d6bb783d0 7592       3       com.sun.tools.javac.code.Type$ClassType::complete (8 bytes)
Event: 11.988 Thread 0x0000021d6bb783d0 nmethod 7592 0x0000021d557dfd90 code [0x0000021d557dff40, 0x0000021d557e0120]
Event: 11.994 Thread 0x0000021d6bb783d0 7594   !   3       com.sun.tools.javac.comp.TransLiterals::visitMethodDef (35 bytes)
Event: 11.994 Thread 0x0000021d6bb783d0 nmethod 7594 0x0000021d557e0210 code [0x0000021d557e03c0, 0x0000021d557e06a8]
Event: 11.997 Thread 0x0000021d6bb783d0 7595       3       com.sun.tools.javac.jvm.ClassWriter::requiresParamNames (39 bytes)
Event: 11.998 Thread 0x0000021d6bb783d0 nmethod 7595 0x0000021d557e0810 code [0x0000021d557e0a20, 0x0000021d557e1048]
Event: 11.998 Thread 0x0000021d6bb783d0 7596       3       com.sun.tools.javac.jvm.ClassWriter::requiresParamFlags (55 bytes)
Event: 12.000 Thread 0x0000021d6bb783d0 nmethod 7596 0x0000021d557e1310 code [0x0000021d557e1680, 0x0000021d557e2e28]

GC Heap History (14 events):
Event: 1.130 GC heap before
{Heap before GC invocations=0 (full 0):
 garbage-first heap   total 262144K, used 22528K [0x0000000701400000, 0x0000000800000000)
  region size 2048K, 11 young (22528K), 0 survivors (0K)
 Metaspace       used 5646K, committed 5824K, reserved 1114112K
  class space    used 651K, committed 768K, reserved 1048576K
}
Event: 1.136 GC heap after
{Heap after GC invocations=1 (full 0):
 garbage-first heap   total 262144K, used 3813K [0x0000000701400000, 0x0000000800000000)
  region size 2048K, 2 young (4096K), 2 survivors (4096K)
 Metaspace       used 5646K, committed 5824K, reserved 1114112K
  class space    used 651K, committed 768K, reserved 1048576K
}
Event: 1.949 GC heap before
{Heap before GC invocations=1 (full 0):
 garbage-first heap   total 262144K, used 36581K [0x0000000701400000, 0x0000000800000000)
  region size 2048K, 18 young (36864K), 2 survivors (4096K)
 Metaspace       used 10326K, committed 10432K, reserved 1114112K
  class space    used 1220K, committed 1280K, reserved 1048576K
}
Event: 1.955 GC heap after
{Heap after GC invocations=2 (full 0):
 garbage-first heap   total 262144K, used 5619K [0x0000000701400000, 0x0000000800000000)
  region size 2048K, 1 young (2048K), 1 survivors (2048K)
 Metaspace       used 10326K, committed 10432K, reserved 1114112K
  class space    used 1220K, committed 1280K, reserved 1048576K
}
Event: 5.832 GC heap before
{Heap before GC invocations=2 (full 0):
 garbage-first heap   total 262144K, used 87539K [0x0000000701400000, 0x0000000800000000)
  region size 2048K, 43 young (88064K), 1 survivors (2048K)
 Metaspace       used 21203K, committed 21504K, reserved 1114112K
  class space    used 2472K, committed 2624K, reserved 1048576K
}
Event: 5.841 GC heap after
{Heap after GC invocations=3 (full 0):
 garbage-first heap   total 262144K, used 12324K [0x0000000701400000, 0x0000000800000000)
  region size 2048K, 5 young (10240K), 5 survivors (10240K)
 Metaspace       used 21203K, committed 21504K, reserved 1114112K
  class space    used 2472K, committed 2624K, reserved 1048576K
}
Event: 7.472 GC heap before
{Heap before GC invocations=4 (full 0):
 garbage-first heap   total 55296K, used 53284K [0x0000000701400000, 0x0000000800000000)
  region size 2048K, 25 young (51200K), 5 survivors (10240K)
 Metaspace       used 26453K, committed 26816K, reserved 1114112K
  class space    used 2997K, committed 3200K, reserved 1048576K
}
Event: 7.492 GC heap after
{Heap after GC invocations=5 (full 0):
 garbage-first heap   total 73728K, used 20975K [0x0000000701400000, 0x0000000800000000)
  region size 2048K, 9 young (18432K), 9 survivors (18432K)
 Metaspace       used 26453K, committed 26816K, reserved 1114112K
  class space    used 2997K, committed 3200K, reserved 1048576K
}
Event: 7.993 GC heap before
{Heap before GC invocations=5 (full 0):
 garbage-first heap   total 73728K, used 45551K [0x0000000701400000, 0x0000000800000000)
  region size 2048K, 21 young (43008K), 9 survivors (18432K)
 Metaspace       used 26943K, committed 27328K, reserved 1114112K
  class space    used 3054K, committed 3264K, reserved 1048576K
}
Event: 8.018 GC heap after
{Heap after GC invocations=6 (full 0):
 garbage-first heap   total 73728K, used 24124K [0x0000000701400000, 0x0000000800000000)
  region size 2048K, 3 young (6144K), 3 survivors (6144K)
 Metaspace       used 26943K, committed 27328K, reserved 1114112K
  class space    used 3054K, committed 3264K, reserved 1048576K
}
Event: 9.613 GC heap before
{Heap before GC invocations=6 (full 0):
 garbage-first heap   total 73728K, used 56892K [0x0000000701400000, 0x0000000800000000)
  region size 2048K, 18 young (36864K), 3 survivors (6144K)
 Metaspace       used 28718K, committed 29120K, reserved 1114112K
  class space    used 3241K, committed 3456K, reserved 1048576K
}
Event: 9.637 GC heap after
{Heap after GC invocations=7 (full 0):
 garbage-first heap   total 73728K, used 30414K [0x0000000701400000, 0x0000000800000000)
  region size 2048K, 3 young (6144K), 3 survivors (6144K)
 Metaspace       used 28718K, committed 29120K, reserved 1114112K
  class space    used 3241K, committed 3456K, reserved 1048576K
}
Event: 11.191 GC heap before
{Heap before GC invocations=7 (full 0):
 garbage-first heap   total 73728K, used 57038K [0x0000000701400000, 0x0000000800000000)
  region size 2048K, 16 young (32768K), 3 survivors (6144K)
 Metaspace       used 29853K, committed 30272K, reserved 1114112K
  class space    used 3325K, committed 3520K, reserved 1048576K
}
Event: 11.212 GC heap after
{Heap after GC invocations=8 (full 0):
 garbage-first heap   total 90112K, used 33260K [0x0000000701400000, 0x0000000800000000)
  region size 2048K, 2 young (4096K), 2 survivors (4096K)
 Metaspace       used 29853K, committed 30272K, reserved 1114112K
  class space    used 3325K, committed 3520K, reserved 1048576K
}

Dll operation events (8 events):
Event: 0.017 Loaded shared library C:\Program Files\Java\jdk-21\bin\java.dll
Event: 0.146 Loaded shared library C:\Program Files\Java\jdk-21\bin\jsvml.dll
Event: 0.189 Loaded shared library C:\Program Files\Java\jdk-21\bin\net.dll
Event: 0.193 Loaded shared library C:\Program Files\Java\jdk-21\bin\nio.dll
Event: 0.201 Loaded shared library C:\Program Files\Java\jdk-21\bin\zip.dll
Event: 0.462 Loaded shared library C:\apache-maven-3.9.9\lib\jansi-native\Windows\x86_64\jansi.dll
Event: 0.464 Loaded shared library C:\Program Files\Java\jdk-21\bin\jimage.dll
Event: 0.495 Loaded shared library C:\Program Files\Java\jdk-21\bin\verify.dll

Deoptimization events (20 events):
Event: 11.220 Thread 0x0000021d4a7dd310 Uncommon trap: trap_request=0xffffffde fr.pc=0x0000021d5c406520 relative=0x0000000000000780
Event: 11.220 Thread 0x0000021d4a7dd310 Uncommon trap: reason=class_check action=maybe_recompile pc=0x0000021d5c406520 method=java.util.HashMap.computeIfAbsent(Ljava/lang/Object;Ljava/util/function/Function;)Ljava/lang/Object; @ 142 c2
Event: 11.220 Thread 0x0000021d4a7dd310 DEOPT PACKING pc=0x0000021d5c406520 sp=0x000000ede73fbc40
Event: 11.220 Thread 0x0000021d4a7dd310 DEOPT UNPACKING pc=0x0000021d5bc046a2 sp=0x000000ede73fbbf8 mode 2
Event: 11.221 Thread 0x0000021d4a7dd310 Uncommon trap: trap_request=0xffffffde fr.pc=0x0000021d5c406520 relative=0x0000000000000780
Event: 11.221 Thread 0x0000021d4a7dd310 Uncommon trap: reason=class_check action=maybe_recompile pc=0x0000021d5c406520 method=java.util.HashMap.computeIfAbsent(Ljava/lang/Object;Ljava/util/function/Function;)Ljava/lang/Object; @ 142 c2
Event: 11.221 Thread 0x0000021d4a7dd310 DEOPT PACKING pc=0x0000021d5c406520 sp=0x000000ede73fb120
Event: 11.221 Thread 0x0000021d4a7dd310 DEOPT UNPACKING pc=0x0000021d5bc046a2 sp=0x000000ede73fb0d8 mode 2
Event: 11.221 Thread 0x0000021d4a7dd310 Uncommon trap: trap_request=0xffffffde fr.pc=0x0000021d5c406520 relative=0x0000000000000780
Event: 11.221 Thread 0x0000021d4a7dd310 Uncommon trap: reason=class_check action=maybe_recompile pc=0x0000021d5c406520 method=java.util.HashMap.computeIfAbsent(Ljava/lang/Object;Ljava/util/function/Function;)Ljava/lang/Object; @ 142 c2
Event: 11.221 Thread 0x0000021d4a7dd310 DEOPT PACKING pc=0x0000021d5c406520 sp=0x000000ede73fb120
Event: 11.221 Thread 0x0000021d4a7dd310 DEOPT UNPACKING pc=0x0000021d5bc046a2 sp=0x000000ede73fb0d8 mode 2
Event: 11.221 Thread 0x0000021d4a7dd310 Uncommon trap: trap_request=0xffffffde fr.pc=0x0000021d5c406520 relative=0x0000000000000780
Event: 11.221 Thread 0x0000021d4a7dd310 Uncommon trap: reason=class_check action=maybe_recompile pc=0x0000021d5c406520 method=java.util.HashMap.computeIfAbsent(Ljava/lang/Object;Ljava/util/function/Function;)Ljava/lang/Object; @ 142 c2
Event: 11.221 Thread 0x0000021d4a7dd310 DEOPT PACKING pc=0x0000021d5c406520 sp=0x000000ede73fbc40
Event: 11.221 Thread 0x0000021d4a7dd310 DEOPT UNPACKING pc=0x0000021d5bc046a2 sp=0x000000ede73fbbf8 mode 2
Event: 11.891 Thread 0x0000021d4a7dd310 Uncommon trap: trap_request=0xffffff45 fr.pc=0x0000021d5c45dd50 relative=0x0000000000000bb0
Event: 11.891 Thread 0x0000021d4a7dd310 Uncommon trap: reason=unstable_if action=reinterpret pc=0x0000021d5c45dd50 method=java.util.HashMap.removeNode(ILjava/lang/Object;Ljava/lang/Object;ZZ)Ljava/util/HashMap$Node; @ 71 c2
Event: 11.891 Thread 0x0000021d4a7dd310 DEOPT PACKING pc=0x0000021d5c45dd50 sp=0x000000ede73fb8c0
Event: 11.891 Thread 0x0000021d4a7dd310 DEOPT UNPACKING pc=0x0000021d5bc046a2 sp=0x000000ede73fb860 mode 2

Classes loaded (20 events):
Event: 9.087 Loading class java/lang/invoke/DirectMethodHandle$1
Event: 9.087 Loading class java/lang/invoke/DirectMethodHandle$1 done
Event: 9.095 Loading class java/lang/invoke/MethodHandleImpl$CountingWrapper
Event: 9.095 Loading class java/lang/invoke/MethodHandleImpl$CountingWrapper done
Event: 9.102 Loading class java/nio/file/Path$1
Event: 9.102 Loading class java/nio/file/Path$1 done
Event: 9.388 Loading class java/util/EnumMap$EntrySet
Event: 9.388 Loading class java/util/EnumMap$EntrySet done
Event: 9.389 Loading class java/util/EnumMap$EntryIterator
Event: 9.389 Loading class java/util/EnumMap$EnumMapIterator
Event: 9.389 Loading class java/util/EnumMap$EnumMapIterator done
Event: 9.389 Loading class java/util/EnumMap$EntryIterator done
Event: 9.390 Loading class java/util/EnumMap$EntryIterator$Entry
Event: 9.390 Loading class java/util/EnumMap$EntryIterator$Entry done
Event: 10.316 Loading class java/util/stream/ReduceOps$2
Event: 10.316 Loading class java/util/stream/ReduceOps$2 done
Event: 10.316 Loading class java/util/stream/ReduceOps$2ReducingSink
Event: 10.317 Loading class java/util/stream/ReduceOps$2ReducingSink done
Event: 11.129 Loading class java/io/DataOutputStream
Event: 11.129 Loading class java/io/DataOutputStream done

Classes unloaded (0 events):
No events

Classes redefined (0 events):
No events

Internal exceptions (20 events):
Event: 11.118 Thread 0x0000021d4a7dd310 Exception <a 'sun/nio/fs/WindowsException'{0x00000007043387d0}> (0x00000007043387d0) 
thrown [s\open\src\hotspot\share\prims\jni.cpp, line 520]
Event: 11.134 Thread 0x0000021d4a7dd310 Exception <a 'sun/nio/fs/WindowsException'{0x000000070437d580}> (0x000000070437d580) 
thrown [s\open\src\hotspot\share\prims\jni.cpp, line 520]
Event: 11.160 Thread 0x0000021d4a7dd310 Exception <a 'sun/nio/fs/WindowsException'{0x00000007043bac10}> (0x00000007043bac10) 
thrown [s\open\src\hotspot\share\prims\jni.cpp, line 520]
Event: 11.167 Thread 0x0000021d4a7dd310 Exception <a 'sun/nio/fs/WindowsException'{0x00000007043cd228}> (0x00000007043cd228) 
thrown [s\open\src\hotspot\share\prims\jni.cpp, line 520]
Event: 11.178 Thread 0x0000021d4a7dd310 Exception <a 'sun/nio/fs/WindowsException'{0x00000007043df9c0}> (0x00000007043df9c0) 
thrown [s\open\src\hotspot\share\prims\jni.cpp, line 520]
Event: 11.183 Thread 0x0000021d4a7dd310 Exception <a 'sun/nio/fs/WindowsException'{0x00000007043f21d0}> (0x00000007043f21d0) 
thrown [s\open\src\hotspot\share\prims\jni.cpp, line 520]
Event: 11.213 Thread 0x0000021d4a7dd310 Exception <a 'sun/nio/fs/WindowsException'{0x000000071120d508}> (0x000000071120d508) 
thrown [s\open\src\hotspot\share\prims\jni.cpp, line 520]
Event: 11.317 Thread 0x0000021d4a7dd310 Exception <a 'sun/nio/fs/WindowsException'{0x00000007112df5b8}> (0x00000007112df5b8) 
thrown [s\open\src\hotspot\share\prims\jni.cpp, line 520]
Event: 11.345 Thread 0x0000021d4a7dd310 Exception <a 'sun/nio/fs/WindowsException'{0x000000071131ce78}> (0x000000071131ce78) 
thrown [s\open\src\hotspot\share\prims\jni.cpp, line 520]
Event: 11.710 Thread 0x0000021d4a7dd310 Exception <a 'sun/nio/fs/WindowsException'{0x000000070b9ae3b0}> (0x000000070b9ae3b0) 
thrown [s\open\src\hotspot\share\prims\jni.cpp, line 520]
Event: 11.714 Thread 0x0000021d4a7dd310 Exception <a 'sun/nio/fs/WindowsException'{0x000000070b9b6258}> (0x000000070b9b6258) 
thrown [s\open\src\hotspot\share\prims\jni.cpp, line 520]
Event: 11.736 Thread 0x0000021d4a7dd310 Exception <a 'sun/nio/fs/WindowsException'{0x000000070b6057d0}> (0x000000070b6057d0) 
thrown [s\open\src\hotspot\share\prims\jni.cpp, line 520]
Event: 11.749 Thread 0x0000021d4a7dd310 Exception <a 'sun/nio/fs/WindowsException'{0x000000070b6599f0}> (0x000000070b6599f0) 
thrown [s\open\src\hotspot\share\prims\jni.cpp, line 520]
Event: 11.772 Thread 0x0000021d4a7dd310 Exception <a 'sun/nio/fs/WindowsException'{0x000000070b7095d8}> (0x000000070b7095d8) 
thrown [s\open\src\hotspot\share\prims\jni.cpp, line 520]
Event: 11.831 Thread 0x0000021d4a7dd310 Exception <a 'sun/nio/fs/WindowsException'{0x000000070b4082b0}> (0x000000070b4082b0) 
thrown [s\open\src\hotspot\share\prims\jni.cpp, line 520]
Event: 11.831 Thread 0x0000021d4a7dd310 Exception <a 'sun/nio/fs/WindowsException'{0x000000070b408a58}> (0x000000070b408a58) 
thrown [s\open\src\hotspot\share\prims\jni.cpp, line 520]
Event: 11.963 Thread 0x0000021d4a7dd310 Exception <a 'sun/nio/fs/WindowsException'{0x000000070b552320}> (0x000000070b552320) 
thrown [s\open\src\hotspot\share\prims\jni.cpp, line 520]
Event: 11.986 Thread 0x0000021d4a7dd310 Exception <a 'sun/nio/fs/WindowsException'{0x000000070b563ef8}> (0x000000070b563ef8) 
thrown [s\open\src\hotspot\share\prims\jni.cpp, line 520]
Event: 11.995 Thread 0x0000021d4a7dd310 Exception <a 'sun/nio/fs/WindowsException'{0x000000070b5acd30}> (0x000000070b5acd30) 
thrown [s\open\src\hotspot\share\prims\jni.cpp, line 520]
Event: 11.996 Thread 0x0000021d4a7dd310 Exception <a 'sun/nio/fs/WindowsException'{0x000000070b5ad4b0}> (0x000000070b5ad4b0) 
thrown [s\open\src\hotspot\share\prims\jni.cpp, line 520]

ZGC Phase Switch (0 events):
No events

VM Operations (20 events):
Event: 9.692 Executing VM operation: HandshakeAllThreads (Deoptimize)
Event: 9.692 Executing VM operation: HandshakeAllThreads (Deoptimize) done
Event: 9.859 Executing VM operation: ICBufferFull
Event: 9.860 Executing VM operation: ICBufferFull done
Event: 10.124 Executing VM operation: ICBufferFull
Event: 10.125 Executing VM operation: ICBufferFull done
Event: 10.281 Executing VM operation: HandshakeAllThreads (Deoptimize)
Event: 10.281 Executing VM operation: HandshakeAllThreads (Deoptimize) done
Event: 10.361 Executing VM operation: ICBufferFull
Event: 10.361 Executing VM operation: ICBufferFull done
Event: 10.583 Executing VM operation: ICBufferFull
Event: 10.584 Executing VM operation: ICBufferFull done
Event: 10.788 Executing VM operation: ICBufferFull
Event: 10.788 Executing VM operation: ICBufferFull done
Event: 11.037 Executing VM operation: ICBufferFull
Event: 11.037 Executing VM operation: ICBufferFull done
Event: 11.191 Executing VM operation: G1CollectForAllocation (G1 Evacuation Pause)
Event: 11.212 Executing VM operation: G1CollectForAllocation (G1 Evacuation Pause) done
Event: 11.695 Executing VM operation: ICBufferFull
Event: 11.695 Executing VM operation: ICBufferFull done

Events (16 events):
Event: 0.057 Thread 0x0000021d4a7dd310 Thread added: 0x0000021d4a7dd310
Event: 0.130 Thread 0x0000021d6bb6c930 Thread added: 0x0000021d6bb6c930
Event: 0.130 Thread 0x0000021d6bb6d840 Thread added: 0x0000021d6bb6d840
Event: 0.130 Thread 0x0000021d6bb71510 Thread added: 0x0000021d6bb71510
Event: 0.130 Thread 0x0000021d6bb71f60 Thread added: 0x0000021d6bb71f60
Event: 0.130 Thread 0x0000021d6bb729b0 Thread added: 0x0000021d6bb729b0
Event: 0.131 Thread 0x0000021d6bb73400 Thread added: 0x0000021d6bb73400
Event: 0.131 Thread 0x0000021d6bb74180 Thread added: 0x0000021d6bb74180
Event: 0.133 Thread 0x0000021d6bb783d0 Thread added: 0x0000021d6bb783d0
Event: 0.179 Thread 0x0000021d701430b0 Thread added: 0x0000021d701430b0
Event: 0.182 Thread 0x0000021d70149730 Thread added: 0x0000021d70149730
Event: 0.457 Thread 0x0000021d70458950 Thread added: 0x0000021d70458950
Event: 0.501 Thread 0x0000021d70458950 Thread exited: 0x0000021d70458950
Event: 2.564 Thread 0x0000021d71019050 Thread added: 0x0000021d71019050
Event: 6.469 Thread 0x0000021d704e6040 Thread added: 0x0000021d704e6040
Event: 8.805 Thread 0x0000021d704e6040 Thread exited: 0x0000021d704e6040


Dynamic libraries:
0x00007ff647b10000 - 0x00007ff647b20000 	C:\Program Files\Java\jdk-21\bin\java.exe
0x00007ffd4e410000 - 0x00007ffd4e608000 	C:\Windows\SYSTEM32\ntdll.dll
0x00007ffd4e300000 - 0x00007ffd4e3c2000 	C:\Windows\System32\KERNEL32.DLL
0x00007ffd4bb60000 - 0x00007ffd4be5e000 	C:\Windows\System32\KERNELBASE.dll
0x00007ffd4bf00000 - 0x00007ffd4c000000 	C:\Windows\System32\ucrtbase.dll
0x00007ffd40430000 - 0x00007ffd40449000 	C:\Program Files\Java\jdk-21\bin\jli.dll
0x00007ffd4d1a0000 - 0x00007ffd4d251000 	C:\Windows\System32\ADVAPI32.dll
0x00007ffd4ceb0000 - 0x00007ffd4cf4e000 	C:\Windows\System32\msvcrt.dll
0x00007ffd4cf50000 - 0x00007ffd4cfef000 	C:\Windows\System32\sechost.dll
0x00007ffd4dbc0000 - 0x00007ffd4dce3000 	C:\Windows\System32\RPCRT4.dll
0x00007ffd4c000000 - 0x00007ffd4c027000 	C:\Windows\System32\bcrypt.dll
0x00007ffd4c430000 - 0x00007ffd4c5cd000 	C:\Windows\System32\USER32.dll
0x00007ffd4c250000 - 0x00007ffd4c272000 	C:\Windows\System32\win32u.dll
0x00007ffd4d270000 - 0x00007ffd4d29b000 	C:\Windows\System32\GDI32.dll
0x00007ffd4c280000 - 0x00007ffd4c397000 	C:\Windows\System32\gdi32full.dll
0x00007ffd4be60000 - 0x00007ffd4befd000 	C:\Windows\System32\msvcp_win.dll
0x00007ffd14f10000 - 0x00007ffd14f2b000 	C:\Program Files\Java\jdk-21\bin\VCRUNTIME140.dll
0x00007ffd310e0000 - 0x00007ffd3137a000 	C:\Windows\WinSxS\amd64_microsoft.windows.common-controls_6595b64144ccf1df_6.0.19041.4355_none_60b8b9eb71f62e16\COMCTL32.dll
0x00007ffd3eb40000 - 0x00007ffd3eb4a000 	C:\Windows\SYSTEM32\VERSION.dll
0x00007ffd4e1b0000 - 0x00007ffd4e1df000 	C:\Windows\System32\IMM32.DLL
0x00007ffd449e0000 - 0x00007ffd449ec000 	C:\Program Files\Java\jdk-21\bin\vcruntime140_1.dll
0x00007ffd02a50000 - 0x00007ffd02ade000 	C:\Program Files\Java\jdk-21\bin\msvcp140.dll
0x00007ffcb0340000 - 0x00007ffcb1058000 	C:\Program Files\Java\jdk-21\bin\server\jvm.dll
0x00007ffd4e1e0000 - 0x00007ffd4e24b000 	C:\Windows\System32\WS2_32.dll
0x00007ffd4afb0000 - 0x00007ffd4affb000 	C:\Windows\SYSTEM32\POWRPROF.dll
0x00007ffd3c2a0000 - 0x00007ffd3c2c7000 	C:\Windows\SYSTEM32\WINMM.dll
0x00007ffd4ae70000 - 0x00007ffd4ae82000 	C:\Windows\SYSTEM32\UMPDC.dll
0x00007ffd4a290000 - 0x00007ffd4a2a2000 	C:\Windows\SYSTEM32\kernel.appcore.dll
0x00007ffd41610000 - 0x00007ffd4161a000 	C:\Program Files\Java\jdk-21\bin\jimage.dll
0x00007ffd497e0000 - 0x00007ffd499c4000 	C:\Windows\SYSTEM32\DBGHELP.DLL
0x00007ffd2ca90000 - 0x00007ffd2cac4000 	C:\Windows\SYSTEM32\dbgcore.DLL
0x00007ffd4c3a0000 - 0x00007ffd4c422000 	C:\Windows\System32\bcryptPrimitives.dll
0x00007ffd088a0000 - 0x00007ffd088bf000 	C:\Program Files\Java\jdk-21\bin\java.dll
0x00007ffd4d330000 - 0x00007ffd4da9d000 	C:\Windows\System32\SHELL32.dll
0x00007ffd499d0000 - 0x00007ffd4a174000 	C:\Windows\SYSTEM32\windows.storage.dll
0x00007ffd4dcf0000 - 0x00007ffd4e043000 	C:\Windows\System32\combase.dll
0x00007ffd4b400000 - 0x00007ffd4b42e000 	C:\Windows\SYSTEM32\Wldp.dll
0x00007ffd4e0e0000 - 0x00007ffd4e1ad000 	C:\Windows\System32\OLEAUT32.dll
0x00007ffd4ce00000 - 0x00007ffd4cead000 	C:\Windows\System32\SHCORE.dll
0x00007ffd4c5d0000 - 0x00007ffd4c625000 	C:\Windows\System32\shlwapi.dll
0x00007ffd4b9e0000 - 0x00007ffd4ba04000 	C:\Windows\SYSTEM32\profapi.dll
0x00007ffcdbe80000 - 0x00007ffcdbf57000 	C:\Program Files\Java\jdk-21\bin\jsvml.dll
0x00007ffd3ab90000 - 0x00007ffd3aba0000 	C:\Program Files\Java\jdk-21\bin\net.dll
0x00007ffd40660000 - 0x00007ffd4076d000 	C:\Windows\SYSTEM32\WINHTTP.dll
0x00007ffd4b1e0000 - 0x00007ffd4b24a000 	C:\Windows\system32\mswsock.dll
0x00007ffd06050000 - 0x00007ffd06066000 	C:\Program Files\Java\jdk-21\bin\nio.dll
0x00007ffd049f0000 - 0x00007ffd04a08000 	C:\Program Files\Java\jdk-21\bin\zip.dll
0x00007ffd035f0000 - 0x00007ffd03614000 	C:\apache-maven-3.9.9\lib\jansi-native\Windows\x86_64\jansi.dll
0x00007ffd44a00000 - 0x00007ffd44a10000 	C:\Program Files\Java\jdk-21\bin\verify.dll
0x00007ffd4ad00000 - 0x00007ffd4ad33000 	C:\Windows\SYSTEM32\ntmarta.dll

dbghelp: loaded successfully - version: 4.0.5 - missing functions: none
symbol engine: initialized successfully - sym options: 0x614 - pdb path: .;C:\Program Files\Java\jdk-21\bin;C:\Windows\SYSTEM32;C:\Windows\WinSxS\amd64_microsoft.windows.common-controls_6595b64144ccf1df_6.0.19041.4355_none_60b8b9eb71f62e16;C:\Program Files\Java\jdk-21\bin\server;C:\apache-maven-3.9.9\lib\jansi-native\Windows\x86_64

VM Arguments:
jvm_args: -Dclassworlds.conf=C:\apache-maven-3.9.9\bin\m2.conf -Dmaven.home=C:\apache-maven-3.9.9 -Dlibrary.jansi.path=C:\apache-maven-3.9.9\lib\jansi-native -Dmaven.multiModuleProjectDirectory=C:\Users\zoro\Downloads\Compressed\here\TrainSchedules\frontEnd 
java_command: org.codehaus.plexus.classworlds.launcher.Launcher clean javafx:run
java_class_path (initial): C:\apache-maven-3.9.9\boot\plexus-classworlds-2.8.0.jar
Launcher Type: SUN_STANDARD

[Global flags]
     intx CICompilerCount                          = 4                                         {product} {ergonomic}
     uint ConcGCThreads                            = 2                                         {product} {ergonomic}
     uint G1ConcRefinementThreads                  = 8                                         {product} {ergonomic}
   size_t G1HeapRegionSize                         = 2097152                                   {product} {ergonomic}
    uintx GCDrainStackTargetSize                   = 64                                        {product} {ergonomic}
   size_t InitialHeapSize                          = 268435456                                 {product} {ergonomic}
   size_t MarkStackSize                            = 4194304                                   {product} {ergonomic}
   size_t MaxHeapSize                              = 4273995776                                {product} {ergonomic}
   size_t MaxNewSize                               = 2562719744                                {product} {ergonomic}
   size_t MinHeapDeltaBytes                        = 2097152                                   {product} {ergonomic}
   size_t MinHeapSize                              = 8388608                                   {product} {ergonomic}
    uintx NonNMethodCodeHeapSize                   = 5839372                                {pd product} {ergonomic}
    uintx NonProfiledCodeHeapSize                  = 122909434                              {pd product} {ergonomic}
    uintx ProfiledCodeHeapSize                     = 122909434                              {pd product} {ergonomic}
    uintx ReservedCodeCacheSize                    = 251658240                              {pd product} {ergonomic}
     bool SegmentedCodeCache                       = true                                      {product} {ergonomic}
   size_t SoftMaxHeapSize                          = 4273995776                             {manageable} {ergonomic}
     bool UseCompressedOops                        = true                           {product lp64_product} {ergonomic}
     bool UseG1GC                                  = true                                      {product} {ergonomic}
     bool UseLargePagesIndividualAllocation        = false                                  {pd product} {ergonomic}

Logging:
Log output configuration:
 #0: stdout all=warning uptime,level,tags foldmultilines=false
 #1: stderr all=off uptime,level,tags foldmultilines=false

Environment Variables:
JAVA_HOME=C:\Program Files\Java\jdk-21
PATH=C:\Windows\System32;C:\Program Files\Docker\Docker\resources\bin;C:\Users\zoro\AppData\Local\Programs\Python\Launcher\;C:\Program Files\MySQL\MySQL Shell 8.0\bin\;C:\Users\zoro\AppData\Local\Microsoft\WindowsApps;C:\Users\zoro\AppData\Local\GitHubDesktop\bin;C:\Users\zoro\AppData\Local\Programs\Microsoft VS Code\bin;C:\hadoop\bin;C:\spark\spark-3.5.3-bin-hadoop3\bin;C:\hadoop\bin;C:\Program Files\Java\jdk-21\bin;C:\apache-maven-3.9.9\bin;C:\Windows\System32\WindowsPowerShell\v1.0\;C:\Windows\System32\OpenSSH;C:\Users\zoro\AppData\Local\Programs\Python\Python313;C:\Users\zoro\AppData\Local\Programs\Python\Python313\Scripts;C:\kafka\bin\windows;C:\Users\zoro\AppData\Local\Programs\Windsurf\bin
USERNAME=zoro
LANG=en_US.UTF-8
OS=Windows_NT
PROCESSOR_IDENTIFIER=Intel64 Family 6 Model 94 Stepping 3, GenuineIntel
TMP=C:\Users\zoro\AppData\Local\Temp
TEMP=C:\Users\zoro\AppData\Local\Temp




Periodic native trim disabled

---------------  S Y S T E M  ---------------

OS:
 Windows 10 , 64 bit Build 19041 (10.0.19041.5198)
OS uptime: 2 days 2:02 hours
Hyper-V role detected

CPU: total 8 (initial active 8) (4 cores per cpu, 2 threads per core) family 6 model 94 stepping 3 microcode 0xf0, cx8, cmov, fxsr, ht, mmx, 3dnowpref, sse, sse2, sse3, ssse3, sse4.1, sse4.2, popcnt, lzcnt, tsc, tscinvbit, avx, avx2, aes, erms, clmul, bmi1, bmi2, rtm, adx, fma, vzeroupper, clflush, clflushopt, hv, rdtscp, f16c
Processor Information for all 8 processors :
  Max Mhz: 2712, Current Mhz: 2712, Mhz Limit: 2712

Memory: 4k page, system-wide physical 16299M (269M free)
TotalPageFile size 51764M (AvailPageFile size 370M)
current process WorkingSet (physical memory assigned to process): 202M, peak: 204M
current process commit charge ("private bytes"): 248M, peak: 396M

vm_info: Java HotSpot(TM) 64-Bit Server VM (21.0.5+9-LTS-239) for windows-amd64 JRE (21.0.5+9-LTS-239), built on 2024-09-30T05:17:38Z by "mach5one" with MS VC++ 17.6 (VS2022)

END.
