#
# There is insufficient memory for the Java Runtime Environment to continue.
# Native memory allocation (mmap) failed to map 4194304 bytes for G1 virtual space
# Possible reasons:
#   The system is out of physical RAM or swap space
#   The process is running with CompressedOops enabled, and the Java Heap may be blocking the growth of the native heap
# Possible solutions:
#   Reduce memory load on the system
#   Increase physical memory or swap space
#   Check if swap backing store is full
#   Decrease Java heap size (-Xmx/-Xms)
#   Decrease number of Java threads
#   Decrease Java thread stack sizes (-Xss)
#   Set larger code cache with -XX:ReservedCodeCacheSize=
#   JVM is running with Zero Based Compressed Oops mode in which the Java heap is
#     placed in the first 32GB address space. The Java Heap base address is the
#     maximum limit for the native heap growth. Please use -XX:HeapBaseMinAddress
#     to set the Java Heap base and to place the Java Heap above 32GB virtual address.
# This output file may be truncated or incomplete.
#
#  Out of Memory Error (os_windows.cpp:3600), pid=21140, tid=17040
#
# JRE version:  (21.0.5+9) (build )
# Java VM: Java HotSpot(TM) 64-Bit Server VM (21.0.5+9-LTS-239, mixed mode, sharing, tiered, compressed oops, compressed class ptrs, g1 gc, windows-amd64)
# No core dump will be written. Minidumps are not enabled by default on client versions of Windows
#

---------------  S U M M A R Y ------------

Command Line: -Dclassworlds.conf=C:\apache-maven-3.9.9\bin\m2.conf -Dmaven.home=C:\apache-maven-3.9.9 -Dlibrary.jansi.path=C:\apache-maven-3.9.9\lib\jansi-native -Dmaven.multiModuleProjectDirectory=C:\Users\zoro\Downloads\Compressed\here\TrainSchedules\frontEnd org.codehaus.plexus.classworlds.launcher.Launcher clean compile exec:java

Host: Intel(R) Core(TM) i7-6820HQ CPU @ 2.70GHz, 8 cores, 15G,  Windows 10 , 64 bit Build 19041 (10.0.19041.5198)
Time: Thu Dec 19 00:08:13 2024 Morocco Daylight Time elapsed time: 0.031917 seconds (0d 0h 0m 0s)

---------------  T H R E A D  ---------------

Current thread (0x0000018dd5022de0):  JavaThread "Unknown thread" [_thread_in_vm, id=17040, stack(0x0000003b95c00000,0x0000003b95d00000) (1024K)]

Stack: [0x0000003b95c00000,0x0000003b95d00000]
Native frames: (J=compiled Java code, j=interpreted, Vv=VM code, C=native code)
V  [jvm.dll+0x6ca289]
V  [jvm.dll+0x854a51]
V  [jvm.dll+0x856f7e]
V  [jvm.dll+0x857653]
V  [jvm.dll+0x27dd26]
V  [jvm.dll+0x6c6a25]
V  [jvm.dll+0x6bb5aa]
V  [jvm.dll+0x35359a]
V  [jvm.dll+0x35b1f6]
V  [jvm.dll+0x3adaf3]
V  [jvm.dll+0x3add88]
V  [jvm.dll+0x3278fc]
V  [jvm.dll+0x32845b]
V  [jvm.dll+0x81de19]
V  [jvm.dll+0x3ba7c1]
V  [jvm.dll+0x807168]
V  [jvm.dll+0x44f96e]
V  [jvm.dll+0x451561]
C  [jli.dll+0x52a3]
C  [ucrtbase.dll+0x21bb2]
C  [KERNEL32.DLL+0x17374]
C  [ntdll.dll+0x4cc91]


---------------  P R O C E S S  ---------------

Threads class SMR info:
_java_thread_list=0x00007ffcb0f0ac08, length=0, elements={
}

Java Threads: ( => current thread )
Total: 0

Other Threads:
  0x0000018dd5084350 WorkerThread "GC Thread#0"                     [id=5056, stack(0x0000003b95d00000,0x0000003b95e00000) (1024K)]
  0x0000018dd50962c0 ConcurrentGCThread "G1 Main Marker"            [id=35268, stack(0x0000003b95e00000,0x0000003b95f00000) (1024K)]
  0x0000018dd5097470 WorkerThread "G1 Conc#0"                       [id=31056, stack(0x0000003b95f00000,0x0000003b96000000) (1024K)]

[error occurred during error reporting (printing all threads), id 0xc0000005, EXCEPTION_ACCESS_VIOLATION (0xc0000005) at pc=0x00007ffcb067a087]
VM state: not at safepoint (not fully initialized)

VM Mutex/Monitor currently owned by a thread:  ([mutex/lock_event])
[0x00007ffcb0f7bf98] Heap_lock - owner thread: 0x0000018dd5022de0

Heap address: 0x0000000701400000, size: 4076 MB, Compressed Oops mode: Zero based, Oop shift amount: 3

CDS archive(s) mapped at: [0x0000000000000000-0x0000000000000000-0x0000000000000000), size 0, SharedBaseAddress: 0x0000000800000000, ArchiveRelocationMode: 1.
Narrow klass base: 0x0000000000000000, Narrow klass shift: 0, Narrow klass range: 0x0

GC Precious Log:
 CardTable entry size: 512
 Card Set container configuration: InlinePtr #cards 4 size 8 Array Of Cards #cards 16 size 48 Howl #buckets 8 coarsen threshold 3686 Howl Bitmap #cards 512 size 80 coarsen threshold 460 Card regions per heap region 1 cards per card region 4096

Heap:
 garbage-first heap   total 0K, used 0K [0x0000000701400000, 0x0000000800000000)
  region size 2048K, 0 young (0K), 0 survivors (0K)

[error occurred during error reporting (printing heap information), id 0xc0000005, EXCEPTION_ACCESS_VIOLATION (0xc0000005) at pc=0x00007ffcb0a63259]
GC Heap History (0 events):
No events

Dll operation events (1 events):
Event: 0.015 Loaded shared library C:\Program Files\Java\jdk-21\bin\java.dll

Deoptimization events (0 events):
No events

Classes loaded (0 events):
No events

Classes unloaded (0 events):
No events

Classes redefined (0 events):
No events

Internal exceptions (0 events):
No events

ZGC Phase Switch (0 events):
No events

VM Operations (0 events):
No events

Events (0 events):
No events


Dynamic libraries:
0x00007ff647b10000 - 0x00007ff647b20000 	C:\Program Files\Java\jdk-21\bin\java.exe
0x00007ffd4e410000 - 0x00007ffd4e608000 	C:\Windows\SYSTEM32\ntdll.dll
0x00007ffd4e300000 - 0x00007ffd4e3c2000 	C:\Windows\System32\KERNEL32.DLL
0x00007ffd4bb60000 - 0x00007ffd4be5e000 	C:\Windows\System32\KERNELBASE.dll
0x00007ffd4bf00000 - 0x00007ffd4c000000 	C:\Windows\System32\ucrtbase.dll
0x00007ffd14f10000 - 0x00007ffd14f2b000 	C:\Program Files\Java\jdk-21\bin\VCRUNTIME140.dll
0x00007ffd40430000 - 0x00007ffd40449000 	C:\Program Files\Java\jdk-21\bin\jli.dll
0x00007ffd4d1a0000 - 0x00007ffd4d251000 	C:\Windows\System32\ADVAPI32.dll
0x00007ffd4ceb0000 - 0x00007ffd4cf4e000 	C:\Windows\System32\msvcrt.dll
0x00007ffd4cf50000 - 0x00007ffd4cfef000 	C:\Windows\System32\sechost.dll
0x00007ffd4dbc0000 - 0x00007ffd4dce3000 	C:\Windows\System32\RPCRT4.dll
0x00007ffd4c000000 - 0x00007ffd4c027000 	C:\Windows\System32\bcrypt.dll
0x00007ffd4c430000 - 0x00007ffd4c5cd000 	C:\Windows\System32\USER32.dll
0x00007ffd4c250000 - 0x00007ffd4c272000 	C:\Windows\System32\win32u.dll
0x00007ffd4d270000 - 0x00007ffd4d29b000 	C:\Windows\System32\GDI32.dll
0x00007ffd4c280000 - 0x00007ffd4c397000 	C:\Windows\System32\gdi32full.dll
0x00007ffd310e0000 - 0x00007ffd3137a000 	C:\Windows\WinSxS\amd64_microsoft.windows.common-controls_6595b64144ccf1df_6.0.19041.4355_none_60b8b9eb71f62e16\COMCTL32.dll
0x00007ffd4be60000 - 0x00007ffd4befd000 	C:\Windows\System32\msvcp_win.dll
0x00007ffd3eb40000 - 0x00007ffd3eb4a000 	C:\Windows\SYSTEM32\VERSION.dll
0x00007ffd4e1b0000 - 0x00007ffd4e1df000 	C:\Windows\System32\IMM32.DLL
0x00007ffd449e0000 - 0x00007ffd449ec000 	C:\Program Files\Java\jdk-21\bin\vcruntime140_1.dll
0x00007ffd02a50000 - 0x00007ffd02ade000 	C:\Program Files\Java\jdk-21\bin\msvcp140.dll
0x00007ffcb0340000 - 0x00007ffcb1058000 	C:\Program Files\Java\jdk-21\bin\server\jvm.dll
0x00007ffd4e1e0000 - 0x00007ffd4e24b000 	C:\Windows\System32\WS2_32.dll
0x00007ffd4afb0000 - 0x00007ffd4affb000 	C:\Windows\SYSTEM32\POWRPROF.dll
0x00007ffd3c2a0000 - 0x00007ffd3c2c7000 	C:\Windows\SYSTEM32\WINMM.dll
0x00007ffd4ae70000 - 0x00007ffd4ae82000 	C:\Windows\SYSTEM32\UMPDC.dll
0x00007ffd4a290000 - 0x00007ffd4a2a2000 	C:\Windows\SYSTEM32\kernel.appcore.dll
0x00007ffd41610000 - 0x00007ffd4161a000 	C:\Program Files\Java\jdk-21\bin\jimage.dll
0x00007ffd497e0000 - 0x00007ffd499c4000 	C:\Windows\SYSTEM32\DBGHELP.DLL
0x00007ffd2ca90000 - 0x00007ffd2cac4000 	C:\Windows\SYSTEM32\dbgcore.DLL
0x00007ffd4c3a0000 - 0x00007ffd4c422000 	C:\Windows\System32\bcryptPrimitives.dll
0x00007ffd088a0000 - 0x00007ffd088bf000 	C:\Program Files\Java\jdk-21\bin\java.dll

dbghelp: loaded successfully - version: 4.0.5 - missing functions: none
symbol engine: initialized successfully - sym options: 0x614 - pdb path: .;C:\Program Files\Java\jdk-21\bin;C:\Windows\SYSTEM32;C:\Windows\WinSxS\amd64_microsoft.windows.common-controls_6595b64144ccf1df_6.0.19041.4355_none_60b8b9eb71f62e16;C:\Program Files\Java\jdk-21\bin\server

VM Arguments:
jvm_args: -Dclassworlds.conf=C:\apache-maven-3.9.9\bin\m2.conf -Dmaven.home=C:\apache-maven-3.9.9 -Dlibrary.jansi.path=C:\apache-maven-3.9.9\lib\jansi-native -Dmaven.multiModuleProjectDirectory=C:\Users\zoro\Downloads\Compressed\here\TrainSchedules\frontEnd 
java_command: org.codehaus.plexus.classworlds.launcher.Launcher clean compile exec:java
java_class_path (initial): C:\apache-maven-3.9.9\boot\plexus-classworlds-2.8.0.jar
Launcher Type: SUN_STANDARD

[Global flags]
     intx CICompilerCount                          = 4                                         {product} {ergonomic}
     uint ConcGCThreads                            = 2                                         {product} {ergonomic}
     uint G1ConcRefinementThreads                  = 8                                         {product} {ergonomic}
   size_t G1HeapRegionSize                         = 2097152                                   {product} {ergonomic}
    uintx GCDrainStackTargetSize                   = 64                                        {product} {ergonomic}
   size_t InitialHeapSize                          = 268435456                                 {product} {ergonomic}
   size_t MarkStackSize                            = 4194304                                   {product} {ergonomic}
   size_t MaxHeapSize                              = 4273995776                                {product} {ergonomic}
   size_t MinHeapDeltaBytes                        = 2097152                                   {product} {ergonomic}
   size_t MinHeapSize                              = 8388608                                   {product} {ergonomic}
    uintx NonNMethodCodeHeapSize                   = 5839372                                {pd product} {ergonomic}
    uintx NonProfiledCodeHeapSize                  = 122909434                              {pd product} {ergonomic}
    uintx ProfiledCodeHeapSize                     = 122909434                              {pd product} {ergonomic}
    uintx ReservedCodeCacheSize                    = 251658240                              {pd product} {ergonomic}
     bool SegmentedCodeCache                       = true                                      {product} {ergonomic}
   size_t SoftMaxHeapSize                          = 4273995776                             {manageable} {ergonomic}
     bool UseCompressedOops                        = true                           {product lp64_product} {ergonomic}
     bool UseG1GC                                  = true                                      {product} {ergonomic}
     bool UseLargePagesIndividualAllocation        = false                                  {pd product} {ergonomic}

Logging:
Log output configuration:
 #0: stdout all=warning uptime,level,tags foldmultilines=false
 #1: stderr all=off uptime,level,tags foldmultilines=false

Environment Variables:
JAVA_HOME=C:\Program Files\Java\jdk-21
PATH=C:\Windows\System32;C:\Program Files\Docker\Docker\resources\bin;C:\Users\zoro\AppData\Local\Programs\Python\Launcher\;C:\Program Files\MySQL\MySQL Shell 8.0\bin\;C:\Users\zoro\AppData\Local\Microsoft\WindowsApps;C:\Users\zoro\AppData\Local\GitHubDesktop\bin;C:\Users\zoro\AppData\Local\Programs\Microsoft VS Code\bin;C:\hadoop\bin;C:\spark\spark-3.5.3-bin-hadoop3\bin;C:\hadoop\bin;C:\Program Files\Java\jdk-21\bin;C:\apache-maven-3.9.9\bin;C:\Windows\System32\WindowsPowerShell\v1.0\;C:\Windows\System32\OpenSSH;C:\Users\zoro\AppData\Local\Programs\Python\Python313;C:\Users\zoro\AppData\Local\Programs\Python\Python313\Scripts;C:\kafka\bin\windows;C:\Users\zoro\AppData\Local\Programs\Windsurf\bin
USERNAME=zoro
LANG=en_US.UTF-8
OS=Windows_NT
PROCESSOR_IDENTIFIER=Intel64 Family 6 Model 94 Stepping 3, GenuineIntel
TMP=C:\Users\zoro\AppData\Local\Temp
TEMP=C:\Users\zoro\AppData\Local\Temp




Periodic native trim disabled

---------------  S Y S T E M  ---------------

OS:
 Windows 10 , 64 bit Build 19041 (10.0.19041.5198)
OS uptime: 2 days 1:51 hours
Hyper-V role detected

CPU: total 8 (initial active 8) (4 cores per cpu, 2 threads per core) family 6 model 94 stepping 3 microcode 0xf0, cx8, cmov, fxsr, ht, mmx, 3dnowpref, sse, sse2, sse3, ssse3, sse4.1, sse4.2, popcnt, lzcnt, tsc, tscinvbit, avx, avx2, aes, erms, clmul, bmi1, bmi2, rtm, adx, fma, vzeroupper, clflush, clflushopt, hv, rdtscp, f16c
Processor Information for all 8 processors :
  Max Mhz: 2712, Current Mhz: 2712, Mhz Limit: 2712

Memory: 4k page, system-wide physical 16299M (135M free)
TotalPageFile size 51764M (AvailPageFile size 6M)
current process WorkingSet (physical memory assigned to process): 10M, peak: 10M
current process commit charge ("private bytes"): 316M, peak: 320M

vm_info: Java HotSpot(TM) 64-Bit Server VM (21.0.5+9-LTS-239) for windows-amd64 JRE (21.0.5+9-LTS-239), built on 2024-09-30T05:17:38Z by "mach5one" with MS VC++ 17.6 (VS2022)

END.
