#
# There is insufficient memory for the Java Runtime Environment to continue.
# Native memory allocation (malloc) failed to allocate 32744 bytes for Chunk::new
# Possible reasons:
#   The system is out of physical RAM or swap space
#   The process is running with CompressedOops enabled, and the Java Heap may be blocking the growth of the native heap
# Possible solutions:
#   Reduce memory load on the system
#   Increase physical memory or swap space
#   Check if swap backing store is full
#   Decrease Java heap size (-Xmx/-Xms)
#   Decrease number of Java threads
#   Decrease Java thread stack sizes (-Xss)
#   Set larger code cache with -XX:ReservedCodeCacheSize=
#   JVM is running with Zero Based Compressed Oops mode in which the Java heap is
#     placed in the first 32GB address space. The Java Heap base address is the
#     maximum limit for the native heap growth. Please use -XX:HeapBaseMinAddress
#     to set the Java Heap base and to place the Java Heap above 32GB virtual address.
# This output file may be truncated or incomplete.
#
#  Out of Memory Error (arena.cpp:168), pid=9864, tid=35120
#
# JRE version: Java(TM) SE Runtime Environment (21.0.5+9) (build 21.0.5+9-LTS-239)
# Java VM: Java HotSpot(TM) 64-Bit Server VM (21.0.5+9-LTS-239, mixed mode, sharing, tiered, compressed oops, compressed class ptrs, g1 gc, windows-amd64)
# No core dump will be written. Minidumps are not enabled by default on client versions of Windows
#

---------------  S U M M A R Y ------------

Command Line: --module-path=C:\Users\zoro\Downloads\Compressed\here\TrainSchedules\frontEnd\target\classes;C:\Users\zoro\.m2\repository\com\fasterxml\jackson\core\jackson-annotations\2.15.3\jackson-annotations-2.15.3.jar;C:\Users\zoro\.m2\repository\com\fasterxml\jackson\core\jackson-core\2.15.3\jackson-core-2.15.3.jar;C:\Users\zoro\.m2\repository\com\fasterxml\jackson\core\jackson-databind\2.15.3\jackson-databind-2.15.3.jar;C:\Users\zoro\.m2\repository\de\jensd\fontawesomefx-commons\9.1.2\fontawesomefx-commons-9.1.2.jar;C:\Users\zoro\.m2\repository\de\jensd\fontawesomefx-fontawesome\4.7.0-9.1.2\fontawesomefx-fontawesome-4.7.0-9.1.2.jar;C:\Users\zoro\.m2\repository\org\apache\httpcomponents\client5\httpclient5\5.3\httpclient5-5.3.jar;C:\Users\zoro\.m2\repository\org\apache\httpcomponents\core5\httpcore5\5.2.4\httpcore5-5.2.4.jar;C:\Users\zoro\.m2\repository\org\apache\kafka\kafka-clients\3.9.0\kafka-clients-3.9.0.jar;C:\Users\zoro\.m2\repository\org\json\json\20240303\json-20240303.jar;C:\Users\zoro\.m2\repository\org\openjfx\javafx-base\21\javafx-base-21-win.jar;C:\Users\zoro\.m2\repository\org\openjfx\javafx-controls\21\javafx-controls-21-win.jar;C:\Users\zoro\.m2\repository\org\openjfx\javafx-fxml\21\javafx-fxml-21-win.jar;C:\Users\zoro\.m2\repository\org\openjfx\javafx-graphics\21\javafx-graphics-21-win.jar;C:\Users\zoro\.m2\repository\org\slf4j\slf4j-api\1.7.36\slf4j-api-1.7.36.jar --add-modules=com.mouad.frontend -Djdk.module.main=com.mouad.frontend com.mouad.frontend/com.mouad.frontend.App

Host: Intel(R) Core(TM) i7-6820HQ CPU @ 2.70GHz, 8 cores, 15G,  Windows 10 , 64 bit Build 19041 (10.0.19041.5198)
Time: Wed Dec 18 23:20:47 2024 Morocco Daylight Time elapsed time: 305.559070 seconds (0d 0h 5m 5s)

---------------  T H R E A D  ---------------

Current thread (0x000001ae3d4315c0):  JavaThread "C2 CompilerThread0" daemon [_thread_in_native, id=35120, stack(0x0000004cfb500000,0x0000004cfb600000) (1024K)]


Current CompileTask:
C2: 305559 8592   !   4       org.apache.kafka.common.network.Selector::pollSelectionKeys (872 bytes)

Stack: [0x0000004cfb500000,0x0000004cfb600000]
Native frames: (J=compiled Java code, j=interpreted, Vv=VM code, C=native code)
V  [jvm.dll+0x6ca289]
V  [jvm.dll+0x854a51]
V  [jvm.dll+0x856f7e]
V  [jvm.dll+0x857653]
V  [jvm.dll+0x27dd26]
V  [jvm.dll+0xc4c2d]
V  [jvm.dll+0xc5163]
V  [jvm.dll+0xc4d55]
V  [jvm.dll+0x6a71e7]
V  [jvm.dll+0x6a5b98]
V  [jvm.dll+0x66947b]
V  [jvm.dll+0x6de9d0]
V  [jvm.dll+0x6e4005]
V  [jvm.dll+0x6dc6f5]
V  [jvm.dll+0x6dbbbe]
V  [jvm.dll+0x6d9ddc]
V  [jvm.dll+0x1c9dcc]
V  [jvm.dll+0x1ca94c]
V  [jvm.dll+0x1ca94c]
V  [jvm.dll+0x2efedf]
V  [jvm.dll+0x6e44c8]
V  [jvm.dll+0x6dc6f5]
V  [jvm.dll+0x6dbbbe]
V  [jvm.dll+0x6d9ddc]
V  [jvm.dll+0x1c9dcc]
V  [jvm.dll+0x1ca94c]
V  [jvm.dll+0x2efedf]
V  [jvm.dll+0x6e44c8]
V  [jvm.dll+0x6dc6f5]
V  [jvm.dll+0x6dbbbe]
V  [jvm.dll+0x6d9ddc]
V  [jvm.dll+0x1c9dcc]
V  [jvm.dll+0x2efedf]
V  [jvm.dll+0x6e44c8]
V  [jvm.dll+0x6dc6f5]
V  [jvm.dll+0x6dbbbe]
V  [jvm.dll+0x6d9ddc]
V  [jvm.dll+0x1c9dcc]
V  [jvm.dll+0x2efedf]
V  [jvm.dll+0x6e44c8]
V  [jvm.dll+0x6dc6f5]
V  [jvm.dll+0x6dbbbe]
V  [jvm.dll+0x6d9ddc]
V  [jvm.dll+0x1c9dcc]
V  [jvm.dll+0x2efedf]
V  [jvm.dll+0x6e44c8]
V  [jvm.dll+0x6dc6f5]
V  [jvm.dll+0x6dbbbe]
V  [jvm.dll+0x6d9ddc]
V  [jvm.dll+0x1c9dcc]
V  [jvm.dll+0x1ca94c]
V  [jvm.dll+0x2efedf]
V  [jvm.dll+0x6e44c8]
V  [jvm.dll+0x6dc6f5]
V  [jvm.dll+0x6dbbbe]
V  [jvm.dll+0x6d9ddc]
V  [jvm.dll+0x1c9dcc]
V  [jvm.dll+0x1ca94c]
V  [jvm.dll+0x2efedf]
V  [jvm.dll+0x6e44c8]
V  [jvm.dll+0x6dc6f5]
V  [jvm.dll+0x6dbbbe]
V  [jvm.dll+0x6d9ddc]
V  [jvm.dll+0x1c9dcc]
V  [jvm.dll+0x1ca94c]
V  [jvm.dll+0x2efedf]
V  [jvm.dll+0x6e44c8]
V  [jvm.dll+0x6dc6f5]
V  [jvm.dll+0x6dbbbe]
V  [jvm.dll+0x6d9ddc]
V  [jvm.dll+0x1c9dcc]
V  [jvm.dll+0x2efedf]
V  [jvm.dll+0x6e44c8]
V  [jvm.dll+0x6dc6f5]
V  [jvm.dll+0x6dbbbe]
V  [jvm.dll+0x6d9ddc]
V  [jvm.dll+0x1c9dcc]
V  [jvm.dll+0x1ca94c]
V  [jvm.dll+0x2efedf]
V  [jvm.dll+0x6e44c8]
V  [jvm.dll+0x6dc6f5]
V  [jvm.dll+0x6dbbbe]
V  [jvm.dll+0x6d9ddc]
V  [jvm.dll+0x1c9dcc]
V  [jvm.dll+0x2efedf]
V  [jvm.dll+0x6e44c8]
V  [jvm.dll+0x6dc6f5]
V  [jvm.dll+0x6dbbbe]
V  [jvm.dll+0x6d9ddc]
V  [jvm.dll+0x1c9dcc]
V  [jvm.dll+0x245a5e]
V  [jvm.dll+0x1c6d0e]
V  [jvm.dll+0x2554d9]
V  [jvm.dll+0x253a6a]
V  [jvm.dll+0x3ee136]
V  [jvm.dll+0x7fee9b]
V  [jvm.dll+0x6c896d]
C  [ucrtbase.dll+0x21bb2]
C  [KERNEL32.DLL+0x17374]
...<more frames>...


---------------  P R O C E S S  ---------------

Threads class SMR info:
_java_thread_list=0x000001ae1320cb70, length=22, elements={
0x000001ae1bff22a0, 0x000001ae3d423300, 0x000001ae3d4241c0, 0x000001ae3d4281e0,
0x000001ae3d428c30, 0x000001ae3d429fd0, 0x000001ae3d42b370, 0x000001ae3d4315c0,
0x000001ae3d456070, 0x000001ae3d3f3ad0, 0x000001ae7f1f3910, 0x000001ae7f4a1940,
0x000001ae7f5cfd00, 0x000001ae7f5d3b00, 0x000001ae08fea4e0, 0x000001ae0903f920,
0x000001ae094b4810, 0x000001ae09a870c0, 0x000001ae09d6ae80, 0x000001ae09d6b510,
0x000001ae09d6a7f0, 0x000001ae09d68db0
}

Java Threads: ( => current thread )
  0x000001ae1bff22a0 JavaThread "main"                              [_thread_blocked, id=37960, stack(0x0000004cfa700000,0x0000004cfa800000) (1024K)]
  0x000001ae3d423300 JavaThread "Reference Handler"          daemon [_thread_blocked, id=32240, stack(0x0000004cfaf00000,0x0000004cfb000000) (1024K)]
  0x000001ae3d4241c0 JavaThread "Finalizer"                  daemon [_thread_blocked, id=38500, stack(0x0000004cfb000000,0x0000004cfb100000) (1024K)]
  0x000001ae3d4281e0 JavaThread "Signal Dispatcher"          daemon [_thread_blocked, id=24896, stack(0x0000004cfb100000,0x0000004cfb200000) (1024K)]
  0x000001ae3d428c30 JavaThread "Attach Listener"            daemon [_thread_blocked, id=1972, stack(0x0000004cfb200000,0x0000004cfb300000) (1024K)]
  0x000001ae3d429fd0 JavaThread "Service Thread"             daemon [_thread_blocked, id=36940, stack(0x0000004cfb300000,0x0000004cfb400000) (1024K)]
  0x000001ae3d42b370 JavaThread "Monitor Deflation Thread"   daemon [_thread_blocked, id=29932, stack(0x0000004cfb400000,0x0000004cfb500000) (1024K)]
=>0x000001ae3d4315c0 JavaThread "C2 CompilerThread0"         daemon [_thread_in_native, id=35120, stack(0x0000004cfb500000,0x0000004cfb600000) (1024K)]
  0x000001ae3d456070 JavaThread "C1 CompilerThread0"         daemon [_thread_blocked, id=34064, stack(0x0000004cfb600000,0x0000004cfb700000) (1024K)]
  0x000001ae3d3f3ad0 JavaThread "Common-Cleaner"             daemon [_thread_blocked, id=23920, stack(0x0000004cfb700000,0x0000004cfb800000) (1024K)]
  0x000001ae7f1f3910 JavaThread "Notification Thread"        daemon [_thread_blocked, id=28816, stack(0x0000004cfb800000,0x0000004cfb900000) (1024K)]
  0x000001ae7f4a1940 JavaThread "QuantumRenderer-0"          daemon [_thread_blocked, id=29908, stack(0x0000004cfbe00000,0x0000004cfbf00000) (1024K)]
  0x000001ae7f5cfd00 JavaThread "InvokeLaterDispatcher"      daemon [_thread_blocked, id=32360, stack(0x0000004cfc000000,0x0000004cfc100000) (1024K)]
  0x000001ae7f5d3b00 JavaThread "JavaFX Application Thread"         [_thread_in_native, id=31568, stack(0x0000004cfc100000,0x0000004cfc200000) (1024K)]
  0x000001ae08fea4e0 JavaThread "Thread-1"                   daemon [_thread_in_native, id=30380, stack(0x0000004cfc200000,0x0000004cfc300000) (1024K)]
  0x000001ae0903f920 JavaThread "JavaFX-Launcher"                   [_thread_blocked, id=15496, stack(0x0000004cfc300000,0x0000004cfc400000) (1024K)]
  0x000001ae094b4810 JavaThread "Prism Font Disposer"        daemon [_thread_blocked, id=30804, stack(0x0000004cfc900000,0x0000004cfca00000) (1024K)]
  0x000001ae09a870c0 JavaThread "Cleaner-0"                  daemon [_thread_blocked, id=11800, stack(0x0000004cfcb40000,0x0000004cfcc40000) (1024K)]
  0x000001ae09d6ae80 JavaThread "pool-2-thread-1"                   [_thread_in_native, id=20768, stack(0x0000004cfcd90000,0x0000004cfce90000) (1024K)]
  0x000001ae09d6b510 JavaThread "kafka-coordinator-heartbeat-thread | unique-group-1734560159249" daemon [_thread_blocked, id=16472, stack(0x0000004cfce90000,0x0000004cfcf90000) (1024K)]
  0x000001ae09d6a7f0 JavaThread "Thread-3"                   daemon [_thread_in_native, id=7436, stack(0x0000004cfcf90000,0x0000004cfd090000) (1024K)]
  0x000001ae09d68db0 JavaThread "kafka-coordinator-heartbeat-thread | unique-group-1734560161253" daemon [_thread_blocked, id=36168, stack(0x0000004cfd090000,0x0000004cfd190000) (1024K)]
Total: 22

Other Threads:
  0x000001ae3d408420 VMThread "VM Thread"                           [id=30572, stack(0x0000004cfae00000,0x0000004cfaf00000) (1024K)]
  0x000001ae3d3f29b0 WatcherThread "VM Periodic Task Thread"        [id=34580, stack(0x0000004cfad00000,0x0000004cfae00000) (1024K)]
  0x000001ae1e2e5bb0 WorkerThread "GC Thread#0"                     [id=32032, stack(0x0000004cfa800000,0x0000004cfa900000) (1024K)]
  0x000001ae7f46d980 WorkerThread "GC Thread#1"                     [id=30432, stack(0x0000004cfb900000,0x0000004cfba00000) (1024K)]
  0x000001ae7f469e00 WorkerThread "GC Thread#2"                     [id=34944, stack(0x0000004cfba00000,0x0000004cfbb00000) (1024K)]
  0x000001ae7f476fe0 WorkerThread "GC Thread#3"                     [id=27044, stack(0x0000004cfbb00000,0x0000004cfbc00000) (1024K)]
  0x000001ae7f477380 WorkerThread "GC Thread#4"                     [id=5872, stack(0x0000004cfbc00000,0x0000004cfbd00000) (1024K)]
  0x000001ae7f477720 WorkerThread "GC Thread#5"                     [id=32004, stack(0x0000004cfbd00000,0x0000004cfbe00000) (1024K)]
  0x000001ae094a5ea0 WorkerThread "GC Thread#6"                     [id=36220, stack(0x0000004cfc400000,0x0000004cfc500000) (1024K)]
  0x000001ae09359a30 WorkerThread "GC Thread#7"                     [id=26708, stack(0x0000004cfc500000,0x0000004cfc600000) (1024K)]
  0x000001ae1e2f7a20 ConcurrentGCThread "G1 Main Marker"            [id=24196, stack(0x0000004cfa900000,0x0000004cfaa00000) (1024K)]
  0x000001ae1e2f8ad0 WorkerThread "G1 Conc#0"                       [id=14156, stack(0x0000004cfaa00000,0x0000004cfab00000) (1024K)]
  0x000001ae09448100 WorkerThread "G1 Conc#1"                       [id=30384, stack(0x0000004cfca00000,0x0000004cfcb00000) (1024K)]
  0x000001ae3d2b71a0 ConcurrentGCThread "G1 Refine#0"               [id=38460, stack(0x0000004cfab00000,0x0000004cfac00000) (1024K)]
  0x000001ae3d2b79c0 ConcurrentGCThread "G1 Service"                [id=18936, stack(0x0000004cfac00000,0x0000004cfad00000) (1024K)]
Total: 15

Threads with active compile tasks:
C2 CompilerThread0   305840 8592   !   4       org.apache.kafka.common.network.Selector::pollSelectionKeys (872 bytes)
Total: 1

VM state: not at safepoint (normal execution)

VM Mutex/Monitor currently owned by a thread: None

Heap address: 0x0000000701400000, size: 4076 MB, Compressed Oops mode: Zero based, Oop shift amount: 3

CDS archive(s) mapped at: [0x000001ae3e000000-0x000001ae3ec90000-0x000001ae3ec90000), size 13172736, SharedBaseAddress: 0x000001ae3e000000, ArchiveRelocationMode: 1.
Compressed class space mapped at: 0x000001ae3f000000-0x000001ae7f000000, reserved size: 1073741824
Narrow klass base: 0x000001ae3e000000, Narrow klass shift: 0, Narrow klass range: 0x100000000

GC Precious Log:
 CardTable entry size: 512
 Card Set container configuration: InlinePtr #cards 4 size 8 Array Of Cards #cards 16 size 48 Howl #buckets 8 coarsen threshold 3686 Howl Bitmap #cards 512 size 80 coarsen threshold 460 Card regions per heap region 1 cards per card region 4096
 CPUs: 8 total, 8 available
 Memory: 16299M
 Large Page Support: Disabled
 NUMA Support: Disabled
 Compressed Oops: Enabled (Zero based)
 Heap Region Size: 2M
 Heap Min Capacity: 8M
 Heap Initial Capacity: 256M
 Heap Max Capacity: 4076M
 Pre-touch: Disabled
 Parallel Workers: 8
 Concurrent Workers: 2
 Concurrent Refinement Workers: 8
 Periodic GC: Disabled

Heap:
 garbage-first heap   total 184320K, used 99015K [0x0000000701400000, 0x0000000800000000)
  region size 2048K, 32 young (65536K), 3 survivors (6144K)
 Metaspace       used 43623K, committed 44032K, reserved 1114112K
  class space    used 5250K, committed 5440K, reserved 1048576K

Heap Regions: E=young(eden), S=young(survivor), O=old, HS=humongous(starts), HC=humongous(continues), CS=collection set, F=free, TAMS=top-at-mark-start, PB=parsable bottom
|   0|0x0000000701400000, 0x0000000701600000, 0x0000000701600000|100%|HS|  |TAMS 0x0000000701400000| PB 0x0000000701400000| Complete 
|   1|0x0000000701600000, 0x0000000701800000, 0x0000000701800000|100%|HS|  |TAMS 0x0000000701600000| PB 0x0000000701600000| Complete 
|   2|0x0000000701800000, 0x0000000701a00000, 0x0000000701a00000|100%| O|  |TAMS 0x0000000701800000| PB 0x0000000701800000| Untracked 
|   3|0x0000000701a00000, 0x0000000701a00000, 0x0000000701c00000|  0%| F|  |TAMS 0x0000000701a00000| PB 0x0000000701a00000| Untracked 
|   4|0x0000000701c00000, 0x0000000701e00000, 0x0000000701e00000|100%| O|  |TAMS 0x0000000701c00000| PB 0x0000000701c00000| Untracked 
|   5|0x0000000701e00000, 0x0000000701fa2630, 0x0000000702000000| 81%| O|  |TAMS 0x0000000701e00000| PB 0x0000000701e00000| Untracked 
|   6|0x0000000702000000, 0x0000000702000000, 0x0000000702200000|  0%| F|  |TAMS 0x0000000702000000| PB 0x0000000702000000| Untracked 
|   7|0x0000000702200000, 0x0000000702200000, 0x0000000702400000|  0%| F|  |TAMS 0x0000000702200000| PB 0x0000000702200000| Untracked 
|   8|0x0000000702400000, 0x0000000702400000, 0x0000000702600000|  0%| F|  |TAMS 0x0000000702400000| PB 0x0000000702400000| Untracked 
|   9|0x0000000702600000, 0x0000000702800000, 0x0000000702800000|100%| O|  |TAMS 0x0000000702600000| PB 0x0000000702600000| Untracked 
|  10|0x0000000702800000, 0x0000000702a00000, 0x0000000702a00000|100%| O|  |TAMS 0x0000000702800000| PB 0x0000000702800000| Untracked 
|  11|0x0000000702a00000, 0x0000000702a00000, 0x0000000702c00000|  0%| F|  |TAMS 0x0000000702a00000| PB 0x0000000702a00000| Untracked 
|  12|0x0000000702c00000, 0x0000000702c00000, 0x0000000702e00000|  0%| F|  |TAMS 0x0000000702c00000| PB 0x0000000702c00000| Untracked 
|  13|0x0000000702e00000, 0x0000000702e00000, 0x0000000703000000|  0%| F|  |TAMS 0x0000000702e00000| PB 0x0000000702e00000| Untracked 
|  14|0x0000000703000000, 0x0000000703000000, 0x0000000703200000|  0%| F|  |TAMS 0x0000000703000000| PB 0x0000000703000000| Untracked 
|  15|0x0000000703200000, 0x0000000703200000, 0x0000000703400000|  0%| F|  |TAMS 0x0000000703200000| PB 0x0000000703200000| Untracked 
|  16|0x0000000703400000, 0x0000000703400000, 0x0000000703600000|  0%| F|  |TAMS 0x0000000703400000| PB 0x0000000703400000| Untracked 
|  17|0x0000000703600000, 0x0000000703600000, 0x0000000703800000|  0%| F|  |TAMS 0x0000000703600000| PB 0x0000000703600000| Untracked 
|  18|0x0000000703800000, 0x0000000703800000, 0x0000000703a00000|  0%| F|  |TAMS 0x0000000703800000| PB 0x0000000703800000| Untracked 
|  19|0x0000000703a00000, 0x0000000703a00000, 0x0000000703c00000|  0%| F|  |TAMS 0x0000000703a00000| PB 0x0000000703a00000| Untracked 
|  20|0x0000000703c00000, 0x0000000703c00000, 0x0000000703e00000|  0%| F|  |TAMS 0x0000000703c00000| PB 0x0000000703c00000| Untracked 
|  21|0x0000000703e00000, 0x0000000703e00000, 0x0000000704000000|  0%| F|  |TAMS 0x0000000703e00000| PB 0x0000000703e00000| Untracked 
|  22|0x0000000704000000, 0x0000000704000000, 0x0000000704200000|  0%| F|  |TAMS 0x0000000704000000| PB 0x0000000704000000| Untracked 
|  23|0x0000000704200000, 0x0000000704200000, 0x0000000704400000|  0%| F|  |TAMS 0x0000000704200000| PB 0x0000000704200000| Untracked 
|  24|0x0000000704400000, 0x0000000704400000, 0x0000000704600000|  0%| F|  |TAMS 0x0000000704400000| PB 0x0000000704400000| Untracked 
|  25|0x0000000704600000, 0x0000000704600000, 0x0000000704800000|  0%| F|  |TAMS 0x0000000704600000| PB 0x0000000704600000| Untracked 
|  26|0x0000000704800000, 0x0000000704800000, 0x0000000704a00000|  0%| F|  |TAMS 0x0000000704800000| PB 0x0000000704800000| Untracked 
|  27|0x0000000704a00000, 0x0000000704a00000, 0x0000000704c00000|  0%| F|  |TAMS 0x0000000704a00000| PB 0x0000000704a00000| Untracked 
|  28|0x0000000704c00000, 0x0000000704c00000, 0x0000000704e00000|  0%| F|  |TAMS 0x0000000704c00000| PB 0x0000000704c00000| Untracked 
|  29|0x0000000704e00000, 0x0000000704e00000, 0x0000000705000000|  0%| F|  |TAMS 0x0000000704e00000| PB 0x0000000704e00000| Untracked 
|  30|0x0000000705000000, 0x0000000705000000, 0x0000000705200000|  0%| F|  |TAMS 0x0000000705000000| PB 0x0000000705000000| Untracked 
|  31|0x0000000705200000, 0x000000070530f940, 0x0000000705400000| 53%| S|CS|TAMS 0x0000000705200000| PB 0x0000000705200000| Complete 
|  32|0x0000000705400000, 0x0000000705600000, 0x0000000705600000|100%| S|CS|TAMS 0x0000000705400000| PB 0x0000000705400000| Complete 
|  33|0x0000000705600000, 0x0000000705800000, 0x0000000705800000|100%| S|CS|TAMS 0x0000000705600000| PB 0x0000000705600000| Complete 
|  34|0x0000000705800000, 0x0000000705a00000, 0x0000000705a00000|100%| O|  |TAMS 0x0000000705800000| PB 0x0000000705800000| Untracked 
|  35|0x0000000705a00000, 0x0000000705a00000, 0x0000000705c00000|  0%| F|  |TAMS 0x0000000705a00000| PB 0x0000000705a00000| Untracked 
|  36|0x0000000705c00000, 0x0000000705c00000, 0x0000000705e00000|  0%| F|  |TAMS 0x0000000705c00000| PB 0x0000000705c00000| Untracked 
|  37|0x0000000705e00000, 0x0000000706000000, 0x0000000706000000|100%| O|  |TAMS 0x0000000705e00000| PB 0x0000000705e00000| Untracked 
|  38|0x0000000706000000, 0x0000000706200000, 0x0000000706200000|100%| O|  |TAMS 0x0000000706000000| PB 0x0000000706000000| Untracked 
|  39|0x0000000706200000, 0x0000000706200000, 0x0000000706400000|  0%| F|  |TAMS 0x0000000706200000| PB 0x0000000706200000| Untracked 
|  40|0x0000000706400000, 0x0000000706600000, 0x0000000706600000|100%| O|  |TAMS 0x0000000706400000| PB 0x0000000706400000| Untracked 
|  41|0x0000000706600000, 0x0000000706800000, 0x0000000706800000|100%| O|  |TAMS 0x0000000706600000| PB 0x0000000706600000| Untracked 
|  42|0x0000000706800000, 0x0000000706a00000, 0x0000000706a00000|100%| O|  |TAMS 0x0000000706800000| PB 0x0000000706800000| Untracked 
|  43|0x0000000706a00000, 0x0000000706c00000, 0x0000000706c00000|100%| O|  |TAMS 0x0000000706a00000| PB 0x0000000706a00000| Untracked 
|  44|0x0000000706c00000, 0x0000000706c00000, 0x0000000706e00000|  0%| F|  |TAMS 0x0000000706c00000| PB 0x0000000706c00000| Untracked 
|  45|0x0000000706e00000, 0x0000000707000000, 0x0000000707000000|100%| O|  |TAMS 0x0000000706e00000| PB 0x0000000706e00000| Untracked 
|  46|0x0000000707000000, 0x0000000707200000, 0x0000000707200000|100%| O|  |TAMS 0x0000000707000000| PB 0x0000000707000000| Untracked 
|  47|0x0000000707200000, 0x0000000707400000, 0x0000000707400000|100%| O|  |TAMS 0x0000000707200000| PB 0x0000000707200000| Untracked 
|  48|0x0000000707400000, 0x0000000707400000, 0x0000000707600000|  0%| F|  |TAMS 0x0000000707400000| PB 0x0000000707400000| Untracked 
|  49|0x0000000707600000, 0x0000000707600000, 0x0000000707800000|  0%| F|  |TAMS 0x0000000707600000| PB 0x0000000707600000| Untracked 
|  50|0x0000000707800000, 0x0000000707800000, 0x0000000707a00000|  0%| F|  |TAMS 0x0000000707800000| PB 0x0000000707800000| Untracked 
|  51|0x0000000707a00000, 0x0000000707a00000, 0x0000000707c00000|  0%| F|  |TAMS 0x0000000707a00000| PB 0x0000000707a00000| Untracked 
|  52|0x0000000707c00000, 0x0000000707c00000, 0x0000000707e00000|  0%| F|  |TAMS 0x0000000707c00000| PB 0x0000000707c00000| Untracked 
|  53|0x0000000707e00000, 0x0000000707e00000, 0x0000000708000000|  0%| F|  |TAMS 0x0000000707e00000| PB 0x0000000707e00000| Untracked 
|  54|0x0000000708000000, 0x0000000708000000, 0x0000000708200000|  0%| F|  |TAMS 0x0000000708000000| PB 0x0000000708000000| Untracked 
|  55|0x0000000708200000, 0x0000000708200000, 0x0000000708400000|  0%| F|  |TAMS 0x0000000708200000| PB 0x0000000708200000| Untracked 
|  56|0x0000000708400000, 0x0000000708400000, 0x0000000708600000|  0%| F|  |TAMS 0x0000000708400000| PB 0x0000000708400000| Untracked 
|  57|0x0000000708600000, 0x0000000708600000, 0x0000000708800000|  0%| F|  |TAMS 0x0000000708600000| PB 0x0000000708600000| Untracked 
|  58|0x0000000708800000, 0x0000000708800000, 0x0000000708a00000|  0%| F|  |TAMS 0x0000000708800000| PB 0x0000000708800000| Untracked 
|  59|0x0000000708a00000, 0x0000000708a00000, 0x0000000708c00000|  0%| F|  |TAMS 0x0000000708a00000| PB 0x0000000708a00000| Untracked 
|  60|0x0000000708c00000, 0x0000000708e00000, 0x0000000708e00000|100%| O|  |TAMS 0x0000000708c00000| PB 0x0000000708c00000| Untracked 
|  61|0x0000000708e00000, 0x0000000708f7a688, 0x0000000709000000| 73%| E|  |TAMS 0x0000000708e00000| PB 0x0000000708e00000| Complete 
|  62|0x0000000709000000, 0x0000000709200000, 0x0000000709200000|100%| E|CS|TAMS 0x0000000709000000| PB 0x0000000709000000| Complete 
|  63|0x0000000709200000, 0x0000000709400000, 0x0000000709400000|100%| E|CS|TAMS 0x0000000709200000| PB 0x0000000709200000| Complete 
|  64|0x0000000709400000, 0x0000000709600000, 0x0000000709600000|100%| E|CS|TAMS 0x0000000709400000| PB 0x0000000709400000| Complete 
|  65|0x0000000709600000, 0x0000000709800000, 0x0000000709800000|100%| E|CS|TAMS 0x0000000709600000| PB 0x0000000709600000| Complete 
|  66|0x0000000709800000, 0x0000000709a00000, 0x0000000709a00000|100%| E|CS|TAMS 0x0000000709800000| PB 0x0000000709800000| Complete 
|  67|0x0000000709a00000, 0x0000000709c00000, 0x0000000709c00000|100%| E|CS|TAMS 0x0000000709a00000| PB 0x0000000709a00000| Complete 
|  68|0x0000000709c00000, 0x0000000709e00000, 0x0000000709e00000|100%| E|CS|TAMS 0x0000000709c00000| PB 0x0000000709c00000| Complete 
|  69|0x0000000709e00000, 0x000000070a000000, 0x000000070a000000|100%| E|CS|TAMS 0x0000000709e00000| PB 0x0000000709e00000| Complete 
|  70|0x000000070a000000, 0x000000070a200000, 0x000000070a200000|100%| E|CS|TAMS 0x000000070a000000| PB 0x000000070a000000| Complete 
|  71|0x000000070a200000, 0x000000070a400000, 0x000000070a400000|100%| E|CS|TAMS 0x000000070a200000| PB 0x000000070a200000| Complete 
|  72|0x000000070a400000, 0x000000070a600000, 0x000000070a600000|100%| E|CS|TAMS 0x000000070a400000| PB 0x000000070a400000| Complete 
|  73|0x000000070a600000, 0x000000070a800000, 0x000000070a800000|100%| E|CS|TAMS 0x000000070a600000| PB 0x000000070a600000| Complete 
|  74|0x000000070a800000, 0x000000070aa00000, 0x000000070aa00000|100%| E|CS|TAMS 0x000000070a800000| PB 0x000000070a800000| Complete 
|  75|0x000000070aa00000, 0x000000070ac00000, 0x000000070ac00000|100%| E|CS|TAMS 0x000000070aa00000| PB 0x000000070aa00000| Complete 
|  76|0x000000070ac00000, 0x000000070ae00000, 0x000000070ae00000|100%| E|CS|TAMS 0x000000070ac00000| PB 0x000000070ac00000| Complete 
|  77|0x000000070ae00000, 0x000000070b000000, 0x000000070b000000|100%| E|CS|TAMS 0x000000070ae00000| PB 0x000000070ae00000| Complete 
|  78|0x000000070b000000, 0x000000070b200000, 0x000000070b200000|100%| E|CS|TAMS 0x000000070b000000| PB 0x000000070b000000| Complete 
|  79|0x000000070b200000, 0x000000070b400000, 0x000000070b400000|100%| E|CS|TAMS 0x000000070b200000| PB 0x000000070b200000| Complete 
|  80|0x000000070b400000, 0x000000070b600000, 0x000000070b600000|100%| E|CS|TAMS 0x000000070b400000| PB 0x000000070b400000| Complete 
|  81|0x000000070b600000, 0x000000070b800000, 0x000000070b800000|100%| E|CS|TAMS 0x000000070b600000| PB 0x000000070b600000| Complete 
|  82|0x000000070b800000, 0x000000070ba00000, 0x000000070ba00000|100%| E|CS|TAMS 0x000000070b800000| PB 0x000000070b800000| Complete 
|  83|0x000000070ba00000, 0x000000070bc00000, 0x000000070bc00000|100%| E|CS|TAMS 0x000000070ba00000| PB 0x000000070ba00000| Complete 
|  84|0x000000070bc00000, 0x000000070be00000, 0x000000070be00000|100%| E|CS|TAMS 0x000000070bc00000| PB 0x000000070bc00000| Complete 
|  85|0x000000070be00000, 0x000000070c000000, 0x000000070c000000|100%| E|CS|TAMS 0x000000070be00000| PB 0x000000070be00000| Complete 
|  86|0x000000070c000000, 0x000000070c200000, 0x000000070c200000|100%| E|CS|TAMS 0x000000070c000000| PB 0x000000070c000000| Complete 
| 124|0x0000000710c00000, 0x0000000710e00000, 0x0000000710e00000|100%| E|CS|TAMS 0x0000000710c00000| PB 0x0000000710c00000| Complete 
| 125|0x0000000710e00000, 0x0000000711000000, 0x0000000711000000|100%| E|CS|TAMS 0x0000000710e00000| PB 0x0000000710e00000| Complete 
| 127|0x0000000711200000, 0x0000000711400000, 0x0000000711400000|100%| E|CS|TAMS 0x0000000711200000| PB 0x0000000711200000| Complete 

Card table byte_map: [0x000001ae36240000,0x000001ae36a40000] _byte_map_base: 0x000001ae32a36000

Marking Bits: (CMBitMap*) 0x000001ae1e2e70d0
 Bits: [0x000001ae36a40000, 0x000001ae3a9f0000)

Polling page: 0x000001ae1c250000

Metaspace:

Usage:
  Non-class:     37.47 MB used.
      Class:      5.13 MB used.
       Both:     42.60 MB used.

Virtual space:
  Non-class space:       64.00 MB reserved,      37.69 MB ( 59%) committed,  1 nodes.
      Class space:        1.00 GB reserved,       5.31 MB ( <1%) committed,  1 nodes.
             Both:        1.06 GB reserved,      43.00 MB (  4%) committed. 

Chunk freelists:
   Non-Class:  9.56 MB
       Class:  10.57 MB
        Both:  20.14 MB

MaxMetaspaceSize: unlimited
CompressedClassSpaceSize: 1.00 GB
Initial GC threshold: 21.00 MB
Current GC threshold: 59.69 MB
CDS: on
 - commit_granule_bytes: 65536.
 - commit_granule_words: 8192.
 - virtual_space_node_default_size: 8388608.
 - enlarge_chunks_in_place: 1.
 - use_allocation_guard: 0.


Internal statistics:

num_allocs_failed_limit: 9.
num_arena_births: 496.
num_arena_deaths: 0.
num_vsnodes_births: 2.
num_vsnodes_deaths: 0.
num_space_committed: 688.
num_space_uncommitted: 0.
num_chunks_returned_to_freelist: 9.
num_chunks_taken_from_freelist: 1873.
num_chunk_merges: 9.
num_chunk_splits: 1379.
num_chunks_enlarged: 1116.
num_inconsistent_stats: 0.

CodeHeap 'non-profiled nmethods': size=120000Kb used=4715Kb max_used=4715Kb free=115284Kb
 bounds [0x000001ae2e1e0000, 0x000001ae2e680000, 0x000001ae35710000]
CodeHeap 'profiled nmethods': size=120000Kb used=16615Kb max_used=16615Kb free=103384Kb
 bounds [0x000001ae26710000, 0x000001ae27750000, 0x000001ae2dc40000]
CodeHeap 'non-nmethods': size=5760Kb used=2047Kb max_used=2134Kb free=3712Kb
 bounds [0x000001ae2dc40000, 0x000001ae2deb0000, 0x000001ae2e1e0000]
 total_blobs=9205 nmethods=8195 adapters=912
 compilation: enabled
              stopped_count=0, restarted_count=0
 full_count=0

Compilation events (20 events):
Event: 284.756 Thread 0x000001ae3d4315c0 nmethod 8582 0x000001ae2e676390 code [0x000001ae2e676500, 0x000001ae2e6765a0]
Event: 285.156 Thread 0x000001ae3d4315c0 8583       4       java.lang.Math::multiplyExact (74 bytes)
Event: 285.158 Thread 0x000001ae3d4315c0 nmethod 8583 0x000001ae2e676690 code [0x000001ae2e676800, 0x000001ae2e6768c8]
Event: 289.374 Thread 0x000001ae3d4315c0 8584       4       java.time.Duration::create (23 bytes)
Event: 289.377 Thread 0x000001ae3d4315c0 nmethod 8584 0x000001ae2e676990 code [0x000001ae2e676b20, 0x000001ae2e676c30]
Event: 290.177 Thread 0x000001ae3d4315c0 8585       4       org.apache.kafka.clients.consumer.internals.ClassicKafkaConsumer::acquire (107 bytes)
Event: 290.180 Thread 0x000001ae3d4315c0 nmethod 8585 0x000001ae2e676d10 code [0x000001ae2e676ea0, 0x000001ae2e677010]
Event: 290.277 Thread 0x000001ae3d4315c0 8586       4       java.time.Duration::ofMillis (39 bytes)
Event: 290.278 Thread 0x000001ae3d4315c0 nmethod 8586 0x000001ae2e677190 code [0x000001ae2e677320, 0x000001ae2e677490]
Event: 290.478 Thread 0x000001ae3d4315c0 8587       4       org.apache.kafka.clients.consumer.internals.metrics.KafkaConsumerMetrics::recordPollEnd (31 bytes)
Event: 290.481 Thread 0x000001ae3d4315c0 nmethod 8587 0x000001ae2e677590 code [0x000001ae2e677740, 0x000001ae2e677980]
Event: 292.758 Thread 0x000001ae3d456070 8588       3       org.apache.kafka.common.requests.HeartbeatResponse::throttleTimeMs (8 bytes)
Event: 292.758 Thread 0x000001ae3d456070 nmethod 8588 0x000001ae27749990 code [0x000001ae27749b20, 0x000001ae27749c60]
Event: 295.403 Thread 0x000001ae3d4315c0 8589       4       java.nio.MappedByteBuffer::position (6 bytes)
Event: 295.405 Thread 0x000001ae3d4315c0 nmethod 8589 0x000001ae2e677b90 code [0x000001ae2e677d20, 0x000001ae2e677e18]
Event: 296.609 Thread 0x000001ae3d4315c0 8590       4       org.apache.kafka.clients.consumer.KafkaConsumer::poll (11 bytes)
Event: 296.647 Thread 0x000001ae3d4315c0 nmethod 8590 0x000001ae2e677f10 code [0x000001ae2e678240, 0x000001ae2e6796f0]
Event: 298.717 Thread 0x000001ae3d4315c0 8591       4       org.apache.kafka.clients.consumer.internals.ConsumerNetworkClient::pollNoWakeup (17 bytes)
Event: 298.720 Thread 0x000001ae3d4315c0 nmethod 8591 0x000001ae2e67a910 code [0x000001ae2e67aac0, 0x000001ae2e67ac78]
Event: 305.498 Thread 0x000001ae3d4315c0 8592   !   4       org.apache.kafka.common.network.Selector::pollSelectionKeys (872 bytes)

GC Heap History (18 events):
Event: 0.902 GC heap before
{Heap before GC invocations=0 (full 0):
 garbage-first heap   total 262144K, used 20480K [0x0000000701400000, 0x0000000800000000)
  region size 2048K, 11 young (22528K), 0 survivors (0K)
 Metaspace       used 2522K, committed 2752K, reserved 1114112K
  class space    used 265K, committed 384K, reserved 1048576K
}
Event: 0.905 GC heap after
{Heap after GC invocations=1 (full 0):
 garbage-first heap   total 262144K, used 1830K [0x0000000701400000, 0x0000000800000000)
  region size 2048K, 1 young (2048K), 1 survivors (2048K)
 Metaspace       used 2522K, committed 2752K, reserved 1114112K
  class space    used 265K, committed 384K, reserved 1048576K
}
Event: 1.874 GC heap before
{Heap before GC invocations=1 (full 0):
 garbage-first heap   total 262144K, used 38694K [0x0000000701400000, 0x0000000800000000)
  region size 2048K, 20 young (40960K), 1 survivors (2048K)
 Metaspace       used 12481K, committed 12672K, reserved 1114112K
  class space    used 1389K, committed 1472K, reserved 1048576K
}
Event: 1.882 GC heap after
{Heap after GC invocations=2 (full 0):
 garbage-first heap   total 262144K, used 8736K [0x0000000701400000, 0x0000000800000000)
  region size 2048K, 3 young (6144K), 3 survivors (6144K)
 Metaspace       used 12481K, committed 12672K, reserved 1114112K
  class space    used 1389K, committed 1472K, reserved 1048576K
}
Event: 3.570 GC heap before
{Heap before GC invocations=2 (full 0):
 garbage-first heap   total 262144K, used 137760K [0x0000000701400000, 0x0000000800000000)
  region size 2048K, 68 young (139264K), 3 survivors (6144K)
 Metaspace       used 21210K, committed 21504K, reserved 1114112K
  class space    used 2992K, committed 3136K, reserved 1048576K
}
Event: 3.604 GC heap after
{Heap after GC invocations=3 (full 0):
 garbage-first heap   total 262144K, used 91088K [0x0000000701400000, 0x0000000800000000)
  region size 2048K, 10 young (20480K), 10 survivors (20480K)
 Metaspace       used 21210K, committed 21504K, reserved 1114112K
  class space    used 2992K, committed 3136K, reserved 1048576K
}
Event: 17.596 GC heap before
{Heap before GC invocations=4 (full 0):
 garbage-first heap   total 262144K, used 140240K [0x0000000701400000, 0x0000000800000000)
  region size 2048K, 33 young (67584K), 10 survivors (20480K)
 Metaspace       used 27207K, committed 27584K, reserved 1114112K
  class space    used 3661K, committed 3776K, reserved 1048576K
}
Event: 17.613 GC heap after
{Heap after GC invocations=5 (full 0):
 garbage-first heap   total 262144K, used 110879K [0x0000000701400000, 0x0000000800000000)
  region size 2048K, 5 young (10240K), 5 survivors (10240K)
 Metaspace       used 27207K, committed 27584K, reserved 1114112K
  class space    used 3661K, committed 3776K, reserved 1048576K
}
Event: 18.874 GC heap before
{Heap before GC invocations=5 (full 0):
 garbage-first heap   total 262144K, used 147743K [0x0000000701400000, 0x0000000800000000)
  region size 2048K, 24 young (49152K), 5 survivors (10240K)
 Metaspace       used 35704K, committed 36096K, reserved 1114112K
  class space    used 4488K, committed 4672K, reserved 1048576K
}
Event: 18.880 GC heap after
{Heap after GC invocations=6 (full 0):
 garbage-first heap   total 262144K, used 111313K [0x0000000701400000, 0x0000000800000000)
  region size 2048K, 2 young (4096K), 2 survivors (4096K)
 Metaspace       used 35704K, committed 36096K, reserved 1114112K
  class space    used 4488K, committed 4672K, reserved 1048576K
}
Event: 18.915 GC heap before
{Heap before GC invocations=6 (full 0):
 garbage-first heap   total 262144K, used 113361K [0x0000000701400000, 0x0000000800000000)
  region size 2048K, 4 young (8192K), 2 survivors (4096K)
 Metaspace       used 36046K, committed 36416K, reserved 1114112K
  class space    used 4511K, committed 4672K, reserved 1048576K
}
Event: 18.919 GC heap after
{Heap after GC invocations=7 (full 0):
 garbage-first heap   total 262144K, used 111328K [0x0000000701400000, 0x0000000800000000)
  region size 2048K, 2 young (4096K), 2 survivors (4096K)
 Metaspace       used 36046K, committed 36416K, reserved 1114112K
  class space    used 4511K, committed 4672K, reserved 1048576K
}
Event: 22.635 GC heap before
{Heap before GC invocations=8 (full 0):
 garbage-first heap   total 184320K, used 127712K [0x0000000701400000, 0x0000000800000000)
  region size 2048K, 38 young (77824K), 2 survivors (4096K)
 Metaspace       used 41695K, committed 42176K, reserved 1114112K
  class space    used 5180K, committed 5376K, reserved 1048576K
}
Event: 22.642 GC heap after
{Heap after GC invocations=9 (full 0):
 garbage-first heap   total 184320K, used 60326K [0x0000000701400000, 0x0000000800000000)
  region size 2048K, 4 young (8192K), 4 survivors (8192K)
 Metaspace       used 41695K, committed 42176K, reserved 1114112K
  class space    used 5180K, committed 5376K, reserved 1048576K
}
Event: 22.927 GC heap before
{Heap before GC invocations=9 (full 0):
 garbage-first heap   total 184320K, used 127910K [0x0000000701400000, 0x0000000800000000)
  region size 2048K, 37 young (75776K), 4 survivors (8192K)
 Metaspace       used 42119K, committed 42560K, reserved 1114112K
  class space    used 5218K, committed 5440K, reserved 1048576K
}
Event: 22.937 GC heap after
{Heap after GC invocations=10 (full 0):
 garbage-first heap   total 184320K, used 43855K [0x0000000701400000, 0x0000000800000000)
  region size 2048K, 4 young (8192K), 4 survivors (8192K)
 Metaspace       used 42119K, committed 42560K, reserved 1114112K
  class space    used 5218K, committed 5440K, reserved 1048576K
}
Event: 50.753 GC heap before
{Heap before GC invocations=10 (full 0):
 garbage-first heap   total 184320K, used 123727K [0x0000000701400000, 0x0000000800000000)
  region size 2048K, 43 young (88064K), 4 survivors (8192K)
 Metaspace       used 43368K, committed 43776K, reserved 1114112K
  class space    used 5249K, committed 5440K, reserved 1048576K
}
Event: 50.761 GC heap after
{Heap after GC invocations=11 (full 0):
 garbage-first heap   total 184320K, used 39623K [0x0000000701400000, 0x0000000800000000)
  region size 2048K, 3 young (6144K), 3 survivors (6144K)
 Metaspace       used 43368K, committed 43776K, reserved 1114112K
  class space    used 5249K, committed 5440K, reserved 1048576K
}

Dll operation events (20 events):
Event: 0.788 Loaded shared library C:\Users\zoro\.openjfx\cache\21+31\amd64\api-ms-win-crt-process-l1-1-0.dll
Event: 0.792 Loaded shared library C:\Users\zoro\.openjfx\cache\21+31\amd64\api-ms-win-crt-runtime-l1-1-0.dll
Event: 0.797 Loaded shared library C:\Users\zoro\.openjfx\cache\21+31\amd64\api-ms-win-crt-stdio-l1-1-0.dll
Event: 0.803 Loaded shared library C:\Users\zoro\.openjfx\cache\21+31\amd64\api-ms-win-crt-string-l1-1-0.dll
Event: 0.807 Loaded shared library C:\Users\zoro\.openjfx\cache\21+31\amd64\api-ms-win-crt-time-l1-1-0.dll
Event: 0.812 Loaded shared library C:\Users\zoro\.openjfx\cache\21+31\amd64\api-ms-win-crt-utility-l1-1-0.dll
Event: 0.840 Loaded shared library C:\Users\zoro\.openjfx\cache\21+31\amd64\ucrtbase.dll
Event: 0.846 Loaded shared library C:\Users\zoro\.openjfx\cache\21+31\amd64\vcruntime140.dll
Event: 0.850 Loaded shared library C:\Users\zoro\.openjfx\cache\21+31\amd64\vcruntime140_1.dll
Event: 0.866 Loaded shared library C:\Users\zoro\.openjfx\cache\21+31\amd64\msvcp140.dll
Event: 0.872 Loaded shared library C:\Users\zoro\.openjfx\cache\21+31\amd64\msvcp140_1.dll
Event: 0.878 Loaded shared library C:\Users\zoro\.openjfx\cache\21+31\amd64\msvcp140_2.dll
Event: 0.942 Loaded shared library C:\Users\zoro\.openjfx\cache\21+31\amd64\prism_d3d.dll
Event: 1.081 Loaded shared library C:\Users\zoro\.openjfx\cache\21+31\amd64\glass.dll
Event: 1.292 Loaded shared library C:\Program Files\Java\jdk-21\bin\jimage.dll
Event: 1.607 Loaded shared library C:\Program Files\Java\jdk-21\bin\verify.dll
Event: 1.642 Loaded shared library C:\Program Files\Java\jdk-21\bin\sunmscapi.dll
Event: 2.870 Loaded shared library C:\Users\zoro\.openjfx\cache\21+31\amd64\javafx_font.dll
Event: 17.774 Loaded shared library C:\Program Files\Java\jdk-21\bin\management.dll
Event: 17.803 Loaded shared library C:\Program Files\Java\jdk-21\bin\management_ext.dll

Deoptimization events (20 events):
Event: 58.798 Thread 0x000001ae7f5d3b00 Uncommon trap: trap_request=0xffffffbe fr.pc=0x000001ae2e5ca104 relative=0x0000000000005d44
Event: 58.798 Thread 0x000001ae7f5d3b00 Uncommon trap: reason=profile_predicate action=maybe_recompile pc=0x000001ae2e5ca104 method=javafx.scene.CssStyleHelper.transitionToState(Ljavafx/scene/Node;)V @ 291 c2
Event: 58.798 Thread 0x000001ae7f5d3b00 DEOPT PACKING pc=0x000001ae2e5ca104 sp=0x0000004cfc1fdca0
Event: 58.798 Thread 0x000001ae7f5d3b00 DEOPT UNPACKING pc=0x000001ae2dc946a2 sp=0x0000004cfc1fdc28 mode 2
Event: 130.478 Thread 0x000001ae09d6ae80 Uncommon trap: trap_request=0xffffff45 fr.pc=0x000001ae2e60173c relative=0x000000000000009c
Event: 130.478 Thread 0x000001ae09d6ae80 Uncommon trap: reason=unstable_if action=reinterpret pc=0x000001ae2e60173c method=java.util.concurrent.ConcurrentLinkedQueue.first()Ljava/util/concurrent/ConcurrentLinkedQueue$Node; @ 32 c2
Event: 130.478 Thread 0x000001ae09d6ae80 DEOPT PACKING pc=0x000001ae2e60173c sp=0x0000004cfce8eda0
Event: 130.478 Thread 0x000001ae09d6ae80 DEOPT UNPACKING pc=0x000001ae2dc946a2 sp=0x0000004cfce8ed18 mode 2
Event: 169.485 Thread 0x000001ae09d6b510 Uncommon trap: trap_request=0xffffff45 fr.pc=0x000001ae2e5fd440 relative=0x00000000000001a0
Event: 169.485 Thread 0x000001ae09d6b510 Uncommon trap: reason=unstable_if action=reinterpret pc=0x000001ae2e5fd440 method=java.util.concurrent.locks.ReentrantLock$FairSync.tryAcquire(I)Z @ 20 c2
Event: 169.485 Thread 0x000001ae09d6b510 DEOPT PACKING pc=0x000001ae2e5fd440 sp=0x0000004cfcf8ef90
Event: 169.485 Thread 0x000001ae09d6b510 DEOPT UNPACKING pc=0x000001ae2dc946a2 sp=0x0000004cfcf8ef40 mode 2
Event: 204.254 Thread 0x000001ae7f4a1940 Uncommon trap: trap_request=0xffffff45 fr.pc=0x000001ae2e53e110 relative=0x0000000000000150
Event: 204.254 Thread 0x000001ae7f4a1940 Uncommon trap: reason=unstable_if action=reinterpret pc=0x000001ae2e53e110 method=com.sun.javafx.geom.transform.AffineBase.scale(DD)V @ 8 c2
Event: 204.254 Thread 0x000001ae7f4a1940 DEOPT PACKING pc=0x000001ae2e53e110 sp=0x0000004cfbefe170
Event: 204.254 Thread 0x000001ae7f4a1940 DEOPT UNPACKING pc=0x000001ae2dc946a2 sp=0x0000004cfbefe0f0 mode 2
Event: 204.259 Thread 0x000001ae7f4a1940 Uncommon trap: trap_request=0xffffff45 fr.pc=0x000001ae2e51e708 relative=0x0000000000000da8
Event: 204.259 Thread 0x000001ae7f4a1940 Uncommon trap: reason=unstable_if action=reinterpret pc=0x000001ae2e51e708 method=com.sun.scenario.effect.impl.state.BoxRenderState.validateWeights()V @ 147 c2
Event: 204.259 Thread 0x000001ae7f4a1940 DEOPT PACKING pc=0x000001ae2e51e708 sp=0x0000004cfbefd4a0
Event: 204.260 Thread 0x000001ae7f4a1940 DEOPT UNPACKING pc=0x000001ae2dc946a2 sp=0x0000004cfbefd420 mode 2

Classes loaded (20 events):
Event: 22.993 Loading class sun/util/locale/provider/BaseLocaleDataMetaInfo
Event: 22.993 Loading class sun/util/locale/provider/BaseLocaleDataMetaInfo done
Event: 22.995 Loading class sun/util/locale/provider/BreakIteratorProviderImpl$GraphemeBreakIterator
Event: 22.995 Loading class sun/util/locale/provider/BreakIteratorProviderImpl$GraphemeBreakIterator done
Event: 22.995 Loading class java/text/StringCharacterIterator
Event: 22.995 Loading class java/text/StringCharacterIterator done
Event: 22.995 Loading class sun/util/locale/provider/BreakIteratorProviderImpl$CharacterIteratorCharSequence
Event: 22.996 Loading class sun/util/locale/provider/BreakIteratorProviderImpl$CharacterIteratorCharSequence done
Event: 22.996 Loading class java/text/BreakIterator$BreakIteratorCache
Event: 22.996 Loading class java/text/BreakIterator$BreakIteratorCache done
Event: 22.996 Loading class jdk/internal/util/regex/Grapheme
Event: 22.996 Loading class jdk/internal/util/regex/Grapheme done
Event: 23.440 Loading class java/util/stream/SortedOps
Event: 23.441 Loading class java/util/stream/SortedOps done
Event: 23.441 Loading class java/util/stream/SortedOps$OfRef
Event: 23.441 Loading class java/util/stream/SortedOps$OfRef done
Event: 23.441 Loading class java/util/stream/SortedOps$SizedRefSortingSink
Event: 23.441 Loading class java/util/stream/SortedOps$AbstractRefSortingSink
Event: 23.442 Loading class java/util/stream/SortedOps$AbstractRefSortingSink done
Event: 23.442 Loading class java/util/stream/SortedOps$SizedRefSortingSink done

Classes unloaded (0 events):
No events

Classes redefined (0 events):
No events

Internal exceptions (20 events):
Event: 17.640 Thread 0x000001ae09d6ae80 Exception <a 'java/lang/IncompatibleClassChangeError'{0x00000007110fde50}: Found class java.lang.Object, but interface was expected> (0x00000007110fde50) 
thrown [s\open\src\hotspot\share\interpreter\linkResolver.cpp, line 840]
Event: 17.643 Thread 0x000001ae09d6ae80 Exception <a 'java/lang/NoSuchMethodError'{0x0000000711103830}: 'void java.lang.invoke.DirectMethodHandle$Holder.invokeInterface(java.lang.Object, java.lang.Object, java.lang.Object)'> (0x0000000711103830) 
thrown [s\open\src\hotspot\share\interpreter\linkResolver.cpp, line 773]
Event: 17.648 Thread 0x000001ae09d6ae80 Exception <a 'java/lang/NoSuchMethodError'{0x0000000711117a60}: 'int java.lang.invoke.DirectMethodHandle$Holder.invokeStatic(java.lang.Object, java.lang.Object, java.lang.Object, java.lang.Object)'> (0x0000000711117a60) 
thrown [s\open\src\hotspot\share\interpreter\linkResolver.cpp, line 773]
Event: 17.815 Thread 0x000001ae09d6ae80 Exception <a 'java/lang/NoSuchMethodError'{0x0000000710b108e0}: 'int java.lang.invoke.DirectMethodHandle$Holder.invokeInterface(java.lang.Object, java.lang.Object)'> (0x0000000710b108e0) 
thrown [s\open\src\hotspot\share\interpreter\linkResolver.cpp, line 773]
Event: 17.816 Thread 0x000001ae09d6ae80 Exception <a 'java/lang/IncompatibleClassChangeError'{0x0000000710b13ba0}: Found class java.lang.Object, but interface was expected> (0x0000000710b13ba0) 
thrown [s\open\src\hotspot\share\interpreter\linkResolver.cpp, line 840]
Event: 17.935 Thread 0x000001ae09d6ae80 Exception <a 'java/lang/NoSuchMethodError'{0x0000000710408bd8}: 'java.lang.Object java.lang.invoke.DirectMethodHandle$Holder.invokeStaticInit(java.lang.Object, java.lang.Object, java.lang.Object)'> (0x0000000710408bd8) 
thrown [s\open\src\hotspot\share\interpreter\linkResolver.cpp, line 773]
Event: 18.187 Thread 0x000001ae09d6ae80 Exception <a 'sun/nio/fs/WindowsException'{0x000000070fec6000}> (0x000000070fec6000) 
thrown [s\open\src\hotspot\share\prims\jni.cpp, line 520]
Event: 19.233 Thread 0x000001ae09d6ae80 Exception <a 'java/lang/NoSuchMethodError'{0x000000070b9b8828}: 'int java.lang.invoke.DirectMethodHandle$Holder.invokeVirtual(java.lang.Object, java.lang.Object)'> (0x000000070b9b8828) 
thrown [s\open\src\hotspot\share\interpreter\linkResolver.cpp, line 773]
Event: 19.244 Thread 0x000001ae09d6ae80 Exception <a 'java/lang/NoSuchMethodError'{0x000000070b60a450}: 'java.lang.Object java.lang.invoke.DirectMethodHandle$Holder.newInvokeSpecial(java.lang.Object, long)'> (0x000000070b60a450) 
thrown [s\open\src\hotspot\share\interpreter\linkResolver.cpp, line 773]
Event: 19.380 Thread 0x000001ae09d6ae80 Exception <a 'java/lang/NoSuchMethodError'{0x000000070b0b7e10}: 'void java.lang.invoke.DirectMethodHandle$Holder.invokeStatic(java.lang.Object, int, java.lang.Object)'> (0x000000070b0b7e10) 
thrown [s\open\src\hotspot\share\interpreter\linkResolver.cpp, line 773]
Event: 19.476 Thread 0x000001ae7f5d3b00 Exception <a 'java/io/FileNotFoundException'{0x0000000711282708}> (0x0000000711282708) 
thrown [s\open\src\hotspot\share\prims\jni.cpp, line 520]
Event: 19.563 Thread 0x000001ae7f5d3b00 Exception <a 'java/io/FileNotFoundException'{0x000000070ac13b48}> (0x000000070ac13b48) 
thrown [s\open\src\hotspot\share\prims\jni.cpp, line 520]
Event: 22.466 Thread 0x000001ae09d6ae80 Exception <a 'java/lang/NoSuchMethodError'{0x000000070a3cf1c8}: 'java.lang.Object java.lang.invoke.DirectMethodHandle$Holder.invokeVirtual(java.lang.Object, java.lang.Object, int)'> (0x000000070a3cf1c8) 
thrown [s\open\src\hotspot\share\interpreter\linkResolver.cpp, line 773]
Event: 22.498 Thread 0x000001ae09d6ae80 Exception <a 'java/lang/NoSuchMethodError'{0x000000070a0e6c88}: 'java.lang.Object java.lang.invoke.DirectMethodHandle$Holder.newInvokeSpecial(java.lang.Object, int, java.lang.Object, java.lang.Object)'> (0x000000070a0e6c88) 
thrown [s\open\src\hotspot\share\interpreter\linkResolver.cpp, line 773]
Event: 22.498 Thread 0x000001ae09d6ae80 Exception <a 'java/lang/NoSuchMethodError'{0x000000070a0eab18}: 'java.lang.Object java.lang.invoke.DirectMethodHandle$Holder.invokeSpecial(java.lang.Object, java.lang.Object, int, java.lang.Object, java.lang.Object)'> (0x000000070a0eab18) 
thrown [s\open\src\hotspot\share\interpreter\linkResolver.cpp, line 773]
Event: 22.509 Thread 0x000001ae09d6ae80 Exception <a 'java/lang/IncompatibleClassChangeError'{0x000000070a150608}: Found class java.lang.Object, but interface was expected> (0x000000070a150608) 
thrown [s\open\src\hotspot\share\interpreter\linkResolver.cpp, line 840]
Event: 22.578 Thread 0x000001ae09d69440 Exception <a 'java/lang/NoSuchMethodError'{0x0000000709c638c8}: 'void java.lang.invoke.DirectMethodHandle$Holder.invokeStatic(java.lang.Object, java.lang.Object, int)'> (0x0000000709c638c8) 
thrown [s\open\src\hotspot\share\interpreter\linkResolver.cpp, line 773]
Event: 22.578 Thread 0x000001ae09d6bba0 Exception <a 'java/lang/NoSuchMethodError'{0x0000000709e63e08}: 'void java.lang.invoke.DirectMethodHandle$Holder.invokeStatic(java.lang.Object, java.lang.Object, int)'> (0x0000000709e63e08) 
thrown [s\open\src\hotspot\share\interpreter\linkResolver.cpp, line 773]
Event: 22.578 Thread 0x000001ae09d68720 Exception <a 'java/lang/NoSuchMethodError'{0x0000000709e98798}: 'void java.lang.invoke.DirectMethodHandle$Holder.invokeStatic(java.lang.Object, java.lang.Object, int)'> (0x0000000709e98798) 
thrown [s\open\src\hotspot\share\interpreter\linkResolver.cpp, line 773]
Event: 26.596 Thread 0x000001ae7f5d3b00 Exception <a 'java/lang/NoSuchMethodError'{0x0000000708e14110}: 'java.lang.Object java.lang.invoke.DirectMethodHandle$Holder.newInvokeSpecial(java.lang.Object, java.lang.Object, java.lang.Object, double, double, double, double, int, int, int, int, int, int, int, int, int)'> (0x0000000708e14110) 
thrown [s\open\src\hotspot\share\interpreter\linkResolver.cpp, line 773]

ZGC Phase Switch (0 events):
No events

VM Operations (20 events):
Event: 226.507 Executing VM operation: Cleanup
Event: 226.507 Executing VM operation: Cleanup done
Event: 229.507 Executing VM operation: Cleanup
Event: 229.507 Executing VM operation: Cleanup done
Event: 240.712 Executing VM operation: HandshakeAllThreads (HandshakeForDeflation)
Event: 240.712 Executing VM operation: HandshakeAllThreads (HandshakeForDeflation) done
Event: 240.713 Executing VM operation: RendezvousGCThreads
Event: 240.713 Executing VM operation: RendezvousGCThreads done
Event: 247.716 Executing VM operation: Cleanup
Event: 247.716 Executing VM operation: Cleanup done
Event: 253.718 Executing VM operation: Cleanup
Event: 253.718 Executing VM operation: Cleanup done
Event: 284.732 Executing VM operation: Cleanup
Event: 284.732 Executing VM operation: Cleanup done
Event: 295.737 Executing VM operation: Cleanup
Event: 295.737 Executing VM operation: Cleanup done
Event: 300.847 Executing VM operation: HandshakeAllThreads (HandshakeForDeflation)
Event: 300.847 Executing VM operation: HandshakeAllThreads (HandshakeForDeflation) done
Event: 300.847 Executing VM operation: RendezvousGCThreads
Event: 300.847 Executing VM operation: RendezvousGCThreads done

Events (20 events):
Event: 24.227 Thread 0x000001ae18c1d180 Thread exited: 0x000001ae18c1d180
Event: 24.229 Thread 0x000001ae18c154d0 Thread exited: 0x000001ae18c154d0
Event: 24.229 Thread 0x000001ae18c1caf0 Thread exited: 0x000001ae18c1caf0
Event: 24.229 Thread 0x000001ae18c282b0 Thread exited: 0x000001ae18c282b0
Event: 24.229 Thread 0x000001ae18c0bde0 Thread exited: 0x000001ae18c0bde0
Event: 24.229 Thread 0x000001ae18c17c30 Thread exited: 0x000001ae18c17c30
Event: 24.230 Thread 0x000001ae18c1bdd0 Thread exited: 0x000001ae18c1bdd0
Event: 24.231 Thread 0x000001ae18c254c0 Thread exited: 0x000001ae18c254c0
Event: 24.231 Thread 0x000001ae18c14e40 Thread exited: 0x000001ae18c14e40
Event: 24.232 Thread 0x000001ae18c1a390 Thread exited: 0x000001ae18c1a390
Event: 24.232 Thread 0x000001ae18c175a0 Thread exited: 0x000001ae18c175a0
Event: 24.236 Thread 0x000001ae18c2a380 Thread exited: 0x000001ae18c2a380
Event: 24.238 Thread 0x000001ae18c18950 Thread exited: 0x000001ae18c18950
Event: 24.238 Thread 0x000001ae18c24110 Thread exited: 0x000001ae18c24110
Event: 24.238 Thread 0x000001ae18c21320 Thread exited: 0x000001ae18c21320
Event: 24.238 Thread 0x000001ae18c247a0 Thread exited: 0x000001ae18c247a0
Event: 24.241 Thread 0x000001ae18c28fd0 Thread exited: 0x000001ae18c28fd0
Event: 24.242 Thread 0x000001ae18c29cf0 Thread exited: 0x000001ae18c29cf0
Event: 24.244 Thread 0x000001ae18c20c90 Thread exited: 0x000001ae18c20c90
Event: 24.248 Thread 0x000001ae18c25b50 Thread exited: 0x000001ae18c25b50


Dynamic libraries:
0x00007ff647b10000 - 0x00007ff647b20000 	C:\Program Files\Java\jdk-21\bin\java.exe
0x00007ffd4e410000 - 0x00007ffd4e608000 	C:\Windows\SYSTEM32\ntdll.dll
0x00007ffd4e300000 - 0x00007ffd4e3c2000 	C:\Windows\System32\KERNEL32.DLL
0x00007ffd4bb60000 - 0x00007ffd4be5e000 	C:\Windows\System32\KERNELBASE.dll
0x00007ffd4bf00000 - 0x00007ffd4c000000 	C:\Windows\System32\ucrtbase.dll
0x00007ffd14f10000 - 0x00007ffd14f2b000 	C:\Program Files\Java\jdk-21\bin\VCRUNTIME140.dll
0x00007ffd40430000 - 0x00007ffd40449000 	C:\Program Files\Java\jdk-21\bin\jli.dll
0x00007ffd4d1a0000 - 0x00007ffd4d251000 	C:\Windows\System32\ADVAPI32.dll
0x00007ffd4ceb0000 - 0x00007ffd4cf4e000 	C:\Windows\System32\msvcrt.dll
0x00007ffd4cf50000 - 0x00007ffd4cfef000 	C:\Windows\System32\sechost.dll
0x00007ffd4dbc0000 - 0x00007ffd4dce3000 	C:\Windows\System32\RPCRT4.dll
0x00007ffd4c000000 - 0x00007ffd4c027000 	C:\Windows\System32\bcrypt.dll
0x00007ffd4c430000 - 0x00007ffd4c5cd000 	C:\Windows\System32\USER32.dll
0x00007ffd4c250000 - 0x00007ffd4c272000 	C:\Windows\System32\win32u.dll
0x00007ffd310e0000 - 0x00007ffd3137a000 	C:\Windows\WinSxS\amd64_microsoft.windows.common-controls_6595b64144ccf1df_6.0.19041.4355_none_60b8b9eb71f62e16\COMCTL32.dll
0x00007ffd4d270000 - 0x00007ffd4d29b000 	C:\Windows\System32\GDI32.dll
0x00007ffd4c280000 - 0x00007ffd4c397000 	C:\Windows\System32\gdi32full.dll
0x00007ffd4be60000 - 0x00007ffd4befd000 	C:\Windows\System32\msvcp_win.dll
0x00007ffd3eb40000 - 0x00007ffd3eb4a000 	C:\Windows\SYSTEM32\VERSION.dll
0x00007ffd4e1b0000 - 0x00007ffd4e1df000 	C:\Windows\System32\IMM32.DLL
0x00007ffd449e0000 - 0x00007ffd449ec000 	C:\Program Files\Java\jdk-21\bin\vcruntime140_1.dll
0x00007ffd02a50000 - 0x00007ffd02ade000 	C:\Program Files\Java\jdk-21\bin\msvcp140.dll
0x00007ffcb0340000 - 0x00007ffcb1058000 	C:\Program Files\Java\jdk-21\bin\server\jvm.dll
0x00007ffd4e1e0000 - 0x00007ffd4e24b000 	C:\Windows\System32\WS2_32.dll
0x00007ffd4afb0000 - 0x00007ffd4affb000 	C:\Windows\SYSTEM32\POWRPROF.dll
0x00007ffd3c2a0000 - 0x00007ffd3c2c7000 	C:\Windows\SYSTEM32\WINMM.dll
0x00007ffd4ae70000 - 0x00007ffd4ae82000 	C:\Windows\SYSTEM32\UMPDC.dll
0x00007ffd4a290000 - 0x00007ffd4a2a2000 	C:\Windows\SYSTEM32\kernel.appcore.dll
0x00007ffd41610000 - 0x00007ffd4161a000 	C:\Program Files\Java\jdk-21\bin\jimage.dll
0x00007ffd497e0000 - 0x00007ffd499c4000 	C:\Windows\SYSTEM32\DBGHELP.DLL
0x00007ffd2ca90000 - 0x00007ffd2cac4000 	C:\Windows\SYSTEM32\dbgcore.DLL
0x00007ffd4c3a0000 - 0x00007ffd4c422000 	C:\Windows\System32\bcryptPrimitives.dll
0x00007ffd088a0000 - 0x00007ffd088bf000 	C:\Program Files\Java\jdk-21\bin\java.dll
0x00007ffd4d330000 - 0x00007ffd4da9d000 	C:\Windows\System32\SHELL32.dll
0x00007ffd499d0000 - 0x00007ffd4a174000 	C:\Windows\SYSTEM32\windows.storage.dll
0x00007ffd4dcf0000 - 0x00007ffd4e043000 	C:\Windows\System32\combase.dll
0x00007ffd4b400000 - 0x00007ffd4b42e000 	C:\Windows\SYSTEM32\Wldp.dll
0x00007ffd4e0e0000 - 0x00007ffd4e1ad000 	C:\Windows\System32\OLEAUT32.dll
0x00007ffd4ce00000 - 0x00007ffd4cead000 	C:\Windows\System32\SHCORE.dll
0x00007ffd4c5d0000 - 0x00007ffd4c625000 	C:\Windows\System32\shlwapi.dll
0x00007ffd4b9e0000 - 0x00007ffd4ba04000 	C:\Windows\SYSTEM32\profapi.dll
0x00007ffcdbe80000 - 0x00007ffcdbf57000 	C:\Program Files\Java\jdk-21\bin\jsvml.dll
0x00007ffd3ab90000 - 0x00007ffd3aba0000 	C:\Program Files\Java\jdk-21\bin\net.dll
0x00007ffd40660000 - 0x00007ffd4076d000 	C:\Windows\SYSTEM32\WINHTTP.dll
0x00007ffd4b1e0000 - 0x00007ffd4b24a000 	C:\Windows\system32\mswsock.dll
0x00007ffd06050000 - 0x00007ffd06066000 	C:\Program Files\Java\jdk-21\bin\nio.dll
0x00007ffd049f0000 - 0x00007ffd04a08000 	C:\Program Files\Java\jdk-21\bin\zip.dll
0x000001ae1c290000 - 0x000001ae1c293000 	C:\Users\zoro\.openjfx\cache\21+31\amd64\api-ms-win-core-console-l1-1-0.dll
0x000001ae1e210000 - 0x000001ae1e213000 	C:\Users\zoro\.openjfx\cache\21+31\amd64\api-ms-win-core-console-l1-2-0.dll
0x000001ae1e220000 - 0x000001ae1e223000 	C:\Users\zoro\.openjfx\cache\21+31\amd64\api-ms-win-core-datetime-l1-1-0.dll
0x000001ae1e230000 - 0x000001ae1e233000 	C:\Users\zoro\.openjfx\cache\21+31\amd64\api-ms-win-core-debug-l1-1-0.dll
0x000001ae1e240000 - 0x000001ae1e243000 	C:\Users\zoro\.openjfx\cache\21+31\amd64\api-ms-win-core-errorhandling-l1-1-0.dll
0x000001ae3d970000 - 0x000001ae3d974000 	C:\Users\zoro\.openjfx\cache\21+31\amd64\api-ms-win-core-file-l1-1-0.dll
0x000001ae3d980000 - 0x000001ae3d983000 	C:\Users\zoro\.openjfx\cache\21+31\amd64\api-ms-win-core-file-l1-2-0.dll
0x000001ae3d990000 - 0x000001ae3d993000 	C:\Users\zoro\.openjfx\cache\21+31\amd64\api-ms-win-core-file-l2-1-0.dll
0x000001ae3d9a0000 - 0x000001ae3d9a3000 	C:\Users\zoro\.openjfx\cache\21+31\amd64\api-ms-win-core-handle-l1-1-0.dll
0x000001ae3d9b0000 - 0x000001ae3d9b3000 	C:\Users\zoro\.openjfx\cache\21+31\amd64\api-ms-win-core-heap-l1-1-0.dll
0x000001ae3d9c0000 - 0x000001ae3d9c3000 	C:\Users\zoro\.openjfx\cache\21+31\amd64\api-ms-win-core-interlocked-l1-1-0.dll
0x000001ae3d9d0000 - 0x000001ae3d9d3000 	C:\Users\zoro\.openjfx\cache\21+31\amd64\api-ms-win-core-libraryloader-l1-1-0.dll
0x000001ae3d9e0000 - 0x000001ae3d9e3000 	C:\Users\zoro\.openjfx\cache\21+31\amd64\api-ms-win-core-localization-l1-2-0.dll
0x000001ae3d9f0000 - 0x000001ae3d9f3000 	C:\Users\zoro\.openjfx\cache\21+31\amd64\api-ms-win-core-memory-l1-1-0.dll
0x000001ae3da00000 - 0x000001ae3da03000 	C:\Users\zoro\.openjfx\cache\21+31\amd64\api-ms-win-core-namedpipe-l1-1-0.dll
0x000001ae3da10000 - 0x000001ae3da13000 	C:\Users\zoro\.openjfx\cache\21+31\amd64\api-ms-win-core-processenvironment-l1-1-0.dll
0x000001ae3da20000 - 0x000001ae3da23000 	C:\Users\zoro\.openjfx\cache\21+31\amd64\api-ms-win-core-processthreads-l1-1-0.dll
0x000001ae3da30000 - 0x000001ae3da33000 	C:\Users\zoro\.openjfx\cache\21+31\amd64\api-ms-win-core-processthreads-l1-1-1.dll
0x000001ae3da40000 - 0x000001ae3da43000 	C:\Users\zoro\.openjfx\cache\21+31\amd64\api-ms-win-core-profile-l1-1-0.dll
0x000001ae3da50000 - 0x000001ae3da53000 	C:\Users\zoro\.openjfx\cache\21+31\amd64\api-ms-win-core-rtlsupport-l1-1-0.dll
0x000001ae3da60000 - 0x000001ae3da63000 	C:\Users\zoro\.openjfx\cache\21+31\amd64\api-ms-win-core-string-l1-1-0.dll
0x000001ae3da70000 - 0x000001ae3da73000 	C:\Users\zoro\.openjfx\cache\21+31\amd64\api-ms-win-core-synch-l1-1-0.dll
0x000001ae3da80000 - 0x000001ae3da83000 	C:\Users\zoro\.openjfx\cache\21+31\amd64\api-ms-win-core-synch-l1-2-0.dll
0x000001ae3da90000 - 0x000001ae3da93000 	C:\Users\zoro\.openjfx\cache\21+31\amd64\api-ms-win-core-sysinfo-l1-1-0.dll
0x000001ae3daa0000 - 0x000001ae3daa3000 	C:\Users\zoro\.openjfx\cache\21+31\amd64\api-ms-win-core-timezone-l1-1-0.dll
0x000001ae3dab0000 - 0x000001ae3dab3000 	C:\Users\zoro\.openjfx\cache\21+31\amd64\api-ms-win-core-util-l1-1-0.dll
0x000001ae3dac0000 - 0x000001ae3dac3000 	C:\Users\zoro\.openjfx\cache\21+31\amd64\api-ms-win-crt-conio-l1-1-0.dll
0x000001ae3dad0000 - 0x000001ae3dad4000 	C:\Users\zoro\.openjfx\cache\21+31\amd64\api-ms-win-crt-convert-l1-1-0.dll
0x000001ae3dae0000 - 0x000001ae3dae3000 	C:\Users\zoro\.openjfx\cache\21+31\amd64\api-ms-win-crt-environment-l1-1-0.dll
0x000001ae3daf0000 - 0x000001ae3daf3000 	C:\Users\zoro\.openjfx\cache\21+31\amd64\api-ms-win-crt-filesystem-l1-1-0.dll
0x000001ae3db00000 - 0x000001ae3db03000 	C:\Users\zoro\.openjfx\cache\21+31\amd64\api-ms-win-crt-heap-l1-1-0.dll
0x000001ae3db10000 - 0x000001ae3db13000 	C:\Users\zoro\.openjfx\cache\21+31\amd64\api-ms-win-crt-locale-l1-1-0.dll
0x000001ae3db20000 - 0x000001ae3db25000 	C:\Users\zoro\.openjfx\cache\21+31\amd64\api-ms-win-crt-math-l1-1-0.dll
0x000001ae3db30000 - 0x000001ae3db35000 	C:\Users\zoro\.openjfx\cache\21+31\amd64\api-ms-win-crt-multibyte-l1-1-0.dll
0x000001ae3db40000 - 0x000001ae3db50000 	C:\Users\zoro\.openjfx\cache\21+31\amd64\api-ms-win-crt-private-l1-1-0.dll
0x000001ae3db50000 - 0x000001ae3db53000 	C:\Users\zoro\.openjfx\cache\21+31\amd64\api-ms-win-crt-process-l1-1-0.dll
0x000001ae3db60000 - 0x000001ae3db64000 	C:\Users\zoro\.openjfx\cache\21+31\amd64\api-ms-win-crt-runtime-l1-1-0.dll
0x000001ae3db70000 - 0x000001ae3db74000 	C:\Users\zoro\.openjfx\cache\21+31\amd64\api-ms-win-crt-stdio-l1-1-0.dll
0x000001ae3db80000 - 0x000001ae3db84000 	C:\Users\zoro\.openjfx\cache\21+31\amd64\api-ms-win-crt-string-l1-1-0.dll
0x000001ae3db90000 - 0x000001ae3db93000 	C:\Users\zoro\.openjfx\cache\21+31\amd64\api-ms-win-crt-time-l1-1-0.dll
0x000001ae3dba0000 - 0x000001ae3dba3000 	C:\Users\zoro\.openjfx\cache\21+31\amd64\api-ms-win-crt-utility-l1-1-0.dll
0x00007ffceccc0000 - 0x00007ffcecdbc000 	C:\Users\zoro\.openjfx\cache\21+31\amd64\ucrtbase.dll
0x00007ffd44a10000 - 0x00007ffd44a2b000 	C:\Users\zoro\.openjfx\cache\21+31\amd64\vcruntime140.dll
0x00007ffd449f0000 - 0x00007ffd449fc000 	C:\Users\zoro\.openjfx\cache\21+31\amd64\vcruntime140_1.dll
0x00007ffceb200000 - 0x00007ffceb28e000 	C:\Users\zoro\.openjfx\cache\21+31\amd64\msvcp140.dll
0x00007ffd4c860000 - 0x00007ffd4c98b000 	C:\Windows\System32\ole32.dll
0x00007ffd417c0000 - 0x00007ffd417c9000 	C:\Users\zoro\.openjfx\cache\21+31\amd64\msvcp140_1.dll
0x00007ffd02a20000 - 0x00007ffd02a4f000 	C:\Users\zoro\.openjfx\cache\21+31\amd64\msvcp140_2.dll
0x00007ffd025c0000 - 0x00007ffd025ef000 	C:\Users\zoro\.openjfx\cache\21+31\amd64\prism_d3d.dll
0x00007ffd12980000 - 0x00007ffd12b51000 	C:\Windows\system32\d3d9.dll
0x00007ffd49240000 - 0x00007ffd4926f000 	C:\Windows\SYSTEM32\dwmapi.dll
0x00007ffd45790000 - 0x00007ffd4582e000 	C:\Windows\system32\uxtheme.dll
0x00007ffd3cfb0000 - 0x00007ffd3d071000 	C:\Windows\System32\DriverStore\FileRepository\nvbl.inf_amd64_bb28b4bb5c7c0290\nvldumdx.dll
0x00007ffd4b670000 - 0x00007ffd4b682000 	C:\Windows\SYSTEM32\msasn1.dll
0x00007ffd3eb00000 - 0x00007ffd3eb31000 	C:\Windows\SYSTEM32\cryptnet.dll
0x00007ffd4c0a0000 - 0x00007ffd4c1fc000 	C:\Windows\System32\CRYPT32.dll
0x00007ffd4b370000 - 0x00007ffd4b37c000 	C:\Windows\SYSTEM32\cryptbase.dll
0x00007ffd3e9b0000 - 0x00007ffd3eaf7000 	C:\Windows\SYSTEM32\drvstore.dll
0x00007ffd4b840000 - 0x00007ffd4b873000 	C:\Windows\SYSTEM32\devobj.dll
0x00007ffd4c200000 - 0x00007ffd4c24e000 	C:\Windows\System32\cfgmgr32.dll
0x00007ffd4c030000 - 0x00007ffd4c099000 	C:\Windows\System32\wintrust.dll
0x00007ffd4c840000 - 0x00007ffd4c85d000 	C:\Windows\System32\imagehlp.dll
0x00007ffd4b440000 - 0x00007ffd4b458000 	C:\Windows\SYSTEM32\CRYPTSP.dll
0x00007ffd4aab0000 - 0x00007ffd4aae4000 	C:\Windows\system32\rsaenh.dll
0x00007ffd38410000 - 0x00007ffd3a23f000 	C:\Windows\System32\DriverStore\FileRepository\nvbl.inf_amd64_bb28b4bb5c7c0290\nvgpucomp64.dll
0x00007ffd0f280000 - 0x00007ffd112c3000 	C:\Windows\System32\DriverStore\FileRepository\nvbl.inf_amd64_bb28b4bb5c7c0290\nvd3dumx.dll
0x00007ffcfbba0000 - 0x00007ffcfbbe2000 	C:\Users\zoro\.openjfx\cache\21+31\amd64\glass.dll
0x00007ffd4c760000 - 0x00007ffd4c83a000 	C:\Windows\System32\COMDLG32.dll
0x00007ffd4daa0000 - 0x00007ffd4dbb5000 	C:\Windows\System32\MSCTF.dll
0x00007ffd448a0000 - 0x00007ffd448db000 	C:\Windows\SYSTEM32\dxcore.dll
0x00007ffd44a00000 - 0x00007ffd44a10000 	C:\Program Files\Java\jdk-21\bin\verify.dll
0x00007ffd45530000 - 0x00007ffd4553e000 	C:\Program Files\Java\jdk-21\bin\sunmscapi.dll
0x00007ffd4b550000 - 0x00007ffd4b577000 	C:\Windows\SYSTEM32\ncrypt.dll
0x00007ffd4b510000 - 0x00007ffd4b54b000 	C:\Windows\SYSTEM32\NTASN1.dll
0x00007ffd4b9a0000 - 0x00007ffd4b9ce000 	C:\Windows\SYSTEM32\USERENV.dll
0x00007ffd4ae90000 - 0x00007ffd4aecb000 	C:\Windows\SYSTEM32\IPHLPAPI.DLL
0x00007ffd4d260000 - 0x00007ffd4d268000 	C:\Windows\System32\NSI.dll
0x00007ffd04d30000 - 0x00007ffd04d44000 	C:\Users\zoro\.openjfx\cache\21+31\amd64\javafx_font.dll
0x00007ffd1c440000 - 0x00007ffd1c6bf000 	C:\Windows\SYSTEM32\dwrite.dll
0x00007ffd4e250000 - 0x00007ffd4e2f9000 	C:\Windows\System32\clbcatq.dll
0x00007ffd45540000 - 0x00007ffd456f4000 	C:\Windows\SYSTEM32\WindowsCodecs.dll

dbghelp: loaded successfully - version: 4.0.5 - missing functions: none
symbol engine: initialized successfully - sym options: 0x614 - pdb path: .;C:\Program Files\Java\jdk-21\bin;C:\Windows\SYSTEM32;C:\Windows\WinSxS\amd64_microsoft.windows.common-controls_6595b64144ccf1df_6.0.19041.4355_none_60b8b9eb71f62e16;C:\Program Files\Java\jdk-21\bin\server;C:\Users\zoro\.openjfx\cache\21+31\amd64;C:\Windows\System32\DriverStore\FileRepository\nvbl.inf_amd64_bb28b4bb5c7c0290;C:\Program Files\Common Files\Microsoft Shared\Ink

VM Arguments:
jvm_args: --module-path=C:\Users\zoro\Downloads\Compressed\here\TrainSchedules\frontEnd\target\classes;C:\Users\zoro\.m2\repository\com\fasterxml\jackson\core\jackson-annotations\2.15.3\jackson-annotations-2.15.3.jar;C:\Users\zoro\.m2\repository\com\fasterxml\jackson\core\jackson-core\2.15.3\jackson-core-2.15.3.jar;C:\Users\zoro\.m2\repository\com\fasterxml\jackson\core\jackson-databind\2.15.3\jackson-databind-2.15.3.jar;C:\Users\zoro\.m2\repository\de\jensd\fontawesomefx-commons\9.1.2\fontawesomefx-commons-9.1.2.jar;C:\Users\zoro\.m2\repository\de\jensd\fontawesomefx-fontawesome\4.7.0-9.1.2\fontawesomefx-fontawesome-4.7.0-9.1.2.jar;C:\Users\zoro\.m2\repository\org\apache\httpcomponents\client5\httpclient5\5.3\httpclient5-5.3.jar;C:\Users\zoro\.m2\repository\org\apache\httpcomponents\core5\httpcore5\5.2.4\httpcore5-5.2.4.jar;C:\Users\zoro\.m2\repository\org\apache\kafka\kafka-clients\3.9.0\kafka-clients-3.9.0.jar;C:\Users\zoro\.m2\repository\org\json\json\20240303\json-20240303.jar;C:\Users\zoro\.m2\repository\org\openjfx\javafx-base\21\javafx-base-21-win.jar;C:\Users\zoro\.m2\repository\org\openjfx\javafx-controls\21\javafx-controls-21-win.jar;C:\Users\zoro\.m2\repository\org\openjfx\javafx-fxml\21\javafx-fxml-21-win.jar;C:\Users\zoro\.m2\repository\org\openjfx\javafx-graphics\21\javafx-graphics-21-win.jar;C:\Users\zoro\.m2\repository\org\slf4j\slf4j-api\1.7.36\slf4j-api-1.7.36.jar --add-modules=com.mouad.frontend -Djdk.module.main=com.mouad.frontend 
java_command: com.mouad.frontend/com.mouad.frontend.App
java_class_path (initial): C:\Users\zoro\.m2\repository\com\fasterxml\jackson\datatype\jackson-datatype-jsr310\2.15.3\jackson-datatype-jsr310-2.15.3.jar;C:\Users\zoro\.m2\repository\com\github\luben\zstd-jni\1.5.6-4\zstd-jni-1.5.6-4.jar;C:\Users\zoro\.m2\repository\org\apache\httpcomponents\core5\httpcore5-h2\5.2.4\httpcore5-h2-5.2.4.jar;C:\Users\zoro\.m2\repository\org\lz4\lz4-java\1.8.0\lz4-java-1.8.0.jar;C:\Users\zoro\.m2\repository\org\openjfx\javafx-base\21\javafx-base-21.jar;C:\Users\zoro\.m2\repository\org\openjfx\javafx-controls\21\javafx-controls-21.jar;C:\Users\zoro\.m2\repository\org\openjfx\javafx-fxml\21\javafx-fxml-21.jar;C:\Users\zoro\.m2\repository\org\openjfx\javafx-graphics\21\javafx-graphics-21.jar;C:\Users\zoro\.m2\repository\org\openjfx\javafx-media\21\javafx-media-21-win.jar;C:\Users\zoro\.m2\repository\org\openjfx\javafx-media\21\javafx-media-21.jar;C:\Users\zoro\.m2\repository\org\openjfx\javafx-web\21\javafx-web-21-win.jar;C:\Users\zoro\.m2\repository\org\slf4j\slf4j-simple\2.0.9\slf4j-simple-2.0.9.jar;C:\Users\zoro\.m2\repository\org\xerial\snappy\snappy-java\1.1.10.5\snappy-java-1.1.10.5.jar
Launcher Type: SUN_STANDARD

[Global flags]
     intx CICompilerCount                          = 4                                         {product} {ergonomic}
     uint ConcGCThreads                            = 2                                         {product} {ergonomic}
     uint G1ConcRefinementThreads                  = 8                                         {product} {ergonomic}
   size_t G1HeapRegionSize                         = 2097152                                   {product} {ergonomic}
    uintx GCDrainStackTargetSize                   = 64                                        {product} {ergonomic}
   size_t InitialHeapSize                          = 268435456                                 {product} {ergonomic}
   size_t MarkStackSize                            = 4194304                                   {product} {ergonomic}
   size_t MaxHeapSize                              = 4273995776                                {product} {ergonomic}
   size_t MaxNewSize                               = 2562719744                                {product} {ergonomic}
   size_t MinHeapDeltaBytes                        = 2097152                                   {product} {ergonomic}
   size_t MinHeapSize                              = 8388608                                   {product} {ergonomic}
    uintx NonNMethodCodeHeapSize                   = 5839372                                {pd product} {ergonomic}
    uintx NonProfiledCodeHeapSize                  = 122909434                              {pd product} {ergonomic}
    uintx ProfiledCodeHeapSize                     = 122909434                              {pd product} {ergonomic}
    uintx ReservedCodeCacheSize                    = 251658240                              {pd product} {ergonomic}
     bool SegmentedCodeCache                       = true                                      {product} {ergonomic}
   size_t SoftMaxHeapSize                          = 4273995776                             {manageable} {ergonomic}
     bool UseCompressedOops                        = true                           {product lp64_product} {ergonomic}
     bool UseG1GC                                  = true                                      {product} {ergonomic}
     bool UseLargePagesIndividualAllocation        = false                                  {pd product} {ergonomic}

Logging:
Log output configuration:
 #0: stdout all=warning uptime,level,tags foldmultilines=false
 #1: stderr all=off uptime,level,tags foldmultilines=false

Environment Variables:
JAVA_HOME=C:\Program Files\Java\jdk-21
PATH=C:\Windows\System32;C:\Program Files\Docker\Docker\resources\bin;C:\Users\zoro\AppData\Local\Programs\Python\Launcher\;C:\Program Files\MySQL\MySQL Shell 8.0\bin\;C:\Users\zoro\AppData\Local\Microsoft\WindowsApps;C:\Users\zoro\AppData\Local\GitHubDesktop\bin;C:\Users\zoro\AppData\Local\Programs\Microsoft VS Code\bin;C:\hadoop\bin;C:\spark\spark-3.5.3-bin-hadoop3\bin;C:\hadoop\bin;C:\Program Files\Java\jdk-21\bin;C:\apache-maven-3.9.9\bin;C:\Windows\System32\WindowsPowerShell\v1.0\;C:\Windows\System32\OpenSSH;C:\Users\zoro\AppData\Local\Programs\Python\Python313;C:\Users\zoro\AppData\Local\Programs\Python\Python313\Scripts;C:\kafka\bin\windows;C:\Users\zoro\AppData\Local\Programs\Windsurf\bin
USERNAME=zoro
LANG=en_US.UTF-8
OS=Windows_NT
PROCESSOR_IDENTIFIER=Intel64 Family 6 Model 94 Stepping 3, GenuineIntel
TMP=C:\Users\zoro\AppData\Local\Temp
TEMP=C:\Users\zoro\AppData\Local\Temp




Periodic native trim disabled

---------------  S Y S T E M  ---------------

OS:
 Windows 10 , 64 bit Build 19041 (10.0.19041.5198)
OS uptime: 2 days 1:04 hours
Hyper-V role detected

CPU: total 8 (initial active 8) (4 cores per cpu, 2 threads per core) family 6 model 94 stepping 3 microcode 0xf0, cx8, cmov, fxsr, ht, mmx, 3dnowpref, sse, sse2, sse3, ssse3, sse4.1, sse4.2, popcnt, lzcnt, tsc, tscinvbit, avx, avx2, aes, erms, clmul, bmi1, bmi2, rtm, adx, fma, vzeroupper, clflush, clflushopt, hv, rdtscp, f16c
Processor Information for all 8 processors :
  Max Mhz: 2712, Current Mhz: 2712, Mhz Limit: 2712

Memory: 4k page, system-wide physical 16299M (345M free)
TotalPageFile size 51764M (AvailPageFile size 11M)
current process WorkingSet (physical memory assigned to process): 97M, peak: 429M
current process commit charge ("private bytes"): 518M, peak: 669M

vm_info: Java HotSpot(TM) 64-Bit Server VM (21.0.5+9-LTS-239) for windows-amd64 JRE (21.0.5+9-LTS-239), built on 2024-09-30T05:17:38Z by "mach5one" with MS VC++ 17.6 (VS2022)

END.
